0 info it worked if it ends with ok
1 verbose cli [ 'C:\\Program Files\\nodejs\\\\node.exe',
1 verbose cli   'C:\\Program Files\\nodejs\\node_modules\\npm\\bin\\npm-cli.js',
1 verbose cli   'install' ]
2 info using npm@1.2.10
3 info using node@v0.8.19
4 verbose node symlink C:\Program Files\nodejs\\node.exe
5 verbose read json F:\repos\github\bfair\package.json
6 verbose readDependencies using package.json deps
7 verbose install where, deps [ 'F:\\repos\\github\\bfair',
7 verbose install   [ 'express',
7 verbose install     'stylus',
7 verbose install     'jade',
7 verbose install     'express.io',
7 verbose install     'passport',
7 verbose install     'passport-local',
7 verbose install     'connect-flash',
7 verbose install     'mongoose',
7 verbose install     'yaml-config',
7 verbose install     'underscore',
7 verbose install     'connect-mongo',
7 verbose install     'crypto',
7 verbose install     'winston',
7 verbose install     'winston-mongodb',
7 verbose install     'mongodb',
7 verbose install     'express-validator',
7 verbose install     'stream',
7 verbose install     'async',
7 verbose install     'csv',
7 verbose install     'betfair-sports-api',
7 verbose install     'expect.js',
7 verbose install     'mocha',
7 verbose install     'superagent',
7 verbose install     'nodemailer',
7 verbose install     'betfair',
7 verbose install     'mongoose-unique-validator',
7 verbose install     'bunyan',
7 verbose install     'node-uuid',
7 verbose install     'cookie',
7 verbose install     'amqp',
7 verbose install     'amqplib',
7 verbose install     'node-time' ] ]
8 verbose from cache F:\repos\github\bfair\package.json
9 info preinstall bfair@0.0.2
10 verbose read json F:\repos\github\bfair\node_modules\amqp\package.json
11 verbose read json F:\repos\github\bfair\node_modules\amqplib\package.json
12 verbose read json F:\repos\github\bfair\node_modules\assert\package.json
13 verbose read json F:\repos\github\bfair\node_modules\async\package.json
14 verbose read json F:\repos\github\bfair\node_modules\betfair\package.json
15 verbose read json F:\repos\github\bfair\node_modules\betfair-sports-api\package.json
16 verbose read json F:\repos\github\bfair\node_modules\bunyan\package.json
17 verbose read json F:\repos\github\bfair\node_modules\connect-flash\package.json
18 verbose read json F:\repos\github\bfair\node_modules\connect-mongo\package.json
19 verbose read json F:\repos\github\bfair\node_modules\cookie\package.json
20 verbose read json F:\repos\github\bfair\node_modules\crypto\package.json
21 verbose read json F:\repos\github\bfair\node_modules\csv\package.json
22 verbose read json F:\repos\github\bfair\node_modules\d3\package.json
23 verbose read json F:\repos\github\bfair\node_modules\expect.js\package.json
24 verbose read json F:\repos\github\bfair\node_modules\express\package.json
25 verbose read json F:\repos\github\bfair\node_modules\express-validator\package.json
26 verbose read json F:\repos\github\bfair\node_modules\express.io\package.json
27 verbose read json F:\repos\github\bfair\node_modules\jade\package.json
28 verbose read json F:\repos\github\bfair\node_modules\mocha\package.json
29 verbose read json F:\repos\github\bfair\node_modules\mongodb\package.json
30 verbose read json F:\repos\github\bfair\node_modules\mongoose\package.json
31 verbose read json F:\repos\github\bfair\node_modules\mongoose-unique-validator\package.json
32 verbose read json F:\repos\github\bfair\node_modules\node-linq\package.json
33 verbose read json F:\repos\github\bfair\node_modules\node-uuid\package.json
34 verbose read json F:\repos\github\bfair\node_modules\nodemailer\package.json
35 verbose read json F:\repos\github\bfair\node_modules\passport\package.json
36 verbose read json F:\repos\github\bfair\node_modules\passport-local\package.json
37 verbose read json F:\repos\github\bfair\node_modules\should\package.json
38 verbose read json F:\repos\github\bfair\node_modules\stream\package.json
39 verbose read json F:\repos\github\bfair\node_modules\stylus\package.json
40 verbose read json F:\repos\github\bfair\node_modules\superagent\package.json
41 verbose read json F:\repos\github\bfair\node_modules\underscore\package.json
42 verbose read json F:\repos\github\bfair\node_modules\winston\package.json
43 verbose read json F:\repos\github\bfair\node_modules\winston-mongodb\package.json
44 verbose read json F:\repos\github\bfair\node_modules\winstond\package.json
45 verbose read json F:\repos\github\bfair\node_modules\worker-farm\package.json
46 verbose read json F:\repos\github\bfair\node_modules\yaml-config\package.json
47 verbose from cache F:\repos\github\bfair\package.json
48 verbose readDependencies using package.json deps
49 verbose from cache F:\repos\github\bfair\node_modules\amqp\package.json
50 verbose from cache F:\repos\github\bfair\node_modules\amqplib\package.json
51 verbose from cache F:\repos\github\bfair\node_modules\assert\package.json
52 verbose from cache F:\repos\github\bfair\node_modules\async\package.json
53 verbose from cache F:\repos\github\bfair\node_modules\betfair\package.json
54 verbose from cache F:\repos\github\bfair\node_modules\betfair-sports-api\package.json
55 verbose from cache F:\repos\github\bfair\node_modules\bunyan\package.json
56 verbose from cache F:\repos\github\bfair\node_modules\connect-flash\package.json
57 verbose from cache F:\repos\github\bfair\node_modules\connect-mongo\package.json
58 verbose from cache F:\repos\github\bfair\node_modules\cookie\package.json
59 verbose from cache F:\repos\github\bfair\node_modules\crypto\package.json
60 verbose from cache F:\repos\github\bfair\node_modules\csv\package.json
61 verbose read json F:\repos\github\bfair\node_modules\d3\package.json
62 verbose from cache F:\repos\github\bfair\node_modules\expect.js\package.json
63 verbose from cache F:\repos\github\bfair\node_modules\express\package.json
64 verbose from cache F:\repos\github\bfair\node_modules\express-validator\package.json
65 verbose from cache F:\repos\github\bfair\node_modules\express.io\package.json
66 verbose from cache F:\repos\github\bfair\node_modules\jade\package.json
67 verbose from cache F:\repos\github\bfair\node_modules\mocha\package.json
68 verbose from cache F:\repos\github\bfair\node_modules\mongodb\package.json
69 verbose from cache F:\repos\github\bfair\node_modules\mongoose\package.json
70 verbose from cache F:\repos\github\bfair\node_modules\mongoose-unique-validator\package.json
71 verbose from cache F:\repos\github\bfair\node_modules\node-linq\package.json
72 verbose from cache F:\repos\github\bfair\node_modules\node-uuid\package.json
73 verbose from cache F:\repos\github\bfair\node_modules\nodemailer\package.json
74 verbose from cache F:\repos\github\bfair\node_modules\passport\package.json
75 verbose from cache F:\repos\github\bfair\node_modules\passport-local\package.json
76 verbose from cache F:\repos\github\bfair\node_modules\should\package.json
77 verbose from cache F:\repos\github\bfair\node_modules\stream\package.json
78 verbose from cache F:\repos\github\bfair\node_modules\stylus\package.json
79 verbose from cache F:\repos\github\bfair\node_modules\superagent\package.json
80 verbose from cache F:\repos\github\bfair\node_modules\underscore\package.json
81 verbose from cache F:\repos\github\bfair\node_modules\winston\package.json
82 verbose from cache F:\repos\github\bfair\node_modules\winston-mongodb\package.json
83 verbose from cache F:\repos\github\bfair\node_modules\winstond\package.json
84 verbose from cache F:\repos\github\bfair\node_modules\worker-farm\package.json
85 verbose from cache F:\repos\github\bfair\node_modules\yaml-config\package.json
86 verbose already installed skipping express@>= 3.0.0 F:\repos\github\bfair
87 verbose already installed skipping stylus@>= 0.0.1 F:\repos\github\bfair
88 verbose already installed skipping jade@>= 0.0.1 F:\repos\github\bfair
89 verbose already installed skipping express.io@* F:\repos\github\bfair
90 verbose already installed skipping passport@* F:\repos\github\bfair
91 verbose already installed skipping passport-local@* F:\repos\github\bfair
92 verbose already installed skipping connect-flash@* F:\repos\github\bfair
93 verbose already installed skipping async@* F:\repos\github\bfair
94 verbose already installed skipping mongoose@* F:\repos\github\bfair
95 verbose already installed skipping csv@* F:\repos\github\bfair
96 verbose already installed skipping yaml-config@* F:\repos\github\bfair
97 verbose already installed skipping betfair-sports-api@* F:\repos\github\bfair
98 verbose already installed skipping underscore@* F:\repos\github\bfair
99 verbose already installed skipping expect.js@* F:\repos\github\bfair
100 verbose cache add [ 'connect-mongo@latest', null ]
101 verbose cache add name=undefined spec="connect-mongo@latest" args=["connect-mongo@latest",null]
102 verbose parsed url { pathname: 'connect-mongo@latest',
102 verbose parsed url   path: 'connect-mongo@latest',
102 verbose parsed url   href: 'connect-mongo@latest' }
103 verbose cache add name="connect-mongo" spec="latest" args=["connect-mongo","latest"]
104 verbose parsed url { pathname: 'latest', path: 'latest', href: 'latest' }
105 verbose addNamed [ 'connect-mongo', 'latest' ]
106 verbose addNamed [ null, null ]
107 verbose already installed skipping mocha@* F:\repos\github\bfair
108 verbose already installed skipping crypto@* F:\repos\github\bfair
109 verbose already installed skipping superagent@* F:\repos\github\bfair
110 verbose already installed skipping winston@* F:\repos\github\bfair
111 verbose already installed skipping winston-mongodb@* F:\repos\github\bfair
112 verbose already installed skipping mongodb@* F:\repos\github\bfair
113 verbose already installed skipping express-validator@* F:\repos\github\bfair
114 verbose already installed skipping stream@* F:\repos\github\bfair
115 silly lockFile 02f15c80-connect-mongo-latest connect-mongo@latest
116 verbose lock connect-mongo@latest C:\Users\kern\AppData\Roaming\npm-cache\02f15c80-connect-mongo-latest.lock
117 info addNameTag [ 'connect-mongo', 'latest' ]
118 verbose url raw connect-mongo
119 verbose url resolving [ 'https://registry.npmjs.org/', './connect-mongo' ]
120 verbose url resolved https://registry.npmjs.org/connect-mongo
121 info trying registry request attempt 1 at 13:12:40
122 verbose etag "69H7FMIPGIR37FL0EU12INBFZ"
123 http GET https://registry.npmjs.org/connect-mongo
124 verbose already installed skipping nodemailer@* F:\repos\github\bfair
125 verbose already installed skipping betfair@* F:\repos\github\bfair
126 verbose already installed skipping mongoose-unique-validator@* F:\repos\github\bfair
127 verbose already installed skipping bunyan@* F:\repos\github\bfair
128 verbose already installed skipping node-uuid@* F:\repos\github\bfair
129 verbose already installed skipping cookie@* F:\repos\github\bfair
130 verbose already installed skipping amqp@* F:\repos\github\bfair
131 verbose already installed skipping amqplib@* F:\repos\github\bfair
132 verbose cache add [ 'node-time@*', null ]
133 verbose cache add name=undefined spec="node-time@*" args=["node-time@*",null]
134 verbose parsed url { pathname: 'node-time@*',
134 verbose parsed url   path: 'node-time@*',
134 verbose parsed url   href: 'node-time@*' }
135 verbose cache add name="node-time" spec="*" args=["node-time","*"]
136 verbose parsed url { pathname: '*', path: '*', href: '*' }
137 verbose addNamed [ 'node-time', '*' ]
138 verbose addNamed [ null, '' ]
139 silly lockFile 43f1963b-node-time node-time@*
140 verbose lock node-time@* C:\Users\kern\AppData\Roaming\npm-cache\43f1963b-node-time.lock
141 silly addNameRange { name: 'node-time', range: '', hasData: false }
142 verbose url raw node-time
143 verbose url resolving [ 'https://registry.npmjs.org/', './node-time' ]
144 verbose url resolved https://registry.npmjs.org/node-time
145 info trying registry request attempt 1 at 13:12:40
146 http GET https://registry.npmjs.org/node-time
147 http 304 https://registry.npmjs.org/connect-mongo
148 silly registry.get cb [ 304,
148 silly registry.get   { server: 'CouchDB/1.3.1 (Erlang OTP/R15B03)',
148 silly registry.get     etag: '"69H7FMIPGIR37FL0EU12INBFZ"',
148 silly registry.get     date: 'Wed, 20 Nov 2013 12:10:52 GMT',
148 silly registry.get     'content-length': '0' } ]
149 verbose etag connect-mongo from cache
150 http 404 https://registry.npmjs.org/node-time
151 silly registry.get cb [ 404,
151 silly registry.get   { server: 'CouchDB/1.5.0 (Erlang OTP/R15B03)',
151 silly registry.get     date: 'Wed, 20 Nov 2013 12:10:52 GMT',
151 silly registry.get     'content-type': 'application/json',
151 silly registry.get     'content-length': '52',
151 silly registry.get     'cache-control': 'must-revalidate' } ]
152 silly lockFile 43f1963b-node-time node-time@*
153 silly lockFile 43f1963b-node-time node-time@*
154 error 404 'node-time' is not in the npm registry.
154 error 404 You should bug the author to publish it
154 error 404
154 error 404 Maybe try 'npm search time'
154 error 404
154 error 404 Note that you can also install from a
154 error 404 tarball, folder, or http url, or git url.
155 error System Windows_NT 6.1.7601
156 error command "C:\\Program Files\\nodejs\\\\node.exe" "C:\\Program Files\\nodejs\\node_modules\\npm\\bin\\npm-cli.js" "install"
157 error cwd F:\repos\github\bfair
158 error node -v v0.8.19
159 error npm -v 1.2.10
160 error code E404
161 verbose exit [ 1, true ]
