2014-02-17T15:38:18.053Z - crit: <server> System logging to F:\repos\github\bfair\logs\bfair_20140217-1638.log
2014-02-17T15:38:18.942Z - crit: <pingresults> <start> Time: 2014-02-17 15:38:18
2014-02-17T15:38:18.455Z - crit: <session> <getSession> New Session Instance, Active App Key = 2ku5TzXl34zUU1Qz
2014-02-17T15:38:19.008Z - crit: <server> Express app started on port 3000
2014-02-17T15:38:19.511Z - crit: <betfair_auth> <interactiveLogin> sessionKey = JJWN40BOm92S/Ghtp3GIrELOflyjGeiuDEsw4vfRzOc=
2014-02-17T15:38:27.116Z - crit: <pingprices> <ping> Minimum interval changed to 30ms
2014-02-17T15:38:47.031Z - crit: <marketfactory> <remove> MID = 1.112882184 (1/0)
2014-02-17T15:38:47.032Z - crit: <marketfactory> <remove> MID = 1.112882185 (1/0)
2014-02-17T15:38:47.032Z - error: <batch> <increaseBatchCt> Exceeding batch limit of 10
2014-02-17T15:38:47.057Z - crit: <pingprices> <ping> Minimum interval changed to 27ms
2014-02-17T15:38:56.869Z - crit: <marketfactory> <remove> MID = 1.112883023 (1/0)
2014-02-17T15:39:06.850Z - crit: <marketfactory> <remove> MID = 1.112883022 (1/0)
2014-02-17T15:39:16.855Z - crit: <marketfactory> <remove> MID = 1.112882184 (1/0)
2014-02-17T15:39:16.855Z - crit: <marketfactory> <remove> MID = 1.112882185 (1/0)
2014-02-17T15:44:32.251Z - crit: <priceobserver> <updateStatus> marketstatuses[mid].status = OPEN, book.status = SUSPENDED
2014-02-17T15:44:32.252Z - crit: <priceobserver> <updateStatus> marketstatuses[mid].status = OPEN, book.status = SUSPENDED
2014-02-17T15:44:32.252Z - crit: <PriceObserver.prototype.synchronize> 2 suspended Markets
2014-02-17T15:44:32.252Z - crit: <apicontroller> <on: marketSuspension> Market Passivation (1.112881779)
2014-02-17T15:44:32.253Z - crit: <apicontroller> <on: marketSuspension> Market Passivation (1.112881780)
2014-02-17T15:44:32.404Z - crit: <reporting> <addMarketToResults> orderct = 0
2014-02-17T15:44:32.405Z - crit: <reporting> <addMarketToResults> orderct = 17
2014-02-17T15:44:32.521Z - crit: <db_results> <add> MID = 1.112881780
2014-02-17T15:44:36.815Z - crit: <db_results> <getList> List : {"name":"Wolv 17th Feb","type":"To Be Placed","marketId":"1.112881780","suspensionTime":"2014-02-17T15:44:32.405Z","orderCount":17,"winners":"","profit":null,"_id":"53022e60d72b6fc826000002","__v":0,"runners":[{"potWin":1,"potLoss":0,"name":"I Confess","sid":"2411303","_id":"53022e60d72b6fc826000009"},{"potWin":-18.7,"potLoss":8,"name":"Honey Of A Kitten","sid":"4858098","_id":"53022e60d72b6fc826000008"},{"potWin":-3.68,"potLoss":2,"name":"Arabian Heights","sid":"5548020","_id":"53022e60d72b6fc826000007"},{"potWin":-1.78,"potLoss":2,"name":"Attain","sid":"6105844","_id":"53022e60d72b6fc826000006"},{"potWin":27,"potLoss":-2,"name":"Rainford Glory","sid":"6858952","_id":"53022e60d72b6fc826000005"},{"potWin":-4.3,"potLoss":2,"name":"Colour My World","sid":"6919675","_id":"53022e60d72b6fc826000004"},{"potWin":-0.9,"potLoss":2,"name":"Kindlelight Storm","sid":"7534086","_id":"53022e60d72b6fc826000003"}]}
2014-02-17T15:44:36.815Z - error: <server> <uncaught exception> {}
2014-02-17T15:44:46.791Z - crit: <db_results> <getList> List : {"name":"Wolv 17th Feb","type":"To Be Placed","marketId":"1.112881780","suspensionTime":"2014-02-17T15:44:32.405Z","orderCount":17,"winners":"","profit":null,"_id":"53022e60d72b6fc826000002","__v":0,"runners":[{"potWin":1,"potLoss":0,"name":"I Confess","sid":"2411303","_id":"53022e60d72b6fc826000009"},{"potWin":-18.7,"potLoss":8,"name":"Honey Of A Kitten","sid":"4858098","_id":"53022e60d72b6fc826000008"},{"potWin":-3.68,"potLoss":2,"name":"Arabian Heights","sid":"5548020","_id":"53022e60d72b6fc826000007"},{"potWin":-1.78,"potLoss":2,"name":"Attain","sid":"6105844","_id":"53022e60d72b6fc826000006"},{"potWin":27,"potLoss":-2,"name":"Rainford Glory","sid":"6858952","_id":"53022e60d72b6fc826000005"},{"potWin":-4.3,"potLoss":2,"name":"Colour My World","sid":"6919675","_id":"53022e60d72b6fc826000004"},{"potWin":-0.9,"potLoss":2,"name":"Kindlelight Storm","sid":"7534086","_id":"53022e60d72b6fc826000003"}]}
2014-02-17T15:44:46.792Z - error: <server> <uncaught exception> {}
2014-02-17T15:44:56.784Z - crit: <db_results> <getList> List : {"name":"Wolv 17th Feb","type":"To Be Placed","marketId":"1.112881780","suspensionTime":"2014-02-17T15:44:32.405Z","orderCount":17,"winners":"","profit":null,"_id":"53022e60d72b6fc826000002","__v":0,"runners":[{"potWin":1,"potLoss":0,"name":"I Confess","sid":"2411303","_id":"53022e60d72b6fc826000009"},{"potWin":-18.7,"potLoss":8,"name":"Honey Of A Kitten","sid":"4858098","_id":"53022e60d72b6fc826000008"},{"potWin":-3.68,"potLoss":2,"name":"Arabian Heights","sid":"5548020","_id":"53022e60d72b6fc826000007"},{"potWin":-1.78,"potLoss":2,"name":"Attain","sid":"6105844","_id":"53022e60d72b6fc826000006"},{"potWin":27,"potLoss":-2,"name":"Rainford Glory","sid":"6858952","_id":"53022e60d72b6fc826000005"},{"potWin":-4.3,"potLoss":2,"name":"Colour My World","sid":"6919675","_id":"53022e60d72b6fc826000004"},{"potWin":-0.9,"potLoss":2,"name":"Kindlelight Storm","sid":"7534086","_id":"53022e60d72b6fc826000003"}]}
2014-02-17T15:44:56.785Z - error: <server> <uncaught exception> {}
