2014-02-17T16:06:22.851Z - crit: <server> System logging to F:\repos\github\bfair\logs\bfair_20140217-1706.log
2014-02-17T16:06:23.721Z - crit: <pingresults> <start> Time: 2014-02-17 16:06:23
2014-02-17T16:06:23.246Z - crit: <session> <getSession> New Session Instance, Active App Key = 2ku5TzXl34zUU1Qz
2014-02-17T16:06:23.785Z - crit: <server> Express app started on port 3000
2014-02-17T16:06:24.300Z - crit: <betfair_auth> <interactiveLogin> sessionKey = E2IubEI2E46F5qETg7OGFddbRZmh9+WS7JZg9Zxzh6A=
2014-02-17T16:06:31.512Z - crit: <db_results> <getList> List : [{"name":"Wolv 17th Feb","type":"To Be Placed","marketId":"1.112881780","suspensionTime":"2014-02-17T15:44:32.405Z","orderCount":17,"winners":"","profit":null,"_id":"53022e60d72b6fc826000002","__v":0,"runners":[{"_id":"53023387d3b5f91405000002"}]},{"name":"Sthl (W/O) 17th Feb","type":"Without Fav(s)","marketId":"1.112888301","suspensionTime":"2014-02-17T16:00:24.708Z","orderCount":5,"winners":"","profit":null,"_id":"530232199142151420000002","__v":0,"runners":[{"_id":"53023387d3b5f91405000003"}]},{"name":"Sthl (Dist) 17th Feb","type":"How Far Masterf","marketId":"1.112888793","suspensionTime":"2014-02-17T16:00:25.101Z","orderCount":7,"winners":"","profit":null,"_id":"530232199142151420000005","__v":0,"runners":[{"_id":"53023387d3b5f91405000004"}]},{"name":"Sthl (F/C) 17th Feb","type":"Forecast","marketId":"1.112888297","suspensionTime":"2014-02-17T16:00:25.100Z","orderCount":34,"winners":"","profit":null,"_id":"530232199142151420000008","__v":0,"runners":[{"_id":"53023387d3b5f91405000005"}]}]
2014-02-17T16:06:31.906Z - crit: <pingprices> <ping> Minimum interval changed to 30ms
2014-02-17T16:06:41.315Z - crit: <db_results> <getList> List : [{"name":"Wolv 17th Feb","type":"To Be Placed","marketId":"1.112881780","suspensionTime":"2014-02-17T15:44:32.405Z","orderCount":17,"winners":"","profit":null,"_id":"53022e60d72b6fc826000002","__v":0,"runners":[{"_id":"53023391d3b5f91405000006"}]},{"name":"Sthl (W/O) 17th Feb","type":"Without Fav(s)","marketId":"1.112888301","suspensionTime":"2014-02-17T16:00:24.708Z","orderCount":5,"winners":"","profit":null,"_id":"530232199142151420000002","__v":0,"runners":[{"_id":"53023391d3b5f91405000007"}]},{"name":"Sthl (Dist) 17th Feb","type":"How Far Masterf","marketId":"1.112888793","suspensionTime":"2014-02-17T16:00:25.101Z","orderCount":7,"winners":"","profit":null,"_id":"530232199142151420000005","__v":0,"runners":[{"_id":"53023391d3b5f91405000008"}]},{"name":"Sthl (F/C) 17th Feb","type":"Forecast","marketId":"1.112888297","suspensionTime":"2014-02-17T16:00:25.100Z","orderCount":34,"winners":"","profit":null,"_id":"530232199142151420000008","__v":0,"runners":[{"_id":"53023391d3b5f91405000009"}]}]
2014-02-17T16:06:41.316Z - crit: <apicontroller> <resultsready> Broadcasting { name: 'Wolv 17th Feb',
  type: 'To Be Placed',
  marketId: '1.112881780',
  suspensionTime: Mon Feb 17 2014 16:44:32 GMT+0100 (Mitteleurop채ische Zeit),
  orderCount: 17,
  winners: '',
  profit: null,
  _id: 53022e60d72b6fc826000002,
  __v: 0,
  runners: [ { _id: 53023391d3b5f91405000006 } ] }
2014-02-17T16:06:41.316Z - crit: <apicontroller> <resultsready> Broadcasting { name: 'Sthl (W/O) 17th Feb',
  type: 'Without Fav(s)',
  marketId: '1.112888301',
  suspensionTime: Mon Feb 17 2014 17:00:24 GMT+0100 (Mitteleurop채ische Zeit),
  orderCount: 5,
  winners: '',
  profit: null,
  _id: 530232199142151420000002,
  __v: 0,
  runners: [ { _id: 53023391d3b5f91405000007 } ] }
2014-02-17T16:06:41.317Z - crit: <apicontroller> <resultsready> Broadcasting { name: 'Sthl (Dist) 17th Feb',
  type: 'How Far Masterf',
  marketId: '1.112888793',
  suspensionTime: Mon Feb 17 2014 17:00:25 GMT+0100 (Mitteleurop채ische Zeit),
  orderCount: 7,
  winners: '',
  profit: null,
  _id: 530232199142151420000005,
  __v: 0,
  runners: [ { _id: 53023391d3b5f91405000008 } ] }
2014-02-17T16:06:41.317Z - crit: <apicontroller> <resultsready> Broadcasting { name: 'Sthl (F/C) 17th Feb',
  type: 'Forecast',
  marketId: '1.112888297',
  suspensionTime: Mon Feb 17 2014 17:00:25 GMT+0100 (Mitteleurop채ische Zeit),
  orderCount: 34,
  winners: '',
  profit: null,
  _id: 530232199142151420000008,
  __v: 0,
  runners: [ { _id: 53023391d3b5f91405000009 } ] }
2014-02-17T16:06:41.508Z - crit: <db_results> <getList> List : [{"name":"Wolv 17th Feb","type":"To Be Placed","marketId":"1.112881780","suspensionTime":"2014-02-17T15:44:32.405Z","orderCount":17,"winners":"","profit":null,"_id":"53022e60d72b6fc826000002","__v":0,"runners":[{"_id":"53023391d3b5f9140500000a"}]},{"name":"Sthl (W/O) 17th Feb","type":"Without Fav(s)","marketId":"1.112888301","suspensionTime":"2014-02-17T16:00:24.708Z","orderCount":5,"winners":"","profit":null,"_id":"530232199142151420000002","__v":0,"runners":[{"_id":"53023391d3b5f9140500000b"}]},{"name":"Sthl (Dist) 17th Feb","type":"How Far Masterf","marketId":"1.112888793","suspensionTime":"2014-02-17T16:00:25.101Z","orderCount":7,"winners":"","profit":null,"_id":"530232199142151420000005","__v":0,"runners":[{"_id":"53023391d3b5f9140500000c"}]},{"name":"Sthl (F/C) 17th Feb","type":"Forecast","marketId":"1.112888297","suspensionTime":"2014-02-17T16:00:25.100Z","orderCount":34,"winners":"","profit":null,"_id":"530232199142151420000008","__v":0,"runners":[{"_id":"53023391d3b5f9140500000d"}]}]
2014-02-17T16:06:51.516Z - crit: <db_results> <getList> List : [{"name":"Wolv 17th Feb","type":"To Be Placed","marketId":"1.112881780","suspensionTime":"2014-02-17T15:44:32.405Z","orderCount":17,"winners":"","profit":null,"_id":"53022e60d72b6fc826000002","__v":0,"runners":[{"_id":"5302339bd3b5f9140500000e"}]},{"name":"Sthl (W/O) 17th Feb","type":"Without Fav(s)","marketId":"1.112888301","suspensionTime":"2014-02-17T16:00:24.708Z","orderCount":5,"winners":"","profit":null,"_id":"530232199142151420000002","__v":0,"runners":[{"_id":"5302339bd3b5f9140500000f"}]},{"name":"Sthl (Dist) 17th Feb","type":"How Far Masterf","marketId":"1.112888793","suspensionTime":"2014-02-17T16:00:25.101Z","orderCount":7,"winners":"","profit":null,"_id":"530232199142151420000005","__v":0,"runners":[{"_id":"5302339bd3b5f91405000010"}]},{"name":"Sthl (F/C) 17th Feb","type":"Forecast","marketId":"1.112888297","suspensionTime":"2014-02-17T16:00:25.100Z","orderCount":34,"winners":"","profit":null,"_id":"530232199142151420000008","__v":0,"runners":[{"_id":"5302339bd3b5f91405000011"}]}]
2014-02-17T16:07:01.533Z - crit: <db_results> <getList> List : [{"name":"Wolv 17th Feb","type":"To Be Placed","marketId":"1.112881780","suspensionTime":"2014-02-17T15:44:32.405Z","orderCount":17,"winners":"","profit":null,"_id":"53022e60d72b6fc826000002","__v":0,"runners":[{"_id":"530233a5d3b5f91405000012"}]},{"name":"Sthl (W/O) 17th Feb","type":"Without Fav(s)","marketId":"1.112888301","suspensionTime":"2014-02-17T16:00:24.708Z","orderCount":5,"winners":"","profit":null,"_id":"530232199142151420000002","__v":0,"runners":[{"_id":"530233a5d3b5f91405000013"}]},{"name":"Sthl (Dist) 17th Feb","type":"How Far Masterf","marketId":"1.112888793","suspensionTime":"2014-02-17T16:00:25.101Z","orderCount":7,"winners":"","profit":null,"_id":"530232199142151420000005","__v":0,"runners":[{"_id":"530233a5d3b5f91405000014"}]},{"name":"Sthl (F/C) 17th Feb","type":"Forecast","marketId":"1.112888297","suspensionTime":"2014-02-17T16:00:25.100Z","orderCount":34,"winners":"","profit":null,"_id":"530232199142151420000008","__v":0,"runners":[{"_id":"530233a5d3b5f91405000015"}]}]
2014-02-17T16:07:11.518Z - crit: <db_results> <getList> List : [{"name":"Wolv 17th Feb","type":"To Be Placed","marketId":"1.112881780","suspensionTime":"2014-02-17T15:44:32.405Z","orderCount":17,"winners":"","profit":null,"_id":"53022e60d72b6fc826000002","__v":0,"runners":[{"_id":"530233afd3b5f91405000016"}]},{"name":"Sthl (W/O) 17th Feb","type":"Without Fav(s)","marketId":"1.112888301","suspensionTime":"2014-02-17T16:00:24.708Z","orderCount":5,"winners":"","profit":null,"_id":"530232199142151420000002","__v":0,"runners":[{"_id":"530233afd3b5f91405000017"}]},{"name":"Sthl (Dist) 17th Feb","type":"How Far Masterf","marketId":"1.112888793","suspensionTime":"2014-02-17T16:00:25.101Z","orderCount":7,"winners":"","profit":null,"_id":"530232199142151420000005","__v":0,"runners":[{"_id":"530233afd3b5f91405000018"}]},{"name":"Sthl (F/C) 17th Feb","type":"Forecast","marketId":"1.112888297","suspensionTime":"2014-02-17T16:00:25.100Z","orderCount":34,"winners":"","profit":null,"_id":"530232199142151420000008","__v":0,"runners":[{"_id":"530233afd3b5f91405000019"}]}]
2014-02-17T16:07:21.510Z - crit: <db_results> <getList> List : [{"name":"Wolv 17th Feb","type":"To Be Placed","marketId":"1.112881780","suspensionTime":"2014-02-17T15:44:32.405Z","orderCount":17,"winners":"","profit":null,"_id":"53022e60d72b6fc826000002","__v":0,"runners":[{"_id":"530233b9d3b5f9140500001a"}]},{"name":"Sthl (W/O) 17th Feb","type":"Without Fav(s)","marketId":"1.112888301","suspensionTime":"2014-02-17T16:00:24.708Z","orderCount":5,"winners":"","profit":null,"_id":"530232199142151420000002","__v":0,"runners":[{"_id":"530233b9d3b5f9140500001b"}]},{"name":"Sthl (Dist) 17th Feb","type":"How Far Masterf","marketId":"1.112888793","suspensionTime":"2014-02-17T16:00:25.101Z","orderCount":7,"winners":"","profit":null,"_id":"530232199142151420000005","__v":0,"runners":[{"_id":"530233b9d3b5f9140500001c"}]},{"name":"Sthl (F/C) 17th Feb","type":"Forecast","marketId":"1.112888297","suspensionTime":"2014-02-17T16:00:25.100Z","orderCount":34,"winners":"","profit":null,"_id":"530232199142151420000008","__v":0,"runners":[{"_id":"530233b9d3b5f9140500001d"}]}]
2014-02-17T16:07:31.509Z - crit: <db_results> <getList> List : [{"name":"Wolv 17th Feb","type":"To Be Placed","marketId":"1.112881780","suspensionTime":"2014-02-17T15:44:32.405Z","orderCount":17,"winners":"","profit":null,"_id":"53022e60d72b6fc826000002","__v":0,"runners":[{"_id":"530233c3d3b5f9140500001e"}]},{"name":"Sthl (W/O) 17th Feb","type":"Without Fav(s)","marketId":"1.112888301","suspensionTime":"2014-02-17T16:00:24.708Z","orderCount":5,"winners":"","profit":null,"_id":"530232199142151420000002","__v":0,"runners":[{"_id":"530233c3d3b5f9140500001f"}]},{"name":"Sthl (Dist) 17th Feb","type":"How Far Masterf","marketId":"1.112888793","suspensionTime":"2014-02-17T16:00:25.101Z","orderCount":7,"winners":"","profit":null,"_id":"530232199142151420000005","__v":0,"runners":[{"_id":"530233c3d3b5f91405000020"}]},{"name":"Sthl (F/C) 17th Feb","type":"Forecast","marketId":"1.112888297","suspensionTime":"2014-02-17T16:00:25.100Z","orderCount":34,"winners":"","profit":null,"_id":"530232199142151420000008","__v":0,"runners":[{"_id":"530233c3d3b5f91405000021"}]}]
2014-02-17T16:07:41.509Z - crit: <db_results> <getList> List : [{"name":"Wolv 17th Feb","type":"To Be Placed","marketId":"1.112881780","suspensionTime":"2014-02-17T15:44:32.405Z","orderCount":17,"winners":"","profit":null,"_id":"53022e60d72b6fc826000002","__v":0,"runners":[{"_id":"530233cdd3b5f91405000022"}]},{"name":"Sthl (W/O) 17th Feb","type":"Without Fav(s)","marketId":"1.112888301","suspensionTime":"2014-02-17T16:00:24.708Z","orderCount":5,"winners":"","profit":null,"_id":"530232199142151420000002","__v":0,"runners":[{"_id":"530233cdd3b5f91405000023"}]},{"name":"Sthl (Dist) 17th Feb","type":"How Far Masterf","marketId":"1.112888793","suspensionTime":"2014-02-17T16:00:25.101Z","orderCount":7,"winners":"","profit":null,"_id":"530232199142151420000005","__v":0,"runners":[{"_id":"530233cdd3b5f91405000024"}]},{"name":"Sthl (F/C) 17th Feb","type":"Forecast","marketId":"1.112888297","suspensionTime":"2014-02-17T16:00:25.100Z","orderCount":34,"winners":"","profit":null,"_id":"530232199142151420000008","__v":0,"runners":[{"_id":"530233cdd3b5f91405000025"}]}]
2014-02-17T16:07:51.511Z - crit: <db_results> <getList> List : [{"name":"Wolv 17th Feb","type":"To Be Placed","marketId":"1.112881780","suspensionTime":"2014-02-17T15:44:32.405Z","orderCount":17,"winners":"","profit":null,"_id":"53022e60d72b6fc826000002","__v":0,"runners":[{"_id":"530233d7d3b5f91405000026"}]},{"name":"Sthl (W/O) 17th Feb","type":"Without Fav(s)","marketId":"1.112888301","suspensionTime":"2014-02-17T16:00:24.708Z","orderCount":5,"winners":"","profit":null,"_id":"530232199142151420000002","__v":0,"runners":[{"_id":"530233d7d3b5f91405000027"}]},{"name":"Sthl (Dist) 17th Feb","type":"How Far Masterf","marketId":"1.112888793","suspensionTime":"2014-02-17T16:00:25.101Z","orderCount":7,"winners":"","profit":null,"_id":"530232199142151420000005","__v":0,"runners":[{"_id":"530233d7d3b5f91405000028"}]},{"name":"Sthl (F/C) 17th Feb","type":"Forecast","marketId":"1.112888297","suspensionTime":"2014-02-17T16:00:25.100Z","orderCount":34,"winners":"","profit":null,"_id":"530232199142151420000008","__v":0,"runners":[{"_id":"530233d7d3b5f91405000029"}]}]
2014-02-17T16:08:01.508Z - crit: <db_results> <getList> List : [{"name":"Wolv 17th Feb","type":"To Be Placed","marketId":"1.112881780","suspensionTime":"2014-02-17T15:44:32.405Z","orderCount":17,"winners":"","profit":null,"_id":"53022e60d72b6fc826000002","__v":0,"runners":[{"_id":"530233e1d3b5f9140500002a"}]},{"name":"Sthl (W/O) 17th Feb","type":"Without Fav(s)","marketId":"1.112888301","suspensionTime":"2014-02-17T16:00:24.708Z","orderCount":5,"winners":"","profit":null,"_id":"530232199142151420000002","__v":0,"runners":[{"_id":"530233e1d3b5f9140500002b"}]},{"name":"Sthl (Dist) 17th Feb","type":"How Far Masterf","marketId":"1.112888793","suspensionTime":"2014-02-17T16:00:25.101Z","orderCount":7,"winners":"","profit":null,"_id":"530232199142151420000005","__v":0,"runners":[{"_id":"530233e1d3b5f9140500002c"}]},{"name":"Sthl (F/C) 17th Feb","type":"Forecast","marketId":"1.112888297","suspensionTime":"2014-02-17T16:00:25.100Z","orderCount":34,"winners":"","profit":null,"_id":"530232199142151420000008","__v":0,"runners":[{"_id":"530233e1d3b5f9140500002d"}]}]
