2014-02-17T17:55:14.570Z - crit: <server> System logging to F:\repos\github\bfair\logs\bfair_20140217-1855.log
2014-02-17T17:55:15.466Z - crit: <pingresults> <start> Time: 2014-02-17 17:55:15
2014-02-17T17:55:14.977Z - crit: <session> <getSession> New Session Instance, Active App Key = 2ku5TzXl34zUU1Qz
2014-02-17T17:55:15.529Z - crit: <server> Express app started on port 3000
2014-02-17T17:55:16.196Z - crit: <betfair_auth> <interactiveLogin> sessionKey = sV4fE/U2yB0A72FrmRstIEiKFPPlifctTS5h1kBM/vM=
2014-02-17T17:55:23.649Z - crit: <pingprices> <ping> Minimum interval changed to 30ms
2014-02-17T17:55:33.251Z - error: <server> <uncaught exception> {}
2014-02-17T17:55:43.240Z - error: <server> <uncaught exception> {}
2014-02-17T17:55:53.243Z - error: <server> <uncaught exception> {}
2014-02-17T17:55:57.338Z - crit: <server> System logging to F:\repos\github\bfair\logs\bfair_20140217-1855.log
2014-02-17T17:55:58.235Z - crit: <pingresults> <start> Time: 2014-02-17 17:55:58
2014-02-17T17:55:57.743Z - crit: <session> <getSession> New Session Instance, Active App Key = 2ku5TzXl34zUU1Qz
2014-02-17T17:55:58.298Z - crit: <server> Express app started on port 3000
2014-02-17T17:55:58.800Z - crit: <betfair_auth> <interactiveLogin> sessionKey = Q0oqq/lOvdpwCKa6Lh7+EhYgheTMeeZwal2E86OaBSQ=
2014-02-17T17:56:06.412Z - crit: <pingprices> <ping> Minimum interval changed to 30ms
2014-02-17T17:56:16.044Z - error: <server> <uncaught exception> {}
2014-02-17T17:56:26.051Z - error: <server> <uncaught exception> {}
2014-02-17T17:56:36.050Z - error: <server> <uncaught exception> {}
2014-02-17T17:56:46.052Z - error: <server> <uncaught exception> {}
2014-02-17T17:56:56.058Z - error: <server> <uncaught exception> {}
