2014-02-08T15:45:43.195Z - crit: <server> System logging to F:\repos\github\bfair\logs\bfair_20140208-1645.log
2014-02-08T15:45:44.153Z - crit: <pingresults> <start> Time: 2014-02-08 15:45:44
2014-02-08T15:45:43.783Z - crit: <session> <getSession> New Session Instance, Active App Key = 2ku5TzXl34zUU1Qz
2014-02-08T15:45:44.218Z - crit: <server> Express app started on port 3000
2014-02-08T15:45:44.550Z - crit: <betfair_auth> <interactiveLogin> sessionKey = 3keRHv7E9if0cAPsyIwWbAiowOhYw0Ny5osiU/Lfjas=
2014-02-08T15:45:52.338Z - crit: <pingprices> <ping> Minimum interval changed to 30ms
2014-02-08T15:47:01.138Z - crit: <priceobserver> <updateStatus> marketstatuses[mid].status = OPEN, book.status = SUSPENDED
2014-02-08T15:47:01.138Z - crit: <priceobserver> <updateStatus> marketstatuses[mid].status = OPEN, book.status = SUSPENDED
2014-02-08T15:47:01.138Z - crit: <PriceObserver.prototype.synchronize> 2 suspended Markets
2014-02-08T15:47:01.138Z - crit: <apicontroller> <on: marketSuspension> Market Passivation (1.112746573)
2014-02-08T15:47:01.139Z - crit: <apicontroller> <on: marketSuspension> Market Passivation (1.112746574)
2014-02-08T15:47:01.404Z - crit: <reporting> <addMarketToResults> sidMappedPL = {"125349":{"sid":"125349","liabilities":{"backBetLiability":"32.00","layBetLiability":"0.00","totalLiability":"32.00"},"outcomes":{"potWin":"5444.00","potLoss":"-32.00"}},"2455030":{"sid":"2455030","liabilities":{"backBetLiability":"4.00","layBetLiability":"0.00","totalLiability":"4.00"},"outcomes":{"potWin":"266.00","potLoss":"-4.00"}},"3827872":{"sid":"3827872","liabilities":{"backBetLiability":"14.00","layBetLiability":"0.00","totalLiability":"14.00"},"outcomes":{"potWin":"4006.00","potLoss":"-14.00"}},"4038294":{"sid":"4038294","liabilities":{"backBetLiability":"8.00","layBetLiability":"0.00","totalLiability":"8.00"},"outcomes":{"potWin":"592.00","potLoss":"-8.00"}},"4383099":{"sid":"4383099","liabilities":{"backBetLiability":"8.00","layBetLiability":"140.00","totalLiability":"132.00"},"outcomes":{"potWin":"3988.00","potLoss":"-4.00"}},"4724640":{"sid":"4724640","liabilities":{"backBetLiability":"22.00","layBetLiability":"0.00","totalLiability":"22.00"},"outcomes":{"potWin":"4916.00","potLoss":"-22.00"}},"4812669":{"sid":"4812669","liabilities":{"backBetLiability":"16.00","layBetLiability":"78.52","totalLiability":"62.52"},"outcomes":{"potWin":"1132.48","potLoss":"14.00"}},"6314891":{"sid":"6314891","liabilities":{"backBetLiability":"4.00","layBetLiability":"17.20","totalLiability":"13.20"},"outcomes":{"potWin":"10.00","potLoss":"-2.00"}},"6513340":{"sid":"6513340","liabilities":{"backBetLiability":"6.00","layBetLiability":"64.36","totalLiability":"58.36"},"outcomes":{"potWin":"-7.96","potLoss":"30.00"}},"6568233":{"sid":"6568233","liabilities":{"backBetLiability":"18.00","layBetLiability":"28.00","totalLiability":"10.00"},"outcomes":{"potWin":"492.00","potLoss":"-14.00"}},"6784147":{"sid":"6784147","liabilities":{"backBetLiability":"10.00","layBetLiability":"13.20","totalLiability":"3.20"},"outcomes":{"potWin":"34.60","potLoss":"-6.00"}},"7413466":{"sid":"7413466","liabilities":{"backBetLiability":"32.00","layBetLiability":"76.80","totalLiability":"44.80"},"outcomes":{"potWin":"5651.20","potLoss":"-16.00"}}}
2014-02-08T15:47:01.405Z - crit: <reporting> <addMarketToResults> sidMappedPL = {"2455030":{"sid":"2455030","liabilities":{"backBetLiability":"0.00","layBetLiability":"14.00","totalLiability":"14.00"},"outcomes":{"potWin":"-14.00","potLoss":"2.00"}}}
2014-02-08T15:47:01.587Z - crit: <reporting> <addMarketToResults> Braodcasting result: {"orderct":1,"marketId":"1.112746574","suspensiontime":"2014-02-08T15:47:01.405Z","runners":{"2455030":{"outcomes":{"potWin":"-14.00","potLoss":"2.00"},"name":"Piscean"}}}
2014-02-08T15:47:01.588Z - crit: <reporting> <addMarketToResults> Braodcasting result: {"orderct":157,"marketId":"1.112746573","suspensiontime":"2014-02-08T15:47:01.403Z","runners":{"125349":{"outcomes":{"potWin":"5444.00","potLoss":"-32.00"},"name":"Noble Deed"},"2455030":{"outcomes":{"potWin":"266.00","potLoss":"-4.00"},"name":"Piscean"},"3827872":{"outcomes":{"potWin":"4006.00","potLoss":"-14.00"},"name":"Clockmaker"},"4038294":{"outcomes":{"potWin":"592.00","potLoss":"-8.00"},"name":"Taajub"},"4383099":{"outcomes":{"potWin":"3988.00","potLoss":"-4.00"},"name":"Woolfall Sovereign"},"4724640":{"outcomes":{"potWin":"4916.00","potLoss":"-22.00"},"name":"Diamond Charlie"},"4812669":{"outcomes":{"potWin":"1132.48","potLoss":"14.00"},"name":"Alben Star"},"6314891":{"outcomes":{"potWin":"10.00","potLoss":"-2.00"},"name":"Nocturn"},"6513340":{"outcomes":{"potWin":"-7.96","potLoss":"30.00"},"name":"Rivellino"},"6568233":{"outcomes":{"potWin":"492.00","potLoss":"-14.00"},"name":"Perfect Pasture"},"6784147":{"outcomes":{"potWin":"34.60","potLoss":"-6.00"},"name":"Absolutely So"},"7413466":{"outcomes":{"potWin":"5651.20","potLoss":"-16.00"},"name":"Iptisam"}}}
2014-02-08T15:48:41.968Z - crit: <marketfactory> <remove> MID = 1.112738290 (1/0)
2014-02-08T15:48:51.927Z - crit: <marketfactory> <remove> MID = 1.112768680 (1/0)
2014-02-08T15:49:11.996Z - crit: <marketfactory> <remove> MID = 1.112738290 (1/0)
2014-02-08T15:49:11.997Z - error: <batch> <increaseBatchCt> Exceeding batch limit of 10
2014-02-08T15:49:12.005Z - crit: <pingprices> <ping> Minimum interval changed to 27ms
2014-02-08T15:50:26.294Z - crit: <priceobserver> <updateStatus> marketstatuses[mid].status = OPEN, book.status = SUSPENDED
2014-02-08T15:50:26.295Z - crit: <priceobserver> <updateStatus> marketstatuses[mid].status = OPEN, book.status = SUSPENDED
2014-02-08T15:50:26.295Z - crit: <priceobserver> <updateStatus> marketstatuses[mid].status = OPEN, book.status = SUSPENDED
2014-02-08T15:50:26.295Z - crit: <PriceObserver.prototype.synchronize> 3 suspended Markets
2014-02-08T15:50:26.295Z - crit: <apicontroller> <on: marketSuspension> Market Passivation (1.112761074)
2014-02-08T15:50:26.295Z - crit: <apicontroller> <on: marketSuspension> Market Passivation (1.112761075)
2014-02-08T15:50:26.296Z - crit: <apicontroller> <on: marketSuspension> Market Passivation (1.112777843)
2014-02-08T15:50:26.296Z - crit: <pingprices> <ping> Minimum interval changed to 30ms
2014-02-08T15:50:26.479Z - crit: <reporting> <addMarketToResults> sidMappedPL = {}
2014-02-08T15:50:26.481Z - crit: <reporting> <addMarketToResults> sidMappedPL = {"239722":{"sid":"239722","liabilities":{"backBetLiability":"4.00","layBetLiability":"35.00","totalLiability":"31.00"},"outcomes":{"potWin":"-18.20","potLoss":"6.00"}},"3618363":{"sid":"3618363","liabilities":{"backBetLiability":"12.00","layBetLiability":"21.00","totalLiability":"9.00"},"outcomes":{"potWin":"152.00","potLoss":"-10.00"}},"5268356":{"sid":"5268356","liabilities":{"backBetLiability":"10.00","layBetLiability":"53.40","totalLiability":"43.40"},"outcomes":{"potWin":"36.00","potLoss":"-4.00"}},"5656432":{"sid":"5656432","liabilities":{"backBetLiability":"6.00","layBetLiability":"0.00","totalLiability":"6.00"},"outcomes":{"potWin":"21.20","potLoss":"-6.00"}},"5935904":{"sid":"5935904","liabilities":{"backBetLiability":"2.00","layBetLiability":"41.10","totalLiability":"39.10"},"outcomes":{"potWin":"-33.70","potLoss":"12.00"}},"6345890":{"sid":"6345890","liabilities":{"backBetLiability":"16.00","layBetLiability":"146.00","totalLiability":"130.00"},"outcomes":{"potWin":"181.00","potLoss":"-8.00"}},"6789475":{"sid":"6789475","liabilities":{"backBetLiability":"12.00","layBetLiability":"8.88","totalLiability":"3.12"},"outcomes":{"potWin":"10.56","potLoss":"-6.00"}},"7149299":{"sid":"7149299","liabilities":{"backBetLiability":"8.00","layBetLiability":"22.80","totalLiability":"14.80"},"outcomes":{"potWin":"9.60","potLoss":"-2.00"}},"7393727":{"sid":"7393727","liabilities":{"backBetLiability":"10.00","layBetLiability":"17.20","totalLiability":"7.20"},"outcomes":{"potWin":"5.10","potLoss":"-2.00"}},"7855786":{"sid":"7855786","liabilities":{"backBetLiability":"4.00","layBetLiability":"47.80","totalLiability":"43.80"},"outcomes":{"potWin":"-27.40","potLoss":"6.00"}},"7860570":{"sid":"7860570","liabilities":{"backBetLiability":"12.00","layBetLiability":"62.00","totalLiability":"50.00"},"outcomes":{"potWin":"151.00","potLoss":"-8.00"}},"8016379":{"sid":"8016379","liabilities":{"backBetLiability":"6.00","layBetLiability":"10.80","totalLiability":"4.80"},"outcomes":{"potWin":"-4.16","potLoss":"4.00"}},"8024890":{"sid":"8024890","liabilities":{"backBetLiability":"10.00","layBetLiability":"8.92","totalLiability":"1.08"},"outcomes":{"potWin":"0.80","potLoss":"0.00"}}}
2014-02-08T15:50:26.481Z - crit: <reporting> <addMarketToResults> sidMappedPL = {}
2014-02-08T15:50:26.534Z - crit: <reporting> <addMarketToResults> Braodcasting result: {"orderct":0,"marketId":"1.112761074","suspensiontime":"2014-02-08T15:50:26.479Z","runners":{}}
2014-02-08T15:50:26.540Z - crit: <reporting> <addMarketToResults> Braodcasting result: {"orderct":105,"marketId":"1.112761075","suspensiontime":"2014-02-08T15:50:26.481Z","runners":{"239722":{"outcomes":{"potWin":"-18.20","potLoss":"6.00"},"name":"Westerly Breeze"},"3618363":{"outcomes":{"potWin":"152.00","potLoss":"-10.00"},"name":"The Red Laird"},"5268356":{"outcomes":{"potWin":"36.00","potLoss":"-4.00"},"name":"Promised Wings"},"5656432":{"outcomes":{"potWin":"21.20","potLoss":"-6.00"},"name":"Kilrush"},"5935904":{"outcomes":{"potWin":"-33.70","potLoss":"12.00"},"name":"Yellow Ball"},"6345890":{"outcomes":{"potWin":"181.00","potLoss":"-8.00"},"name":"Mac Steamy"},"6789475":{"outcomes":{"potWin":"10.56","potLoss":"-6.00"},"name":"Hes The Daddy"},"7149299":{"outcomes":{"potWin":"9.60","potLoss":"-2.00"},"name":"Garde Fou"},"7393727":{"outcomes":{"potWin":"5.10","potLoss":"-2.00"},"name":"Night Of Passion"},"7855786":{"outcomes":{"potWin":"-27.40","potLoss":"6.00"},"name":"Premier Portrait"},"7860570":{"outcomes":{"potWin":"151.00","potLoss":"-8.00"},"name":"Cadeau George"},"8016379":{"outcomes":{"potWin":"-4.16","potLoss":"4.00"},"name":"Its A Doddle"},"8024890":{"outcomes":{"potWin":"0.80","potLoss":"0.00"},"name":"Tullyesker Hill"}}}
2014-02-08T15:50:26.543Z - crit: <reporting> <addMarketToResults> Braodcasting result: {"orderct":0,"marketId":"1.112777843","suspensiontime":"2014-02-08T15:50:26.481Z","runners":{}}
2014-02-08T15:51:11.919Z - crit: <marketfactory> <remove> MID = 1.112778036 (1/0)
2014-02-08T15:52:01.911Z - crit: <marketfactory> <remove> MID = 1.112738289 (1/0)
2014-02-08T15:52:01.911Z - crit: <marketfactory> <remove> MID = 1.112746574 (1/0)
2014-02-08T15:52:01.912Z - error: <batch> <increaseBatchCt> Exceeding batch limit of 10
2014-02-08T15:52:01.935Z - crit: <pingprices> <ping> Minimum interval changed to 27ms
