2014-02-18T09:11:47.801Z - crit: <server> System logging to F:\repos\github\bfair\logs\bfair_20140218-1011.log
2014-02-18T09:11:48.686Z - crit: <pingresults> <start> Time: 2014-02-18 09:11:48
2014-02-18T09:11:48.196Z - crit: <session> <getSession> New Session Instance, Active App Key = 2ku5TzXl34zUU1Qz
2014-02-18T09:11:48.751Z - crit: <server> Express app started on port 3000
2014-02-18T09:11:49.485Z - crit: <betfair_auth> <interactiveLogin> sessionKey = L/ng9BBHe1H9JMYZCAVoFVC+pO1F72Jjdduj7SyF9MY=
2014-02-18T09:11:56.870Z - crit: <pingprices> <ping> Minimum interval changed to 100ms
2014-02-18T09:12:06.565Z - crit: <reporting> <assignWinners> result = undefined
2014-02-18T09:12:06.567Z - crit: <reporting> <assignWinners> result = undefined
2014-02-18T09:12:06.567Z - crit: <reporting> <assignWinners> result = undefined
2014-02-18T09:12:06.567Z - crit: <reporting> <assignWinners> result = undefined
2014-02-18T09:12:06.567Z - crit: <reporting> <assignWinners> result = undefined
2014-02-18T09:12:06.567Z - crit: <reporting> <assignWinners> result = undefined
2014-02-18T09:12:06.568Z - crit: <reporting> <assignWinners> result = undefined
2014-02-18T09:12:16.529Z - crit: <reporting> <assignWinners> result = undefined
2014-02-18T09:12:16.531Z - crit: <reporting> <assignWinners> result = undefined
2014-02-18T09:12:16.531Z - crit: <reporting> <assignWinners> result = undefined
2014-02-18T09:12:16.531Z - crit: <reporting> <assignWinners> result = undefined
2014-02-18T09:12:16.531Z - crit: <reporting> <assignWinners> result = undefined
2014-02-18T09:12:16.531Z - crit: <reporting> <assignWinners> result = undefined
2014-02-18T09:12:16.531Z - crit: <reporting> <assignWinners> result = undefined
