2014-02-18T12:57:34.715Z - crit: <server> System logging to F:\repos\github\bfair\logs\bfair_20140218-1357.log
2014-02-18T12:57:35.673Z - crit: <pingresults> <start> Time: 2014-02-18 12:57:35
2014-02-18T12:57:35.151Z - crit: <session> <getSession> New Session Instance, Active App Key = 2ku5TzXl34zUU1Qz
2014-02-18T12:57:35.745Z - crit: <server> Express app started on port 3000
2014-02-18T12:57:36.810Z - crit: <betfair_auth> <interactiveLogin> sessionKey = zXvzd/LeSqhVhhfdAO5XC3Wv6CuP55shCJ3E/jioSXo=
2014-02-18T12:57:43.856Z - crit: <pingprices> <ping> Minimum interval changed to 30ms
2014-02-18T12:57:53.845Z - crit: <priceobserver> <updateStatus> marketstatuses[mid].status = OPEN, book.status = SUSPENDED
2014-02-18T12:57:53.845Z - crit: <PriceObserver.prototype.synchronize> 1 suspended Markets
2014-02-18T12:57:53.845Z - crit: <apicontroller> <on: marketSuspension> Market Passivation (1.112888885)
2014-02-18T12:57:54.125Z - crit: <reporting> <addMarketToResults> orderct = 0
2014-02-18T12:58:34.744Z - crit: <orderobserver> <updateProfitLoss> {}
2014-02-18T12:58:47.551Z - crit: <orderobserver> <updateProfitLoss> {"1153628":{"sid":"1153628","liabilities":{"backBetLiability":"4.00","layBetLiability":"0.00","totalLiability":"4.00"},"outcomes":{"potWin":"15.80","potLoss":"-4.00"}}}
2014-02-18T12:59:08.941Z - crit: <orderobserver> <updateProfitLoss> {}
2014-02-18T13:03:58.355Z - crit: <orderobserver> <updateProfitLoss> {"2521896":{"sid":"2521896","liabilities":{"backBetLiability":"4.00","layBetLiability":"0.00","totalLiability":"4.00"},"outcomes":{"potWin":"124.00","potLoss":"-4.00"}},"2521914":{"sid":"2521914","liabilities":{"backBetLiability":"4.00","layBetLiability":"0.00","totalLiability":"4.00"},"outcomes":{"potWin":"112.00","potLoss":"-4.00"}},"2521915":{"sid":"2521915","liabilities":{"backBetLiability":"2.00","layBetLiability":"0.00","totalLiability":"2.00"},"outcomes":{"potWin":"90.00","potLoss":"-2.00"}},"2522765":{"sid":"2522765","liabilities":{"backBetLiability":"12.00","layBetLiability":"0.00","totalLiability":"12.00"},"outcomes":{"potWin":"208.00","potLoss":"-12.00"}},"2522769":{"sid":"2522769","liabilities":{"backBetLiability":"4.00","layBetLiability":"0.00","totalLiability":"4.00"},"outcomes":{"potWin":"54.00","potLoss":"-4.00"}}}
2014-02-18T13:04:10.801Z - crit: <orderobserver> <updateProfitLoss> {}
2014-02-18T13:04:15.892Z - crit: <orderobserver> <updateProfitLoss> {"8980":{"sid":"8980","liabilities":{"backBetLiability":"0.00","layBetLiability":"41.00","totalLiability":"41.00"},"outcomes":{"potWin":"-41.00","potLoss":"4.00"}},"6388442":{"sid":"6388442","liabilities":{"backBetLiability":"6.00","layBetLiability":"12.40","totalLiability":"6.40"},"outcomes":{"potWin":"31.60","potLoss":"-4.00"}},"6501933":{"sid":"6501933","liabilities":{"backBetLiability":"0.00","layBetLiability":"56.00","totalLiability":"56.00"},"outcomes":{"potWin":"-56.00","potLoss":"4.00"}},"7119707":{"sid":"7119707","liabilities":{"backBetLiability":"10.00","layBetLiability":"0.00","totalLiability":"10.00"},"outcomes":{"potWin":"314.00","potLoss":"-10.00"}},"7124247":{"sid":"7124247","liabilities":{"backBetLiability":"28.00","layBetLiability":"0.00","totalLiability":"28.00"},"outcomes":{"potWin":"904.00","potLoss":"-28.00"}},"7164472":{"sid":"7164472","liabilities":{"backBetLiability":"2.00","layBetLiability":"0.00","totalLiability":"2.00"},"outcomes":{"potWin":"7.00","potLoss":"-2.00"}},"7819471":{"sid":"7819471","liabilities":{"backBetLiability":"16.00","layBetLiability":"0.00","totalLiability":"16.00"},"outcomes":{"potWin":"1944.00","potLoss":"-16.00"}}}
2014-02-18T13:06:23.552Z - crit: <marketfactory> <remove> MID = 1.112888867 (1/0)
2014-02-18T13:06:33.617Z - crit: <marketfactory> <remove> MID = 1.112888866 (1/0)
2014-02-18T13:06:33.618Z - error: <batch> <increaseBatchCt> Exceeding batch limit of 10
2014-02-18T13:06:33.635Z - crit: <pingprices> <ping> Minimum interval changed to 27ms
2014-02-18T13:07:33.431Z - crit: <reporting> <updateResult> resultInformation {"totalProfit":165.60000000000002,"marketId":"1.112888862","winners":["Mainstream"]}
2014-02-18T13:07:33.455Z - crit: <reporting> <updateResult> resultInformation {"totalProfit":-675.6000000000004,"marketId":"1.112888860","winners":["Whatalady"]}
2014-02-18T13:07:33.476Z - crit: <reporting> <updateResult> resultInformation {"totalProfit":-2.6000000000000014,"marketId":"1.112883060","winners":["Dos Oro"]}
2014-02-18T13:07:33.498Z - crit: <reporting> <updateResult> resultInformation {"totalProfit":820.2000000000002,"marketId":"1.112883027","winners":["Alondra Sky"]}
2014-02-18T13:07:33.525Z - crit: <reporting> <updateResult> resultInformation {"totalProfit":503.4,"marketId":"1.112883103","winners":["Ausable River"]}
2014-02-18T13:07:33.549Z - crit: <reporting> <updateResult> resultInformation {"totalProfit":825.7,"marketId":"1.112883001","winners":["Natalie Victoria","  Belle Gallantey"]}
2014-02-18T13:07:33.573Z - crit: <reporting> <updateResult> resultInformation {"totalProfit":181.20000000000002,"marketId":"1.112883055","winners":["Darn That Trip"]}
2014-02-18T13:07:33.603Z - crit: <reporting> <updateResult> resultInformation {"totalProfit":976,"marketId":"1.112881784","winners":["River Goddess"," Trust The Wind"," Arabian Music"]}
2014-02-18T13:07:33.924Z - crit: <reporting> <updateResult> resultInformation {"totalProfit":11672.52,"marketId":"1.112888319","winners":["3 - 7 / 7 - 3"]}
