2014-02-17T15:06:30.378Z - crit: <server> System logging to F:\repos\github\bfair\logs\bfair_20140217-1606.log
2014-02-17T15:06:34.450Z - crit: <pingresults> <start> Time: 2014-02-17 15:06:34
2014-02-17T15:06:31.699Z - crit: <session> <getSession> New Session Instance, Active App Key = 2ku5TzXl34zUU1Qz
2014-02-17T15:06:34.556Z - crit: <server> Express app started on port 3000
2014-02-17T15:06:35.270Z - crit: <betfair_auth> <interactiveLogin> sessionKey = l4GXRNChGEyZ69tU4701fQJnHfrF8LB3zrn7t7QRQV8=
2014-02-17T15:06:37.851Z - crit: <db_results> <getList> List : [{"name":"Wolv 17th Feb","type":"5f Hcap","marketId":"1.112881781","suspensionTime":"2014-02-17T12:58:01.251Z","orderCount":1,"winners":"","profit":null,"_id":"53020759f877576c26000019","__v":0,"runners":[{"_id":"5302257d75cc3ab426000002"}]},{"__v":0,"_id":"5301fa9425e2318827000002","marketId":"1.112883116","name":"Cagnes (FRA) 17th Feb","orderCount":55,"profit":null,"suspensionTime":"2014-02-17T12:03:32.323Z","type":"1600m Claim","winners":"Tarnag","runners":[{"_id":"5302257d75cc3ab426000003"}]},{"name":"FlamP (RSA) 17th Feb","type":"To Be Placed","marketId":"1.112881803","suspensionTime":"2014-02-17T13:27:18.557Z","orderCount":40,"winners":"","profit":null,"_id":"53020e36f09a48dc29000034","__v":0,"runners":[{"_id":"5302257d75cc3ab426000004"}]}]
2014-02-17T15:06:38.207Z - crit: <pingprices> <ping> Minimum interval changed to 30ms
2014-02-17T15:06:47.882Z - crit: <db_results> <getList> List : [{"name":"Wolv 17th Feb","type":"5f Hcap","marketId":"1.112881781","suspensionTime":"2014-02-17T12:58:01.251Z","orderCount":1,"winners":"","profit":null,"_id":"53020759f877576c26000019","__v":0,"runners":[{"_id":"5302258775cc3ab426000005"}]},{"__v":0,"_id":"5301fa9425e2318827000002","marketId":"1.112883116","name":"Cagnes (FRA) 17th Feb","orderCount":55,"profit":null,"suspensionTime":"2014-02-17T12:03:32.323Z","type":"1600m Claim","winners":"Tarnag","runners":[{"_id":"5302258775cc3ab426000006"}]},{"name":"FlamP (RSA) 17th Feb","type":"To Be Placed","marketId":"1.112881803","suspensionTime":"2014-02-17T13:27:18.557Z","orderCount":40,"winners":"","profit":null,"_id":"53020e36f09a48dc29000034","__v":0,"runners":[{"_id":"5302258775cc3ab426000007"}]}]
2014-02-17T15:06:47.882Z - crit: <reporting> <findIdByDescription> Matching result [{"name":"FlamP (RSA) 17th Feb","type":"To Be Placed","marketId":"1.112881803","suspensionTime":"2014-02-17T13:27:18.557Z","orderCount":40,"winners":"","profit":null,"_id":"53020e36f09a48dc29000034","__v":0,"runners":[{"_id":"5302258775cc3ab426000007"}]}]
2014-02-17T15:06:47.883Z - crit: <reporting> <assignWinners> Mathcing result = {"name":"FlamP (RSA) 17th Feb","type":"To Be Placed","marketId":"1.112881803","suspensionTime":"2014-02-17T13:27:18.557Z","orderCount":40,"winners":"","profit":null,"_id":"53020e36f09a48dc29000034","__v":0,"runners":[{"_id":"5302258775cc3ab426000007"}]}
2014-02-17T15:06:47.883Z - crit: <db_results> <update> MID = 1.112881803, totalProfit = 0, winners = Sir Isaac, Foam Party, Imperani
2014-02-17T15:06:47.887Z - crit: <reporting> <findIdByDescription> Matching result [{"__v":0,"_id":"5301fa9425e2318827000002","marketId":"1.112883116","name":"Cagnes (FRA) 17th Feb","orderCount":55,"profit":null,"suspensionTime":"2014-02-17T12:03:32.323Z","type":"1600m Claim","winners":"Tarnag","runners":[{"_id":"5302258775cc3ab426000006"}]}]
2014-02-17T15:06:47.887Z - crit: <reporting> <assignWinners> Mathcing result = {"__v":0,"_id":"5301fa9425e2318827000002","marketId":"1.112883116","name":"Cagnes (FRA) 17th Feb","orderCount":55,"profit":null,"suspensionTime":"2014-02-17T12:03:32.323Z","type":"1600m Claim","winners":"Tarnag","runners":[{"_id":"5302258775cc3ab426000006"}]}
2014-02-17T15:06:47.887Z - crit: <db_results> <update> MID = 1.112883116, totalProfit = 0, winners = Tarnag
2014-02-17T15:06:48.086Z - crit: <reporting> <updateResult> totalProfit = {"totalProfit":0,"marketId":"1.112881803","winners":["Sir Isaac"," Foam Party"," Imperani"]}
2014-02-17T15:06:48.379Z - crit: <reporting> <updateResult> totalProfit = {"totalProfit":0,"marketId":"1.112883116","winners":["Tarnag"]}
2014-02-17T15:06:57.963Z - crit: <db_results> <getList> List : [{"name":"Wolv 17th Feb","type":"5f Hcap","marketId":"1.112881781","suspensionTime":"2014-02-17T12:58:01.251Z","orderCount":1,"winners":"","profit":null,"_id":"53020759f877576c26000019","__v":0,"runners":[{"_id":"5302259175cc3ab426000008"}]},{"__v":0,"_id":"5301fa9425e2318827000002","marketId":"1.112883116","name":"Cagnes (FRA) 17th Feb","orderCount":55,"profit":null,"suspensionTime":"2014-02-17T12:03:32.323Z","type":"1600m Claim","winners":"Tarnag","runners":[{"_id":"5302259175cc3ab426000009"}]},{"__v":0,"_id":"53020e36f09a48dc29000034","marketId":"1.112881803","name":"FlamP (RSA) 17th Feb","orderCount":40,"profit":null,"suspensionTime":"2014-02-17T13:27:18.557Z","type":"To Be Placed","winners":"Sir Isaac, Foam Party, Imperani","runners":[{"_id":"5302259175cc3ab42600000a"}]}]
2014-02-17T15:06:57.963Z - crit: <reporting> <findIdByDescription> Matching result [{"__v":0,"_id":"53020e36f09a48dc29000034","marketId":"1.112881803","name":"FlamP (RSA) 17th Feb","orderCount":40,"profit":null,"suspensionTime":"2014-02-17T13:27:18.557Z","type":"To Be Placed","winners":"Sir Isaac, Foam Party, Imperani","runners":[{"_id":"5302259175cc3ab42600000a"}]}]
2014-02-17T15:06:57.964Z - crit: <reporting> <assignWinners> Mathcing result = {"__v":0,"_id":"53020e36f09a48dc29000034","marketId":"1.112881803","name":"FlamP (RSA) 17th Feb","orderCount":40,"profit":null,"suspensionTime":"2014-02-17T13:27:18.557Z","type":"To Be Placed","winners":"Sir Isaac, Foam Party, Imperani","runners":[{"_id":"5302259175cc3ab42600000a"}]}
2014-02-17T15:06:57.964Z - crit: <db_results> <update> MID = 1.112881803, totalProfit = 0, winners = Sir Isaac, Foam Party, Imperani
2014-02-17T15:06:57.967Z - crit: <reporting> <findIdByDescription> Matching result [{"__v":0,"_id":"5301fa9425e2318827000002","marketId":"1.112883116","name":"Cagnes (FRA) 17th Feb","orderCount":55,"profit":null,"suspensionTime":"2014-02-17T12:03:32.323Z","type":"1600m Claim","winners":"Tarnag","runners":[{"_id":"5302259175cc3ab426000009"}]}]
2014-02-17T15:06:57.967Z - crit: <reporting> <assignWinners> Mathcing result = {"__v":0,"_id":"5301fa9425e2318827000002","marketId":"1.112883116","name":"Cagnes (FRA) 17th Feb","orderCount":55,"profit":null,"suspensionTime":"2014-02-17T12:03:32.323Z","type":"1600m Claim","winners":"Tarnag","runners":[{"_id":"5302259175cc3ab426000009"}]}
2014-02-17T15:06:57.967Z - crit: <db_results> <update> MID = 1.112883116, totalProfit = 0, winners = Tarnag
2014-02-17T15:06:58.349Z - crit: <reporting> <updateResult> totalProfit = {"totalProfit":0,"marketId":"1.112881803","winners":["Sir Isaac"," Foam Party"," Imperani"]}
2014-02-17T15:06:58.431Z - crit: <reporting> <updateResult> totalProfit = {"totalProfit":0,"marketId":"1.112883116","winners":["Tarnag"]}
2014-02-17T15:07:08.016Z - crit: <db_results> <getList> List : [{"name":"Wolv 17th Feb","type":"5f Hcap","marketId":"1.112881781","suspensionTime":"2014-02-17T12:58:01.251Z","orderCount":1,"winners":"","profit":null,"_id":"53020759f877576c26000019","__v":0,"runners":[{"_id":"5302259c75cc3ab42600000b"}]},{"__v":0,"_id":"5301fa9425e2318827000002","marketId":"1.112883116","name":"Cagnes (FRA) 17th Feb","orderCount":55,"profit":null,"suspensionTime":"2014-02-17T12:03:32.323Z","type":"1600m Claim","winners":"Tarnag","runners":[{"_id":"5302259c75cc3ab42600000c"}]},{"__v":0,"_id":"53020e36f09a48dc29000034","marketId":"1.112881803","name":"FlamP (RSA) 17th Feb","orderCount":40,"profit":null,"suspensionTime":"2014-02-17T13:27:18.557Z","type":"To Be Placed","winners":"Sir Isaac, Foam Party, Imperani","runners":[{"_id":"5302259c75cc3ab42600000d"}]}]
2014-02-17T15:07:08.017Z - crit: <reporting> <findIdByDescription> Matching result [{"__v":0,"_id":"53020e36f09a48dc29000034","marketId":"1.112881803","name":"FlamP (RSA) 17th Feb","orderCount":40,"profit":null,"suspensionTime":"2014-02-17T13:27:18.557Z","type":"To Be Placed","winners":"Sir Isaac, Foam Party, Imperani","runners":[{"_id":"5302259c75cc3ab42600000d"}]}]
2014-02-17T15:07:08.017Z - crit: <reporting> <assignWinners> Mathcing result = {"__v":0,"_id":"53020e36f09a48dc29000034","marketId":"1.112881803","name":"FlamP (RSA) 17th Feb","orderCount":40,"profit":null,"suspensionTime":"2014-02-17T13:27:18.557Z","type":"To Be Placed","winners":"Sir Isaac, Foam Party, Imperani","runners":[{"_id":"5302259c75cc3ab42600000d"}]}
2014-02-17T15:07:08.017Z - crit: <db_results> <update> MID = 1.112881803, totalProfit = 0, winners = Sir Isaac, Foam Party, Imperani
2014-02-17T15:07:08.020Z - crit: <reporting> <findIdByDescription> Matching result [{"__v":0,"_id":"5301fa9425e2318827000002","marketId":"1.112883116","name":"Cagnes (FRA) 17th Feb","orderCount":55,"profit":null,"suspensionTime":"2014-02-17T12:03:32.323Z","type":"1600m Claim","winners":"Tarnag","runners":[{"_id":"5302259c75cc3ab42600000c"}]}]
2014-02-17T15:07:08.020Z - crit: <reporting> <assignWinners> Mathcing result = {"__v":0,"_id":"5301fa9425e2318827000002","marketId":"1.112883116","name":"Cagnes (FRA) 17th Feb","orderCount":55,"profit":null,"suspensionTime":"2014-02-17T12:03:32.323Z","type":"1600m Claim","winners":"Tarnag","runners":[{"_id":"5302259c75cc3ab42600000c"}]}
2014-02-17T15:07:08.020Z - crit: <db_results> <update> MID = 1.112883116, totalProfit = 0, winners = Tarnag
2014-02-17T15:07:08.413Z - crit: <reporting> <updateResult> totalProfit = {"totalProfit":0,"marketId":"1.112881803","winners":["Sir Isaac"," Foam Party"," Imperani"]}
2014-02-17T15:07:08.468Z - crit: <reporting> <updateResult> totalProfit = {"totalProfit":0,"marketId":"1.112883116","winners":["Tarnag"]}
2014-02-17T15:07:17.892Z - crit: <db_results> <getList> List : [{"name":"Wolv 17th Feb","type":"5f Hcap","marketId":"1.112881781","suspensionTime":"2014-02-17T12:58:01.251Z","orderCount":1,"winners":"","profit":null,"_id":"53020759f877576c26000019","__v":0,"runners":[{"_id":"530225a575cc3ab42600000e"}]},{"__v":0,"_id":"5301fa9425e2318827000002","marketId":"1.112883116","name":"Cagnes (FRA) 17th Feb","orderCount":55,"profit":null,"suspensionTime":"2014-02-17T12:03:32.323Z","type":"1600m Claim","winners":"Tarnag","runners":[{"_id":"530225a575cc3ab42600000f"}]},{"__v":0,"_id":"53020e36f09a48dc29000034","marketId":"1.112881803","name":"FlamP (RSA) 17th Feb","orderCount":40,"profit":null,"suspensionTime":"2014-02-17T13:27:18.557Z","type":"To Be Placed","winners":"Sir Isaac, Foam Party, Imperani","runners":[{"_id":"530225a575cc3ab426000010"}]}]
2014-02-17T15:07:17.892Z - crit: <reporting> <findIdByDescription> Matching result [{"__v":0,"_id":"53020e36f09a48dc29000034","marketId":"1.112881803","name":"FlamP (RSA) 17th Feb","orderCount":40,"profit":null,"suspensionTime":"2014-02-17T13:27:18.557Z","type":"To Be Placed","winners":"Sir Isaac, Foam Party, Imperani","runners":[{"_id":"530225a575cc3ab426000010"}]}]
2014-02-17T15:07:17.893Z - crit: <reporting> <assignWinners> Mathcing result = {"__v":0,"_id":"53020e36f09a48dc29000034","marketId":"1.112881803","name":"FlamP (RSA) 17th Feb","orderCount":40,"profit":null,"suspensionTime":"2014-02-17T13:27:18.557Z","type":"To Be Placed","winners":"Sir Isaac, Foam Party, Imperani","runners":[{"_id":"530225a575cc3ab426000010"}]}
2014-02-17T15:07:17.893Z - crit: <db_results> <update> MID = 1.112881803, totalProfit = 0, winners = Sir Isaac, Foam Party, Imperani
2014-02-17T15:07:17.897Z - crit: <reporting> <findIdByDescription> Matching result [{"__v":0,"_id":"5301fa9425e2318827000002","marketId":"1.112883116","name":"Cagnes (FRA) 17th Feb","orderCount":55,"profit":null,"suspensionTime":"2014-02-17T12:03:32.323Z","type":"1600m Claim","winners":"Tarnag","runners":[{"_id":"530225a575cc3ab42600000f"}]}]
2014-02-17T15:07:17.897Z - crit: <reporting> <assignWinners> Mathcing result = {"__v":0,"_id":"5301fa9425e2318827000002","marketId":"1.112883116","name":"Cagnes (FRA) 17th Feb","orderCount":55,"profit":null,"suspensionTime":"2014-02-17T12:03:32.323Z","type":"1600m Claim","winners":"Tarnag","runners":[{"_id":"530225a575cc3ab42600000f"}]}
2014-02-17T15:07:17.897Z - crit: <db_results> <update> MID = 1.112883116, totalProfit = 0, winners = Tarnag
2014-02-17T15:07:18.134Z - crit: <reporting> <updateResult> totalProfit = {"totalProfit":0,"marketId":"1.112881803","winners":["Sir Isaac"," Foam Party"," Imperani"]}
2014-02-17T15:07:18.411Z - crit: <reporting> <updateResult> totalProfit = {"totalProfit":0,"marketId":"1.112883116","winners":["Tarnag"]}
2014-02-17T15:07:27.855Z - crit: <db_results> <getList> List : [{"name":"Wolv 17th Feb","type":"5f Hcap","marketId":"1.112881781","suspensionTime":"2014-02-17T12:58:01.251Z","orderCount":1,"winners":"","profit":null,"_id":"53020759f877576c26000019","__v":0,"runners":[{"_id":"530225af75cc3ab426000011"}]},{"__v":0,"_id":"5301fa9425e2318827000002","marketId":"1.112883116","name":"Cagnes (FRA) 17th Feb","orderCount":55,"profit":null,"suspensionTime":"2014-02-17T12:03:32.323Z","type":"1600m Claim","winners":"Tarnag","runners":[{"_id":"530225af75cc3ab426000012"}]},{"__v":0,"_id":"53020e36f09a48dc29000034","marketId":"1.112881803","name":"FlamP (RSA) 17th Feb","orderCount":40,"profit":null,"suspensionTime":"2014-02-17T13:27:18.557Z","type":"To Be Placed","winners":"Sir Isaac, Foam Party, Imperani","runners":[{"_id":"530225af75cc3ab426000013"}]}]
2014-02-17T15:07:27.855Z - crit: <reporting> <findIdByDescription> Matching result [{"__v":0,"_id":"53020e36f09a48dc29000034","marketId":"1.112881803","name":"FlamP (RSA) 17th Feb","orderCount":40,"profit":null,"suspensionTime":"2014-02-17T13:27:18.557Z","type":"To Be Placed","winners":"Sir Isaac, Foam Party, Imperani","runners":[{"_id":"530225af75cc3ab426000013"}]}]
2014-02-17T15:07:27.855Z - crit: <reporting> <assignWinners> Mathcing result = {"__v":0,"_id":"53020e36f09a48dc29000034","marketId":"1.112881803","name":"FlamP (RSA) 17th Feb","orderCount":40,"profit":null,"suspensionTime":"2014-02-17T13:27:18.557Z","type":"To Be Placed","winners":"Sir Isaac, Foam Party, Imperani","runners":[{"_id":"530225af75cc3ab426000013"}]}
2014-02-17T15:07:27.856Z - crit: <db_results> <update> MID = 1.112881803, totalProfit = 0, winners = Sir Isaac, Foam Party, Imperani
2014-02-17T15:07:27.859Z - crit: <reporting> <findIdByDescription> Matching result [{"__v":0,"_id":"5301fa9425e2318827000002","marketId":"1.112883116","name":"Cagnes (FRA) 17th Feb","orderCount":55,"profit":null,"suspensionTime":"2014-02-17T12:03:32.323Z","type":"1600m Claim","winners":"Tarnag","runners":[{"_id":"530225af75cc3ab426000012"}]}]
2014-02-17T15:07:27.860Z - crit: <reporting> <assignWinners> Mathcing result = {"__v":0,"_id":"5301fa9425e2318827000002","marketId":"1.112883116","name":"Cagnes (FRA) 17th Feb","orderCount":55,"profit":null,"suspensionTime":"2014-02-17T12:03:32.323Z","type":"1600m Claim","winners":"Tarnag","runners":[{"_id":"530225af75cc3ab426000012"}]}
2014-02-17T15:07:27.860Z - crit: <db_results> <update> MID = 1.112883116, totalProfit = 0, winners = Tarnag
2014-02-17T15:07:27.885Z - crit: <reporting> <updateResult> totalProfit = {"totalProfit":0,"marketId":"1.112881803","winners":["Sir Isaac"," Foam Party"," Imperani"]}
2014-02-17T15:07:28.025Z - crit: <reporting> <updateResult> totalProfit = {"totalProfit":0,"marketId":"1.112883116","winners":["Tarnag"]}
2014-02-17T15:07:37.852Z - crit: <db_results> <getList> List : [{"name":"Wolv 17th Feb","type":"5f Hcap","marketId":"1.112881781","suspensionTime":"2014-02-17T12:58:01.251Z","orderCount":1,"winners":"","profit":null,"_id":"53020759f877576c26000019","__v":0,"runners":[{"_id":"530225b975cc3ab426000014"}]},{"__v":0,"_id":"5301fa9425e2318827000002","marketId":"1.112883116","name":"Cagnes (FRA) 17th Feb","orderCount":55,"profit":null,"suspensionTime":"2014-02-17T12:03:32.323Z","type":"1600m Claim","winners":"Tarnag","runners":[{"_id":"530225b975cc3ab426000015"}]},{"__v":0,"_id":"53020e36f09a48dc29000034","marketId":"1.112881803","name":"FlamP (RSA) 17th Feb","orderCount":40,"profit":null,"suspensionTime":"2014-02-17T13:27:18.557Z","type":"To Be Placed","winners":"Sir Isaac, Foam Party, Imperani","runners":[{"_id":"530225b975cc3ab426000016"}]}]
2014-02-17T15:07:37.853Z - crit: <reporting> <findIdByDescription> Matching result [{"__v":0,"_id":"53020e36f09a48dc29000034","marketId":"1.112881803","name":"FlamP (RSA) 17th Feb","orderCount":40,"profit":null,"suspensionTime":"2014-02-17T13:27:18.557Z","type":"To Be Placed","winners":"Sir Isaac, Foam Party, Imperani","runners":[{"_id":"530225b975cc3ab426000016"}]}]
2014-02-17T15:07:37.853Z - crit: <reporting> <assignWinners> Mathcing result = {"__v":0,"_id":"53020e36f09a48dc29000034","marketId":"1.112881803","name":"FlamP (RSA) 17th Feb","orderCount":40,"profit":null,"suspensionTime":"2014-02-17T13:27:18.557Z","type":"To Be Placed","winners":"Sir Isaac, Foam Party, Imperani","runners":[{"_id":"530225b975cc3ab426000016"}]}
2014-02-17T15:07:37.853Z - crit: <db_results> <update> MID = 1.112881803, totalProfit = 0, winners = Sir Isaac, Foam Party, Imperani
2014-02-17T15:07:37.857Z - crit: <reporting> <findIdByDescription> Matching result [{"__v":0,"_id":"5301fa9425e2318827000002","marketId":"1.112883116","name":"Cagnes (FRA) 17th Feb","orderCount":55,"profit":null,"suspensionTime":"2014-02-17T12:03:32.323Z","type":"1600m Claim","winners":"Tarnag","runners":[{"_id":"530225b975cc3ab426000015"}]}]
2014-02-17T15:07:37.857Z - crit: <reporting> <assignWinners> Mathcing result = {"__v":0,"_id":"5301fa9425e2318827000002","marketId":"1.112883116","name":"Cagnes (FRA) 17th Feb","orderCount":55,"profit":null,"suspensionTime":"2014-02-17T12:03:32.323Z","type":"1600m Claim","winners":"Tarnag","runners":[{"_id":"530225b975cc3ab426000015"}]}
2014-02-17T15:07:37.857Z - crit: <db_results> <update> MID = 1.112883116, totalProfit = 0, winners = Tarnag
2014-02-17T15:07:37.882Z - crit: <reporting> <updateResult> totalProfit = {"totalProfit":0,"marketId":"1.112881803","winners":["Sir Isaac"," Foam Party"," Imperani"]}
2014-02-17T15:07:37.897Z - crit: <reporting> <updateResult> totalProfit = {"totalProfit":0,"marketId":"1.112883116","winners":["Tarnag"]}
2014-02-17T15:07:47.847Z - crit: <db_results> <getList> List : [{"name":"Wolv 17th Feb","type":"5f Hcap","marketId":"1.112881781","suspensionTime":"2014-02-17T12:58:01.251Z","orderCount":1,"winners":"","profit":null,"_id":"53020759f877576c26000019","__v":0,"runners":[{"_id":"530225c375cc3ab426000017"}]},{"__v":0,"_id":"5301fa9425e2318827000002","marketId":"1.112883116","name":"Cagnes (FRA) 17th Feb","orderCount":55,"profit":null,"suspensionTime":"2014-02-17T12:03:32.323Z","type":"1600m Claim","winners":"Tarnag","runners":[{"_id":"530225c375cc3ab426000018"}]},{"__v":0,"_id":"53020e36f09a48dc29000034","marketId":"1.112881803","name":"FlamP (RSA) 17th Feb","orderCount":40,"profit":null,"suspensionTime":"2014-02-17T13:27:18.557Z","type":"To Be Placed","winners":"Sir Isaac, Foam Party, Imperani","runners":[{"_id":"530225c375cc3ab426000019"}]}]
2014-02-17T15:07:47.848Z - crit: <reporting> <findIdByDescription> Matching result [{"__v":0,"_id":"53020e36f09a48dc29000034","marketId":"1.112881803","name":"FlamP (RSA) 17th Feb","orderCount":40,"profit":null,"suspensionTime":"2014-02-17T13:27:18.557Z","type":"To Be Placed","winners":"Sir Isaac, Foam Party, Imperani","runners":[{"_id":"530225c375cc3ab426000019"}]}]
2014-02-17T15:07:47.848Z - crit: <reporting> <assignWinners> Mathcing result = {"__v":0,"_id":"53020e36f09a48dc29000034","marketId":"1.112881803","name":"FlamP (RSA) 17th Feb","orderCount":40,"profit":null,"suspensionTime":"2014-02-17T13:27:18.557Z","type":"To Be Placed","winners":"Sir Isaac, Foam Party, Imperani","runners":[{"_id":"530225c375cc3ab426000019"}]}
2014-02-17T15:07:47.848Z - crit: <db_results> <update> MID = 1.112881803, totalProfit = 0, winners = Sir Isaac, Foam Party, Imperani
2014-02-17T15:07:47.851Z - crit: <reporting> <findIdByDescription> Matching result [{"__v":0,"_id":"5301fa9425e2318827000002","marketId":"1.112883116","name":"Cagnes (FRA) 17th Feb","orderCount":55,"profit":null,"suspensionTime":"2014-02-17T12:03:32.323Z","type":"1600m Claim","winners":"Tarnag","runners":[{"_id":"530225c375cc3ab426000018"}]}]
2014-02-17T15:07:47.851Z - crit: <reporting> <assignWinners> Mathcing result = {"__v":0,"_id":"5301fa9425e2318827000002","marketId":"1.112883116","name":"Cagnes (FRA) 17th Feb","orderCount":55,"profit":null,"suspensionTime":"2014-02-17T12:03:32.323Z","type":"1600m Claim","winners":"Tarnag","runners":[{"_id":"530225c375cc3ab426000018"}]}
2014-02-17T15:07:47.851Z - crit: <db_results> <update> MID = 1.112883116, totalProfit = 0, winners = Tarnag
2014-02-17T15:07:47.873Z - crit: <reporting> <updateResult> totalProfit = {"totalProfit":0,"marketId":"1.112881803","winners":["Sir Isaac"," Foam Party"," Imperani"]}
2014-02-17T15:07:47.886Z - crit: <reporting> <updateResult> totalProfit = {"totalProfit":0,"marketId":"1.112883116","winners":["Tarnag"]}
2014-02-17T15:07:57.850Z - crit: <db_results> <getList> List : [{"name":"Wolv 17th Feb","type":"5f Hcap","marketId":"1.112881781","suspensionTime":"2014-02-17T12:58:01.251Z","orderCount":1,"winners":"","profit":null,"_id":"53020759f877576c26000019","__v":0,"runners":[{"_id":"530225cd75cc3ab42600001a"}]},{"__v":0,"_id":"5301fa9425e2318827000002","marketId":"1.112883116","name":"Cagnes (FRA) 17th Feb","orderCount":55,"profit":null,"suspensionTime":"2014-02-17T12:03:32.323Z","type":"1600m Claim","winners":"Tarnag","runners":[{"_id":"530225cd75cc3ab42600001b"}]},{"__v":0,"_id":"53020e36f09a48dc29000034","marketId":"1.112881803","name":"FlamP (RSA) 17th Feb","orderCount":40,"profit":null,"suspensionTime":"2014-02-17T13:27:18.557Z","type":"To Be Placed","winners":"Sir Isaac, Foam Party, Imperani","runners":[{"_id":"530225cd75cc3ab42600001c"}]}]
2014-02-17T15:07:57.850Z - crit: <reporting> <findIdByDescription> Matching result [{"__v":0,"_id":"53020e36f09a48dc29000034","marketId":"1.112881803","name":"FlamP (RSA) 17th Feb","orderCount":40,"profit":null,"suspensionTime":"2014-02-17T13:27:18.557Z","type":"To Be Placed","winners":"Sir Isaac, Foam Party, Imperani","runners":[{"_id":"530225cd75cc3ab42600001c"}]}]
2014-02-17T15:07:57.850Z - crit: <reporting> <assignWinners> Mathcing result = {"__v":0,"_id":"53020e36f09a48dc29000034","marketId":"1.112881803","name":"FlamP (RSA) 17th Feb","orderCount":40,"profit":null,"suspensionTime":"2014-02-17T13:27:18.557Z","type":"To Be Placed","winners":"Sir Isaac, Foam Party, Imperani","runners":[{"_id":"530225cd75cc3ab42600001c"}]}
2014-02-17T15:07:57.850Z - crit: <db_results> <update> MID = 1.112881803, totalProfit = 0, winners = Sir Isaac, Foam Party, Imperani
2014-02-17T15:07:57.854Z - crit: <reporting> <findIdByDescription> Matching result [{"__v":0,"_id":"5301fa9425e2318827000002","marketId":"1.112883116","name":"Cagnes (FRA) 17th Feb","orderCount":55,"profit":null,"suspensionTime":"2014-02-17T12:03:32.323Z","type":"1600m Claim","winners":"Tarnag","runners":[{"_id":"530225cd75cc3ab42600001b"}]}]
2014-02-17T15:07:57.854Z - crit: <reporting> <assignWinners> Mathcing result = {"__v":0,"_id":"5301fa9425e2318827000002","marketId":"1.112883116","name":"Cagnes (FRA) 17th Feb","orderCount":55,"profit":null,"suspensionTime":"2014-02-17T12:03:32.323Z","type":"1600m Claim","winners":"Tarnag","runners":[{"_id":"530225cd75cc3ab42600001b"}]}
2014-02-17T15:07:57.854Z - crit: <db_results> <update> MID = 1.112883116, totalProfit = 0, winners = Tarnag
2014-02-17T15:07:57.876Z - crit: <reporting> <updateResult> totalProfit = {"totalProfit":0,"marketId":"1.112881803","winners":["Sir Isaac"," Foam Party"," Imperani"]}
2014-02-17T15:07:57.892Z - crit: <reporting> <updateResult> totalProfit = {"totalProfit":0,"marketId":"1.112883116","winners":["Tarnag"]}
2014-02-17T15:08:07.849Z - crit: <db_results> <getList> List : [{"name":"Wolv 17th Feb","type":"5f Hcap","marketId":"1.112881781","suspensionTime":"2014-02-17T12:58:01.251Z","orderCount":1,"winners":"","profit":null,"_id":"53020759f877576c26000019","__v":0,"runners":[{"_id":"530225d775cc3ab42600001d"}]},{"__v":0,"_id":"5301fa9425e2318827000002","marketId":"1.112883116","name":"Cagnes (FRA) 17th Feb","orderCount":55,"profit":null,"suspensionTime":"2014-02-17T12:03:32.323Z","type":"1600m Claim","winners":"Tarnag","runners":[{"_id":"530225d775cc3ab42600001e"}]},{"__v":0,"_id":"53020e36f09a48dc29000034","marketId":"1.112881803","name":"FlamP (RSA) 17th Feb","orderCount":40,"profit":null,"suspensionTime":"2014-02-17T13:27:18.557Z","type":"To Be Placed","winners":"Sir Isaac, Foam Party, Imperani","runners":[{"_id":"530225d775cc3ab42600001f"}]}]
2014-02-17T15:08:07.849Z - crit: <reporting> <findIdByDescription> Matching result [{"__v":0,"_id":"53020e36f09a48dc29000034","marketId":"1.112881803","name":"FlamP (RSA) 17th Feb","orderCount":40,"profit":null,"suspensionTime":"2014-02-17T13:27:18.557Z","type":"To Be Placed","winners":"Sir Isaac, Foam Party, Imperani","runners":[{"_id":"530225d775cc3ab42600001f"}]}]
2014-02-17T15:08:07.849Z - crit: <reporting> <assignWinners> Mathcing result = {"__v":0,"_id":"53020e36f09a48dc29000034","marketId":"1.112881803","name":"FlamP (RSA) 17th Feb","orderCount":40,"profit":null,"suspensionTime":"2014-02-17T13:27:18.557Z","type":"To Be Placed","winners":"Sir Isaac, Foam Party, Imperani","runners":[{"_id":"530225d775cc3ab42600001f"}]}
2014-02-17T15:08:07.849Z - crit: <db_results> <update> MID = 1.112881803, totalProfit = 0, winners = Sir Isaac, Foam Party, Imperani
2014-02-17T15:08:07.854Z - crit: <reporting> <findIdByDescription> Matching result [{"__v":0,"_id":"5301fa9425e2318827000002","marketId":"1.112883116","name":"Cagnes (FRA) 17th Feb","orderCount":55,"profit":null,"suspensionTime":"2014-02-17T12:03:32.323Z","type":"1600m Claim","winners":"Tarnag","runners":[{"_id":"530225d775cc3ab42600001e"}]}]
2014-02-17T15:08:07.854Z - crit: <reporting> <assignWinners> Mathcing result = {"__v":0,"_id":"5301fa9425e2318827000002","marketId":"1.112883116","name":"Cagnes (FRA) 17th Feb","orderCount":55,"profit":null,"suspensionTime":"2014-02-17T12:03:32.323Z","type":"1600m Claim","winners":"Tarnag","runners":[{"_id":"530225d775cc3ab42600001e"}]}
2014-02-17T15:08:07.854Z - crit: <db_results> <update> MID = 1.112883116, totalProfit = 0, winners = Tarnag
2014-02-17T15:08:07.877Z - crit: <reporting> <updateResult> totalProfit = {"totalProfit":0,"marketId":"1.112881803","winners":["Sir Isaac"," Foam Party"," Imperani"]}
2014-02-17T15:08:07.892Z - crit: <reporting> <updateResult> totalProfit = {"totalProfit":0,"marketId":"1.112883116","winners":["Tarnag"]}
2014-02-17T15:08:17.848Z - crit: <db_results> <getList> List : [{"name":"Wolv 17th Feb","type":"5f Hcap","marketId":"1.112881781","suspensionTime":"2014-02-17T12:58:01.251Z","orderCount":1,"winners":"","profit":null,"_id":"53020759f877576c26000019","__v":0,"runners":[{"_id":"530225e175cc3ab426000020"}]},{"__v":0,"_id":"5301fa9425e2318827000002","marketId":"1.112883116","name":"Cagnes (FRA) 17th Feb","orderCount":55,"profit":null,"suspensionTime":"2014-02-17T12:03:32.323Z","type":"1600m Claim","winners":"Tarnag","runners":[{"_id":"530225e175cc3ab426000021"}]},{"__v":0,"_id":"53020e36f09a48dc29000034","marketId":"1.112881803","name":"FlamP (RSA) 17th Feb","orderCount":40,"profit":null,"suspensionTime":"2014-02-17T13:27:18.557Z","type":"To Be Placed","winners":"Sir Isaac, Foam Party, Imperani","runners":[{"_id":"530225e175cc3ab426000022"}]}]
2014-02-17T15:08:17.848Z - crit: <reporting> <findIdByDescription> Matching result [{"__v":0,"_id":"53020e36f09a48dc29000034","marketId":"1.112881803","name":"FlamP (RSA) 17th Feb","orderCount":40,"profit":null,"suspensionTime":"2014-02-17T13:27:18.557Z","type":"To Be Placed","winners":"Sir Isaac, Foam Party, Imperani","runners":[{"_id":"530225e175cc3ab426000022"}]}]
2014-02-17T15:08:17.848Z - crit: <reporting> <assignWinners> Mathcing result = {"__v":0,"_id":"53020e36f09a48dc29000034","marketId":"1.112881803","name":"FlamP (RSA) 17th Feb","orderCount":40,"profit":null,"suspensionTime":"2014-02-17T13:27:18.557Z","type":"To Be Placed","winners":"Sir Isaac, Foam Party, Imperani","runners":[{"_id":"530225e175cc3ab426000022"}]}
2014-02-17T15:08:17.848Z - crit: <db_results> <update> MID = 1.112881803, totalProfit = 0, winners = Sir Isaac, Foam Party, Imperani
2014-02-17T15:08:17.851Z - crit: <reporting> <findIdByDescription> Matching result [{"__v":0,"_id":"5301fa9425e2318827000002","marketId":"1.112883116","name":"Cagnes (FRA) 17th Feb","orderCount":55,"profit":null,"suspensionTime":"2014-02-17T12:03:32.323Z","type":"1600m Claim","winners":"Tarnag","runners":[{"_id":"530225e175cc3ab426000021"}]}]
2014-02-17T15:08:17.851Z - crit: <reporting> <assignWinners> Mathcing result = {"__v":0,"_id":"5301fa9425e2318827000002","marketId":"1.112883116","name":"Cagnes (FRA) 17th Feb","orderCount":55,"profit":null,"suspensionTime":"2014-02-17T12:03:32.323Z","type":"1600m Claim","winners":"Tarnag","runners":[{"_id":"530225e175cc3ab426000021"}]}
2014-02-17T15:08:17.851Z - crit: <db_results> <update> MID = 1.112883116, totalProfit = 0, winners = Tarnag
2014-02-17T15:08:17.874Z - crit: <reporting> <updateResult> totalProfit = {"totalProfit":0,"marketId":"1.112881803","winners":["Sir Isaac"," Foam Party"," Imperani"]}
2014-02-17T15:08:17.887Z - crit: <reporting> <updateResult> totalProfit = {"totalProfit":0,"marketId":"1.112883116","winners":["Tarnag"]}
2014-02-17T15:08:17.937Z - crit: <marketfactory> <remove> MID = 1.112888300 (1/0)
2014-02-17T15:08:17.938Z - error: <batch> <increaseBatchCt> Exceeding batch limit of 10
2014-02-17T15:08:17.948Z - crit: <pingprices> <ping> Minimum interval changed to 27ms
2014-02-17T15:08:27.844Z - crit: <db_results> <getList> List : [{"name":"Wolv 17th Feb","type":"5f Hcap","marketId":"1.112881781","suspensionTime":"2014-02-17T12:58:01.251Z","orderCount":1,"winners":"","profit":null,"_id":"53020759f877576c26000019","__v":0,"runners":[{"_id":"530225eb75cc3ab426000023"}]},{"__v":0,"_id":"5301fa9425e2318827000002","marketId":"1.112883116","name":"Cagnes (FRA) 17th Feb","orderCount":55,"profit":null,"suspensionTime":"2014-02-17T12:03:32.323Z","type":"1600m Claim","winners":"Tarnag","runners":[{"_id":"530225eb75cc3ab426000024"}]},{"__v":0,"_id":"53020e36f09a48dc29000034","marketId":"1.112881803","name":"FlamP (RSA) 17th Feb","orderCount":40,"profit":null,"suspensionTime":"2014-02-17T13:27:18.557Z","type":"To Be Placed","winners":"Sir Isaac, Foam Party, Imperani","runners":[{"_id":"530225eb75cc3ab426000025"}]}]
2014-02-17T15:08:27.844Z - crit: <reporting> <findIdByDescription> Matching result [{"__v":0,"_id":"53020e36f09a48dc29000034","marketId":"1.112881803","name":"FlamP (RSA) 17th Feb","orderCount":40,"profit":null,"suspensionTime":"2014-02-17T13:27:18.557Z","type":"To Be Placed","winners":"Sir Isaac, Foam Party, Imperani","runners":[{"_id":"530225eb75cc3ab426000025"}]}]
2014-02-17T15:08:27.844Z - crit: <reporting> <assignWinners> Mathcing result = {"__v":0,"_id":"53020e36f09a48dc29000034","marketId":"1.112881803","name":"FlamP (RSA) 17th Feb","orderCount":40,"profit":null,"suspensionTime":"2014-02-17T13:27:18.557Z","type":"To Be Placed","winners":"Sir Isaac, Foam Party, Imperani","runners":[{"_id":"530225eb75cc3ab426000025"}]}
2014-02-17T15:08:27.844Z - crit: <db_results> <update> MID = 1.112881803, totalProfit = 0, winners = Sir Isaac, Foam Party, Imperani
2014-02-17T15:08:27.848Z - crit: <reporting> <findIdByDescription> Matching result [{"__v":0,"_id":"5301fa9425e2318827000002","marketId":"1.112883116","name":"Cagnes (FRA) 17th Feb","orderCount":55,"profit":null,"suspensionTime":"2014-02-17T12:03:32.323Z","type":"1600m Claim","winners":"Tarnag","runners":[{"_id":"530225eb75cc3ab426000024"}]}]
2014-02-17T15:08:27.848Z - crit: <reporting> <assignWinners> Mathcing result = {"__v":0,"_id":"5301fa9425e2318827000002","marketId":"1.112883116","name":"Cagnes (FRA) 17th Feb","orderCount":55,"profit":null,"suspensionTime":"2014-02-17T12:03:32.323Z","type":"1600m Claim","winners":"Tarnag","runners":[{"_id":"530225eb75cc3ab426000024"}]}
2014-02-17T15:08:27.848Z - crit: <db_results> <update> MID = 1.112883116, totalProfit = 0, winners = Tarnag
2014-02-17T15:08:27.872Z - crit: <reporting> <updateResult> totalProfit = {"totalProfit":0,"marketId":"1.112881803","winners":["Sir Isaac"," Foam Party"," Imperani"]}
2014-02-17T15:08:27.883Z - crit: <reporting> <updateResult> totalProfit = {"totalProfit":0,"marketId":"1.112883116","winners":["Tarnag"]}
2014-02-17T15:08:37.917Z - crit: <db_results> <getList> List : [{"name":"Wolv 17th Feb","type":"5f Hcap","marketId":"1.112881781","suspensionTime":"2014-02-17T12:58:01.251Z","orderCount":1,"winners":"","profit":null,"_id":"53020759f877576c26000019","__v":0,"runners":[{"_id":"530225f575cc3ab426000026"}]},{"__v":0,"_id":"5301fa9425e2318827000002","marketId":"1.112883116","name":"Cagnes (FRA) 17th Feb","orderCount":55,"profit":null,"suspensionTime":"2014-02-17T12:03:32.323Z","type":"1600m Claim","winners":"Tarnag","runners":[{"_id":"530225f575cc3ab426000027"}]},{"__v":0,"_id":"53020e36f09a48dc29000034","marketId":"1.112881803","name":"FlamP (RSA) 17th Feb","orderCount":40,"profit":null,"suspensionTime":"2014-02-17T13:27:18.557Z","type":"To Be Placed","winners":"Sir Isaac, Foam Party, Imperani","runners":[{"_id":"530225f575cc3ab426000028"}]}]
2014-02-17T15:08:37.917Z - crit: <reporting> <findIdByDescription> Matching result [{"__v":0,"_id":"53020e36f09a48dc29000034","marketId":"1.112881803","name":"FlamP (RSA) 17th Feb","orderCount":40,"profit":null,"suspensionTime":"2014-02-17T13:27:18.557Z","type":"To Be Placed","winners":"Sir Isaac, Foam Party, Imperani","runners":[{"_id":"530225f575cc3ab426000028"}]}]
2014-02-17T15:08:37.917Z - crit: <reporting> <assignWinners> Mathcing result = {"__v":0,"_id":"53020e36f09a48dc29000034","marketId":"1.112881803","name":"FlamP (RSA) 17th Feb","orderCount":40,"profit":null,"suspensionTime":"2014-02-17T13:27:18.557Z","type":"To Be Placed","winners":"Sir Isaac, Foam Party, Imperani","runners":[{"_id":"530225f575cc3ab426000028"}]}
2014-02-17T15:08:37.917Z - crit: <db_results> <update> MID = 1.112881803, totalProfit = 0, winners = Sir Isaac, Foam Party, Imperani
2014-02-17T15:08:37.920Z - crit: <reporting> <findIdByDescription> Matching result [{"__v":0,"_id":"5301fa9425e2318827000002","marketId":"1.112883116","name":"Cagnes (FRA) 17th Feb","orderCount":55,"profit":null,"suspensionTime":"2014-02-17T12:03:32.323Z","type":"1600m Claim","winners":"Tarnag","runners":[{"_id":"530225f575cc3ab426000027"}]}]
2014-02-17T15:08:37.920Z - crit: <reporting> <assignWinners> Mathcing result = {"__v":0,"_id":"5301fa9425e2318827000002","marketId":"1.112883116","name":"Cagnes (FRA) 17th Feb","orderCount":55,"profit":null,"suspensionTime":"2014-02-17T12:03:32.323Z","type":"1600m Claim","winners":"Tarnag","runners":[{"_id":"530225f575cc3ab426000027"}]}
2014-02-17T15:08:37.920Z - crit: <db_results> <update> MID = 1.112883116, totalProfit = 0, winners = Tarnag
2014-02-17T15:08:38.245Z - crit: <reporting> <updateResult> totalProfit = {"totalProfit":0,"marketId":"1.112881803","winners":["Sir Isaac"," Foam Party"," Imperani"]}
2014-02-17T15:08:38.364Z - crit: <reporting> <updateResult> totalProfit = {"totalProfit":0,"marketId":"1.112883116","winners":["Tarnag"]}
2014-02-17T15:08:48.047Z - crit: <db_results> <getList> List : [{"name":"Wolv 17th Feb","type":"5f Hcap","marketId":"1.112881781","suspensionTime":"2014-02-17T12:58:01.251Z","orderCount":1,"winners":"","profit":null,"_id":"53020759f877576c26000019","__v":0,"runners":[{"_id":"5302260075cc3ab426000029"}]},{"__v":0,"_id":"5301fa9425e2318827000002","marketId":"1.112883116","name":"Cagnes (FRA) 17th Feb","orderCount":55,"profit":null,"suspensionTime":"2014-02-17T12:03:32.323Z","type":"1600m Claim","winners":"Tarnag","runners":[{"_id":"5302260075cc3ab42600002a"}]},{"__v":0,"_id":"53020e36f09a48dc29000034","marketId":"1.112881803","name":"FlamP (RSA) 17th Feb","orderCount":40,"profit":null,"suspensionTime":"2014-02-17T13:27:18.557Z","type":"To Be Placed","winners":"Sir Isaac, Foam Party, Imperani","runners":[{"_id":"5302260075cc3ab42600002b"}]}]
2014-02-17T15:08:48.047Z - crit: <reporting> <findIdByDescription> Matching result [{"__v":0,"_id":"53020e36f09a48dc29000034","marketId":"1.112881803","name":"FlamP (RSA) 17th Feb","orderCount":40,"profit":null,"suspensionTime":"2014-02-17T13:27:18.557Z","type":"To Be Placed","winners":"Sir Isaac, Foam Party, Imperani","runners":[{"_id":"5302260075cc3ab42600002b"}]}]
2014-02-17T15:08:48.047Z - crit: <reporting> <assignWinners> Mathcing result = {"__v":0,"_id":"53020e36f09a48dc29000034","marketId":"1.112881803","name":"FlamP (RSA) 17th Feb","orderCount":40,"profit":null,"suspensionTime":"2014-02-17T13:27:18.557Z","type":"To Be Placed","winners":"Sir Isaac, Foam Party, Imperani","runners":[{"_id":"5302260075cc3ab42600002b"}]}
2014-02-17T15:08:48.047Z - crit: <db_results> <update> MID = 1.112881803, totalProfit = 0, winners = Sir Isaac, Foam Party, Imperani
2014-02-17T15:08:48.051Z - crit: <reporting> <findIdByDescription> Matching result [{"__v":0,"_id":"5301fa9425e2318827000002","marketId":"1.112883116","name":"Cagnes (FRA) 17th Feb","orderCount":55,"profit":null,"suspensionTime":"2014-02-17T12:03:32.323Z","type":"1600m Claim","winners":"Tarnag","runners":[{"_id":"5302260075cc3ab42600002a"}]}]
2014-02-17T15:08:48.051Z - crit: <reporting> <assignWinners> Mathcing result = {"__v":0,"_id":"5301fa9425e2318827000002","marketId":"1.112883116","name":"Cagnes (FRA) 17th Feb","orderCount":55,"profit":null,"suspensionTime":"2014-02-17T12:03:32.323Z","type":"1600m Claim","winners":"Tarnag","runners":[{"_id":"5302260075cc3ab42600002a"}]}
2014-02-17T15:08:48.051Z - crit: <db_results> <update> MID = 1.112883116, totalProfit = 0, winners = Tarnag
2014-02-17T15:08:48.063Z - crit: <marketfactory> <remove> MID = 1.112882182 (1/0)
2014-02-17T15:08:48.063Z - crit: <marketfactory> <remove> MID = 1.112882183 (1/0)
2014-02-17T15:08:48.063Z - crit: <marketfactory> <remove> MID = 1.112888331 (1/0)
2014-02-17T15:08:48.203Z - crit: <reporting> <updateResult> totalProfit = {"totalProfit":0,"marketId":"1.112881803","winners":["Sir Isaac"," Foam Party"," Imperani"]}
2014-02-17T15:08:48.220Z - crit: <reporting> <updateResult> totalProfit = {"totalProfit":0,"marketId":"1.112883116","winners":["Tarnag"]}
2014-02-17T15:08:58.027Z - crit: <marketfactory> <remove> MID = 1.112883075 (1/0)
2014-02-17T15:08:58.028Z - crit: <marketfactory> <remove> MID = 1.112883021 (1/0)
2014-02-17T15:08:58.028Z - crit: <marketfactory> <remove> MID = 1.112883020 (1/0)
2014-02-17T15:08:58.087Z - crit: <db_results> <getList> List : [{"name":"Wolv 17th Feb","type":"5f Hcap","marketId":"1.112881781","suspensionTime":"2014-02-17T12:58:01.251Z","orderCount":1,"winners":"","profit":null,"_id":"53020759f877576c26000019","__v":0,"runners":[{"_id":"5302260a75cc3ab42600002c"}]},{"__v":0,"_id":"5301fa9425e2318827000002","marketId":"1.112883116","name":"Cagnes (FRA) 17th Feb","orderCount":55,"profit":null,"suspensionTime":"2014-02-17T12:03:32.323Z","type":"1600m Claim","winners":"Tarnag","runners":[{"_id":"5302260a75cc3ab42600002d"}]},{"__v":0,"_id":"53020e36f09a48dc29000034","marketId":"1.112881803","name":"FlamP (RSA) 17th Feb","orderCount":40,"profit":null,"suspensionTime":"2014-02-17T13:27:18.557Z","type":"To Be Placed","winners":"Sir Isaac, Foam Party, Imperani","runners":[{"_id":"5302260a75cc3ab42600002e"}]}]
2014-02-17T15:08:58.087Z - crit: <reporting> <findIdByDescription> Matching result [{"__v":0,"_id":"53020e36f09a48dc29000034","marketId":"1.112881803","name":"FlamP (RSA) 17th Feb","orderCount":40,"profit":null,"suspensionTime":"2014-02-17T13:27:18.557Z","type":"To Be Placed","winners":"Sir Isaac, Foam Party, Imperani","runners":[{"_id":"5302260a75cc3ab42600002e"}]}]
2014-02-17T15:08:58.087Z - crit: <reporting> <assignWinners> Mathcing result = {"__v":0,"_id":"53020e36f09a48dc29000034","marketId":"1.112881803","name":"FlamP (RSA) 17th Feb","orderCount":40,"profit":null,"suspensionTime":"2014-02-17T13:27:18.557Z","type":"To Be Placed","winners":"Sir Isaac, Foam Party, Imperani","runners":[{"_id":"5302260a75cc3ab42600002e"}]}
2014-02-17T15:08:58.087Z - crit: <db_results> <update> MID = 1.112881803, totalProfit = 0, winners = Sir Isaac, Foam Party, Imperani
2014-02-17T15:08:58.090Z - crit: <reporting> <findIdByDescription> Matching result [{"__v":0,"_id":"5301fa9425e2318827000002","marketId":"1.112883116","name":"Cagnes (FRA) 17th Feb","orderCount":55,"profit":null,"suspensionTime":"2014-02-17T12:03:32.323Z","type":"1600m Claim","winners":"Tarnag","runners":[{"_id":"5302260a75cc3ab42600002d"}]}]
2014-02-17T15:08:58.090Z - crit: <reporting> <assignWinners> Mathcing result = {"__v":0,"_id":"5301fa9425e2318827000002","marketId":"1.112883116","name":"Cagnes (FRA) 17th Feb","orderCount":55,"profit":null,"suspensionTime":"2014-02-17T12:03:32.323Z","type":"1600m Claim","winners":"Tarnag","runners":[{"_id":"5302260a75cc3ab42600002d"}]}
2014-02-17T15:08:58.090Z - crit: <db_results> <update> MID = 1.112883116, totalProfit = 0, winners = Tarnag
2014-02-17T15:08:58.144Z - crit: <reporting> <updateResult> totalProfit = {"totalProfit":0,"marketId":"1.112881803","winners":["Sir Isaac"," Foam Party"," Imperani"]}
2014-02-17T15:08:58.159Z - crit: <reporting> <updateResult> totalProfit = {"totalProfit":0,"marketId":"1.112883116","winners":["Tarnag"]}
2014-02-17T15:09:08.092Z - crit: <db_results> <getList> List : [{"name":"Wolv 17th Feb","type":"5f Hcap","marketId":"1.112881781","suspensionTime":"2014-02-17T12:58:01.251Z","orderCount":1,"winners":"","profit":null,"_id":"53020759f877576c26000019","__v":0,"runners":[{"_id":"5302261475cc3ab42600002f"}]},{"__v":0,"_id":"5301fa9425e2318827000002","marketId":"1.112883116","name":"Cagnes (FRA) 17th Feb","orderCount":55,"profit":null,"suspensionTime":"2014-02-17T12:03:32.323Z","type":"1600m Claim","winners":"Tarnag","runners":[{"_id":"5302261475cc3ab426000030"}]},{"__v":0,"_id":"53020e36f09a48dc29000034","marketId":"1.112881803","name":"FlamP (RSA) 17th Feb","orderCount":40,"profit":null,"suspensionTime":"2014-02-17T13:27:18.557Z","type":"To Be Placed","winners":"Sir Isaac, Foam Party, Imperani","runners":[{"_id":"5302261475cc3ab426000031"}]}]
2014-02-17T15:09:08.092Z - crit: <reporting> <findIdByDescription> Matching result [{"__v":0,"_id":"53020e36f09a48dc29000034","marketId":"1.112881803","name":"FlamP (RSA) 17th Feb","orderCount":40,"profit":null,"suspensionTime":"2014-02-17T13:27:18.557Z","type":"To Be Placed","winners":"Sir Isaac, Foam Party, Imperani","runners":[{"_id":"5302261475cc3ab426000031"}]}]
2014-02-17T15:09:08.092Z - crit: <reporting> <assignWinners> Mathcing result = {"__v":0,"_id":"53020e36f09a48dc29000034","marketId":"1.112881803","name":"FlamP (RSA) 17th Feb","orderCount":40,"profit":null,"suspensionTime":"2014-02-17T13:27:18.557Z","type":"To Be Placed","winners":"Sir Isaac, Foam Party, Imperani","runners":[{"_id":"5302261475cc3ab426000031"}]}
2014-02-17T15:09:08.092Z - crit: <db_results> <update> MID = 1.112881803, totalProfit = 0, winners = Sir Isaac, Foam Party, Imperani
2014-02-17T15:09:08.095Z - crit: <reporting> <findIdByDescription> Matching result [{"__v":0,"_id":"5301fa9425e2318827000002","marketId":"1.112883116","name":"Cagnes (FRA) 17th Feb","orderCount":55,"profit":null,"suspensionTime":"2014-02-17T12:03:32.323Z","type":"1600m Claim","winners":"Tarnag","runners":[{"_id":"5302261475cc3ab426000030"}]}]
2014-02-17T15:09:08.095Z - crit: <reporting> <assignWinners> Mathcing result = {"__v":0,"_id":"5301fa9425e2318827000002","marketId":"1.112883116","name":"Cagnes (FRA) 17th Feb","orderCount":55,"profit":null,"suspensionTime":"2014-02-17T12:03:32.323Z","type":"1600m Claim","winners":"Tarnag","runners":[{"_id":"5302261475cc3ab426000030"}]}
2014-02-17T15:09:08.095Z - crit: <db_results> <update> MID = 1.112883116, totalProfit = 0, winners = Tarnag
2014-02-17T15:09:08.136Z - crit: <reporting> <updateResult> totalProfit = {"totalProfit":0,"marketId":"1.112881803","winners":["Sir Isaac"," Foam Party"," Imperani"]}
2014-02-17T15:09:08.151Z - crit: <reporting> <updateResult> totalProfit = {"totalProfit":0,"marketId":"1.112883116","winners":["Tarnag"]}
2014-02-17T15:09:18.022Z - crit: <db_results> <getList> List : [{"name":"Wolv 17th Feb","type":"5f Hcap","marketId":"1.112881781","suspensionTime":"2014-02-17T12:58:01.251Z","orderCount":1,"winners":"","profit":null,"_id":"53020759f877576c26000019","__v":0,"runners":[{"_id":"5302261e75cc3ab426000032"}]},{"__v":0,"_id":"5301fa9425e2318827000002","marketId":"1.112883116","name":"Cagnes (FRA) 17th Feb","orderCount":55,"profit":null,"suspensionTime":"2014-02-17T12:03:32.323Z","type":"1600m Claim","winners":"Tarnag","runners":[{"_id":"5302261e75cc3ab426000033"}]},{"__v":0,"_id":"53020e36f09a48dc29000034","marketId":"1.112881803","name":"FlamP (RSA) 17th Feb","orderCount":40,"profit":null,"suspensionTime":"2014-02-17T13:27:18.557Z","type":"To Be Placed","winners":"Sir Isaac, Foam Party, Imperani","runners":[{"_id":"5302261e75cc3ab426000034"}]}]
2014-02-17T15:09:18.022Z - crit: <reporting> <findIdByDescription> Matching result [{"__v":0,"_id":"53020e36f09a48dc29000034","marketId":"1.112881803","name":"FlamP (RSA) 17th Feb","orderCount":40,"profit":null,"suspensionTime":"2014-02-17T13:27:18.557Z","type":"To Be Placed","winners":"Sir Isaac, Foam Party, Imperani","runners":[{"_id":"5302261e75cc3ab426000034"}]}]
2014-02-17T15:09:18.023Z - crit: <reporting> <assignWinners> Mathcing result = {"__v":0,"_id":"53020e36f09a48dc29000034","marketId":"1.112881803","name":"FlamP (RSA) 17th Feb","orderCount":40,"profit":null,"suspensionTime":"2014-02-17T13:27:18.557Z","type":"To Be Placed","winners":"Sir Isaac, Foam Party, Imperani","runners":[{"_id":"5302261e75cc3ab426000034"}]}
2014-02-17T15:09:18.023Z - crit: <db_results> <update> MID = 1.112881803, totalProfit = 0, winners = Sir Isaac, Foam Party, Imperani
2014-02-17T15:09:18.026Z - crit: <reporting> <findIdByDescription> Matching result [{"__v":0,"_id":"5301fa9425e2318827000002","marketId":"1.112883116","name":"Cagnes (FRA) 17th Feb","orderCount":55,"profit":null,"suspensionTime":"2014-02-17T12:03:32.323Z","type":"1600m Claim","winners":"Tarnag","runners":[{"_id":"5302261e75cc3ab426000033"}]}]
2014-02-17T15:09:18.026Z - crit: <reporting> <assignWinners> Mathcing result = {"__v":0,"_id":"5301fa9425e2318827000002","marketId":"1.112883116","name":"Cagnes (FRA) 17th Feb","orderCount":55,"profit":null,"suspensionTime":"2014-02-17T12:03:32.323Z","type":"1600m Claim","winners":"Tarnag","runners":[{"_id":"5302261e75cc3ab426000033"}]}
2014-02-17T15:09:18.026Z - crit: <db_results> <update> MID = 1.112883116, totalProfit = 0, winners = Tarnag
2014-02-17T15:09:18.050Z - crit: <marketfactory> <remove> MID = 1.112882182 (1/0)
2014-02-17T15:09:18.050Z - crit: <marketfactory> <remove> MID = 1.112882183 (1/0)
2014-02-17T15:09:18.050Z - crit: <marketfactory> <remove> MID = 1.112888331 (1/0)
2014-02-17T15:09:18.110Z - crit: <reporting> <updateResult> totalProfit = {"totalProfit":0,"marketId":"1.112881803","winners":["Sir Isaac"," Foam Party"," Imperani"]}
2014-02-17T15:09:18.125Z - crit: <reporting> <updateResult> totalProfit = {"totalProfit":0,"marketId":"1.112883116","winners":["Tarnag"]}
2014-02-17T15:09:27.988Z - crit: <db_results> <getList> List : [{"name":"Wolv 17th Feb","type":"5f Hcap","marketId":"1.112881781","suspensionTime":"2014-02-17T12:58:01.251Z","orderCount":1,"winners":"","profit":null,"_id":"53020759f877576c26000019","__v":0,"runners":[{"_id":"5302262775cc3ab426000035"}]},{"__v":0,"_id":"5301fa9425e2318827000002","marketId":"1.112883116","name":"Cagnes (FRA) 17th Feb","orderCount":55,"profit":null,"suspensionTime":"2014-02-17T12:03:32.323Z","type":"1600m Claim","winners":"Tarnag","runners":[{"_id":"5302262775cc3ab426000036"}]},{"__v":0,"_id":"53020e36f09a48dc29000034","marketId":"1.112881803","name":"FlamP (RSA) 17th Feb","orderCount":40,"profit":null,"suspensionTime":"2014-02-17T13:27:18.557Z","type":"To Be Placed","winners":"Sir Isaac, Foam Party, Imperani","runners":[{"_id":"5302262775cc3ab426000037"}]}]
2014-02-17T15:09:27.988Z - crit: <reporting> <findIdByDescription> Matching result [{"__v":0,"_id":"53020e36f09a48dc29000034","marketId":"1.112881803","name":"FlamP (RSA) 17th Feb","orderCount":40,"profit":null,"suspensionTime":"2014-02-17T13:27:18.557Z","type":"To Be Placed","winners":"Sir Isaac, Foam Party, Imperani","runners":[{"_id":"5302262775cc3ab426000037"}]}]
2014-02-17T15:09:27.988Z - crit: <reporting> <assignWinners> Mathcing result = {"__v":0,"_id":"53020e36f09a48dc29000034","marketId":"1.112881803","name":"FlamP (RSA) 17th Feb","orderCount":40,"profit":null,"suspensionTime":"2014-02-17T13:27:18.557Z","type":"To Be Placed","winners":"Sir Isaac, Foam Party, Imperani","runners":[{"_id":"5302262775cc3ab426000037"}]}
2014-02-17T15:09:27.988Z - crit: <db_results> <update> MID = 1.112881803, totalProfit = 0, winners = Sir Isaac, Foam Party, Imperani
2014-02-17T15:09:27.991Z - crit: <reporting> <findIdByDescription> Matching result [{"__v":0,"_id":"5301fa9425e2318827000002","marketId":"1.112883116","name":"Cagnes (FRA) 17th Feb","orderCount":55,"profit":null,"suspensionTime":"2014-02-17T12:03:32.323Z","type":"1600m Claim","winners":"Tarnag","runners":[{"_id":"5302262775cc3ab426000036"}]}]
2014-02-17T15:09:27.992Z - crit: <reporting> <assignWinners> Mathcing result = {"__v":0,"_id":"5301fa9425e2318827000002","marketId":"1.112883116","name":"Cagnes (FRA) 17th Feb","orderCount":55,"profit":null,"suspensionTime":"2014-02-17T12:03:32.323Z","type":"1600m Claim","winners":"Tarnag","runners":[{"_id":"5302262775cc3ab426000036"}]}
2014-02-17T15:09:27.992Z - crit: <db_results> <update> MID = 1.112883116, totalProfit = 0, winners = Tarnag
2014-02-17T15:09:28.026Z - crit: <reporting> <updateResult> totalProfit = {"totalProfit":0,"marketId":"1.112881803","winners":["Sir Isaac"," Foam Party"," Imperani"]}
2014-02-17T15:09:28.040Z - crit: <reporting> <updateResult> totalProfit = {"totalProfit":0,"marketId":"1.112883116","winners":["Tarnag"]}
2014-02-17T15:09:37.899Z - crit: <db_results> <getList> List : [{"name":"Wolv 17th Feb","type":"5f Hcap","marketId":"1.112881781","suspensionTime":"2014-02-17T12:58:01.251Z","orderCount":1,"winners":"","profit":null,"_id":"53020759f877576c26000019","__v":0,"runners":[{"_id":"5302263175cc3ab426000038"}]},{"__v":0,"_id":"5301fa9425e2318827000002","marketId":"1.112883116","name":"Cagnes (FRA) 17th Feb","orderCount":55,"profit":null,"suspensionTime":"2014-02-17T12:03:32.323Z","type":"1600m Claim","winners":"Tarnag","runners":[{"_id":"5302263175cc3ab426000039"}]},{"__v":0,"_id":"53020e36f09a48dc29000034","marketId":"1.112881803","name":"FlamP (RSA) 17th Feb","orderCount":40,"profit":null,"suspensionTime":"2014-02-17T13:27:18.557Z","type":"To Be Placed","winners":"Sir Isaac, Foam Party, Imperani","runners":[{"_id":"5302263175cc3ab42600003a"}]}]
2014-02-17T15:09:37.899Z - crit: <reporting> <findIdByDescription> Matching result [{"__v":0,"_id":"53020e36f09a48dc29000034","marketId":"1.112881803","name":"FlamP (RSA) 17th Feb","orderCount":40,"profit":null,"suspensionTime":"2014-02-17T13:27:18.557Z","type":"To Be Placed","winners":"Sir Isaac, Foam Party, Imperani","runners":[{"_id":"5302263175cc3ab42600003a"}]}]
2014-02-17T15:09:37.899Z - crit: <reporting> <assignWinners> Mathcing result = {"__v":0,"_id":"53020e36f09a48dc29000034","marketId":"1.112881803","name":"FlamP (RSA) 17th Feb","orderCount":40,"profit":null,"suspensionTime":"2014-02-17T13:27:18.557Z","type":"To Be Placed","winners":"Sir Isaac, Foam Party, Imperani","runners":[{"_id":"5302263175cc3ab42600003a"}]}
2014-02-17T15:09:37.899Z - crit: <db_results> <update> MID = 1.112881803, totalProfit = 0, winners = Sir Isaac, Foam Party, Imperani
2014-02-17T15:09:37.902Z - crit: <reporting> <findIdByDescription> Matching result [{"__v":0,"_id":"5301fa9425e2318827000002","marketId":"1.112883116","name":"Cagnes (FRA) 17th Feb","orderCount":55,"profit":null,"suspensionTime":"2014-02-17T12:03:32.323Z","type":"1600m Claim","winners":"Tarnag","runners":[{"_id":"5302263175cc3ab426000039"}]}]
2014-02-17T15:09:37.903Z - crit: <reporting> <assignWinners> Mathcing result = {"__v":0,"_id":"5301fa9425e2318827000002","marketId":"1.112883116","name":"Cagnes (FRA) 17th Feb","orderCount":55,"profit":null,"suspensionTime":"2014-02-17T12:03:32.323Z","type":"1600m Claim","winners":"Tarnag","runners":[{"_id":"5302263175cc3ab426000039"}]}
2014-02-17T15:09:37.903Z - crit: <db_results> <update> MID = 1.112883116, totalProfit = 0, winners = Tarnag
2014-02-17T15:09:37.932Z - crit: <reporting> <updateResult> totalProfit = {"totalProfit":0,"marketId":"1.112881803","winners":["Sir Isaac"," Foam Party"," Imperani"]}
2014-02-17T15:09:37.952Z - crit: <reporting> <updateResult> totalProfit = {"totalProfit":0,"marketId":"1.112883116","winners":["Tarnag"]}
2014-02-17T15:09:47.829Z - crit: <db_results> <getList> List : [{"name":"Wolv 17th Feb","type":"5f Hcap","marketId":"1.112881781","suspensionTime":"2014-02-17T12:58:01.251Z","orderCount":1,"winners":"","profit":null,"_id":"53020759f877576c26000019","__v":0,"runners":[{"_id":"5302263b75cc3ab42600003b"}]},{"__v":0,"_id":"5301fa9425e2318827000002","marketId":"1.112883116","name":"Cagnes (FRA) 17th Feb","orderCount":55,"profit":null,"suspensionTime":"2014-02-17T12:03:32.323Z","type":"1600m Claim","winners":"Tarnag","runners":[{"_id":"5302263b75cc3ab42600003c"}]},{"__v":0,"_id":"53020e36f09a48dc29000034","marketId":"1.112881803","name":"FlamP (RSA) 17th Feb","orderCount":40,"profit":null,"suspensionTime":"2014-02-17T13:27:18.557Z","type":"To Be Placed","winners":"Sir Isaac, Foam Party, Imperani","runners":[{"_id":"5302263b75cc3ab42600003d"}]}]
2014-02-17T15:09:47.830Z - crit: <reporting> <findIdByDescription> Matching result [{"__v":0,"_id":"53020e36f09a48dc29000034","marketId":"1.112881803","name":"FlamP (RSA) 17th Feb","orderCount":40,"profit":null,"suspensionTime":"2014-02-17T13:27:18.557Z","type":"To Be Placed","winners":"Sir Isaac, Foam Party, Imperani","runners":[{"_id":"5302263b75cc3ab42600003d"}]}]
2014-02-17T15:09:47.830Z - crit: <reporting> <assignWinners> Mathcing result = {"__v":0,"_id":"53020e36f09a48dc29000034","marketId":"1.112881803","name":"FlamP (RSA) 17th Feb","orderCount":40,"profit":null,"suspensionTime":"2014-02-17T13:27:18.557Z","type":"To Be Placed","winners":"Sir Isaac, Foam Party, Imperani","runners":[{"_id":"5302263b75cc3ab42600003d"}]}
2014-02-17T15:09:47.830Z - crit: <db_results> <update> MID = 1.112881803, totalProfit = 0, winners = Sir Isaac, Foam Party, Imperani
2014-02-17T15:09:47.834Z - crit: <reporting> <findIdByDescription> Matching result [{"__v":0,"_id":"5301fa9425e2318827000002","marketId":"1.112883116","name":"Cagnes (FRA) 17th Feb","orderCount":55,"profit":null,"suspensionTime":"2014-02-17T12:03:32.323Z","type":"1600m Claim","winners":"Tarnag","runners":[{"_id":"5302263b75cc3ab42600003c"}]}]
2014-02-17T15:09:47.834Z - crit: <reporting> <assignWinners> Mathcing result = {"__v":0,"_id":"5301fa9425e2318827000002","marketId":"1.112883116","name":"Cagnes (FRA) 17th Feb","orderCount":55,"profit":null,"suspensionTime":"2014-02-17T12:03:32.323Z","type":"1600m Claim","winners":"Tarnag","runners":[{"_id":"5302263b75cc3ab42600003c"}]}
2014-02-17T15:09:47.834Z - crit: <db_results> <update> MID = 1.112883116, totalProfit = 0, winners = Tarnag
2014-02-17T15:09:47.860Z - crit: <reporting> <updateResult> totalProfit = {"totalProfit":0,"marketId":"1.112881803","winners":["Sir Isaac"," Foam Party"," Imperani"]}
2014-02-17T15:09:47.876Z - crit: <reporting> <updateResult> totalProfit = {"totalProfit":0,"marketId":"1.112883116","winners":["Tarnag"]}
2014-02-17T15:09:57.835Z - crit: <db_results> <getList> List : [{"name":"Wolv 17th Feb","type":"5f Hcap","marketId":"1.112881781","suspensionTime":"2014-02-17T12:58:01.251Z","orderCount":1,"winners":"","profit":null,"_id":"53020759f877576c26000019","__v":0,"runners":[{"_id":"5302264575cc3ab42600003e"}]},{"__v":0,"_id":"5301fa9425e2318827000002","marketId":"1.112883116","name":"Cagnes (FRA) 17th Feb","orderCount":55,"profit":null,"suspensionTime":"2014-02-17T12:03:32.323Z","type":"1600m Claim","winners":"Tarnag","runners":[{"_id":"5302264575cc3ab42600003f"}]},{"__v":0,"_id":"53020e36f09a48dc29000034","marketId":"1.112881803","name":"FlamP (RSA) 17th Feb","orderCount":40,"profit":null,"suspensionTime":"2014-02-17T13:27:18.557Z","type":"To Be Placed","winners":"Sir Isaac, Foam Party, Imperani","runners":[{"_id":"5302264575cc3ab426000040"}]}]
2014-02-17T15:09:57.835Z - crit: <reporting> <findIdByDescription> Matching result [{"__v":0,"_id":"53020e36f09a48dc29000034","marketId":"1.112881803","name":"FlamP (RSA) 17th Feb","orderCount":40,"profit":null,"suspensionTime":"2014-02-17T13:27:18.557Z","type":"To Be Placed","winners":"Sir Isaac, Foam Party, Imperani","runners":[{"_id":"5302264575cc3ab426000040"}]}]
2014-02-17T15:09:57.835Z - crit: <reporting> <assignWinners> Mathcing result = {"__v":0,"_id":"53020e36f09a48dc29000034","marketId":"1.112881803","name":"FlamP (RSA) 17th Feb","orderCount":40,"profit":null,"suspensionTime":"2014-02-17T13:27:18.557Z","type":"To Be Placed","winners":"Sir Isaac, Foam Party, Imperani","runners":[{"_id":"5302264575cc3ab426000040"}]}
2014-02-17T15:09:57.835Z - crit: <db_results> <update> MID = 1.112881803, totalProfit = 0, winners = Sir Isaac, Foam Party, Imperani
2014-02-17T15:09:57.839Z - crit: <reporting> <findIdByDescription> Matching result [{"__v":0,"_id":"5301fa9425e2318827000002","marketId":"1.112883116","name":"Cagnes (FRA) 17th Feb","orderCount":55,"profit":null,"suspensionTime":"2014-02-17T12:03:32.323Z","type":"1600m Claim","winners":"Tarnag","runners":[{"_id":"5302264575cc3ab42600003f"}]}]
2014-02-17T15:09:57.839Z - crit: <reporting> <assignWinners> Mathcing result = {"__v":0,"_id":"5301fa9425e2318827000002","marketId":"1.112883116","name":"Cagnes (FRA) 17th Feb","orderCount":55,"profit":null,"suspensionTime":"2014-02-17T12:03:32.323Z","type":"1600m Claim","winners":"Tarnag","runners":[{"_id":"5302264575cc3ab42600003f"}]}
2014-02-17T15:09:57.839Z - crit: <db_results> <update> MID = 1.112883116, totalProfit = 0, winners = Tarnag
2014-02-17T15:09:57.863Z - crit: <reporting> <updateResult> totalProfit = {"totalProfit":0,"marketId":"1.112881803","winners":["Sir Isaac"," Foam Party"," Imperani"]}
2014-02-17T15:09:57.878Z - crit: <reporting> <updateResult> totalProfit = {"totalProfit":0,"marketId":"1.112883116","winners":["Tarnag"]}
2014-02-17T15:10:07.828Z - crit: <db_results> <getList> List : [{"name":"Wolv 17th Feb","type":"5f Hcap","marketId":"1.112881781","suspensionTime":"2014-02-17T12:58:01.251Z","orderCount":1,"winners":"","profit":null,"_id":"53020759f877576c26000019","__v":0,"runners":[{"_id":"5302264f75cc3ab426000041"}]},{"__v":0,"_id":"5301fa9425e2318827000002","marketId":"1.112883116","name":"Cagnes (FRA) 17th Feb","orderCount":55,"profit":null,"suspensionTime":"2014-02-17T12:03:32.323Z","type":"1600m Claim","winners":"Tarnag","runners":[{"_id":"5302264f75cc3ab426000042"}]},{"__v":0,"_id":"53020e36f09a48dc29000034","marketId":"1.112881803","name":"FlamP (RSA) 17th Feb","orderCount":40,"profit":null,"suspensionTime":"2014-02-17T13:27:18.557Z","type":"To Be Placed","winners":"Sir Isaac, Foam Party, Imperani","runners":[{"_id":"5302264f75cc3ab426000043"}]}]
2014-02-17T15:10:07.828Z - crit: <reporting> <findIdByDescription> Matching result [{"__v":0,"_id":"53020e36f09a48dc29000034","marketId":"1.112881803","name":"FlamP (RSA) 17th Feb","orderCount":40,"profit":null,"suspensionTime":"2014-02-17T13:27:18.557Z","type":"To Be Placed","winners":"Sir Isaac, Foam Party, Imperani","runners":[{"_id":"5302264f75cc3ab426000043"}]}]
2014-02-17T15:10:07.828Z - crit: <reporting> <assignWinners> Mathcing result = {"__v":0,"_id":"53020e36f09a48dc29000034","marketId":"1.112881803","name":"FlamP (RSA) 17th Feb","orderCount":40,"profit":null,"suspensionTime":"2014-02-17T13:27:18.557Z","type":"To Be Placed","winners":"Sir Isaac, Foam Party, Imperani","runners":[{"_id":"5302264f75cc3ab426000043"}]}
2014-02-17T15:10:07.828Z - crit: <db_results> <update> MID = 1.112881803, totalProfit = 0, winners = Sir Isaac, Foam Party, Imperani
2014-02-17T15:10:07.832Z - crit: <reporting> <findIdByDescription> Matching result [{"__v":0,"_id":"5301fa9425e2318827000002","marketId":"1.112883116","name":"Cagnes (FRA) 17th Feb","orderCount":55,"profit":null,"suspensionTime":"2014-02-17T12:03:32.323Z","type":"1600m Claim","winners":"Tarnag","runners":[{"_id":"5302264f75cc3ab426000042"}]}]
2014-02-17T15:10:07.832Z - crit: <reporting> <assignWinners> Mathcing result = {"__v":0,"_id":"5301fa9425e2318827000002","marketId":"1.112883116","name":"Cagnes (FRA) 17th Feb","orderCount":55,"profit":null,"suspensionTime":"2014-02-17T12:03:32.323Z","type":"1600m Claim","winners":"Tarnag","runners":[{"_id":"5302264f75cc3ab426000042"}]}
2014-02-17T15:10:07.832Z - crit: <db_results> <update> MID = 1.112883116, totalProfit = 0, winners = Tarnag
2014-02-17T15:10:07.855Z - crit: <reporting> <updateResult> totalProfit = {"totalProfit":0,"marketId":"1.112881803","winners":["Sir Isaac"," Foam Party"," Imperani"]}
2014-02-17T15:10:07.872Z - crit: <reporting> <updateResult> totalProfit = {"totalProfit":0,"marketId":"1.112883116","winners":["Tarnag"]}
2014-02-17T15:10:17.834Z - crit: <db_results> <getList> List : [{"name":"Wolv 17th Feb","type":"5f Hcap","marketId":"1.112881781","suspensionTime":"2014-02-17T12:58:01.251Z","orderCount":1,"winners":"","profit":null,"_id":"53020759f877576c26000019","__v":0,"runners":[{"_id":"5302265975cc3ab426000044"}]},{"__v":0,"_id":"5301fa9425e2318827000002","marketId":"1.112883116","name":"Cagnes (FRA) 17th Feb","orderCount":55,"profit":null,"suspensionTime":"2014-02-17T12:03:32.323Z","type":"1600m Claim","winners":"Tarnag","runners":[{"_id":"5302265975cc3ab426000045"}]},{"__v":0,"_id":"53020e36f09a48dc29000034","marketId":"1.112881803","name":"FlamP (RSA) 17th Feb","orderCount":40,"profit":null,"suspensionTime":"2014-02-17T13:27:18.557Z","type":"To Be Placed","winners":"Sir Isaac, Foam Party, Imperani","runners":[{"_id":"5302265975cc3ab426000046"}]}]
2014-02-17T15:10:17.834Z - crit: <reporting> <findIdByDescription> Matching result [{"__v":0,"_id":"53020e36f09a48dc29000034","marketId":"1.112881803","name":"FlamP (RSA) 17th Feb","orderCount":40,"profit":null,"suspensionTime":"2014-02-17T13:27:18.557Z","type":"To Be Placed","winners":"Sir Isaac, Foam Party, Imperani","runners":[{"_id":"5302265975cc3ab426000046"}]}]
2014-02-17T15:10:17.834Z - crit: <reporting> <assignWinners> Mathcing result = {"__v":0,"_id":"53020e36f09a48dc29000034","marketId":"1.112881803","name":"FlamP (RSA) 17th Feb","orderCount":40,"profit":null,"suspensionTime":"2014-02-17T13:27:18.557Z","type":"To Be Placed","winners":"Sir Isaac, Foam Party, Imperani","runners":[{"_id":"5302265975cc3ab426000046"}]}
2014-02-17T15:10:17.834Z - crit: <db_results> <update> MID = 1.112881803, totalProfit = 0, winners = Sir Isaac, Foam Party, Imperani
2014-02-17T15:10:17.838Z - crit: <reporting> <findIdByDescription> Matching result [{"__v":0,"_id":"5301fa9425e2318827000002","marketId":"1.112883116","name":"Cagnes (FRA) 17th Feb","orderCount":55,"profit":null,"suspensionTime":"2014-02-17T12:03:32.323Z","type":"1600m Claim","winners":"Tarnag","runners":[{"_id":"5302265975cc3ab426000045"}]}]
2014-02-17T15:10:17.838Z - crit: <reporting> <assignWinners> Mathcing result = {"__v":0,"_id":"5301fa9425e2318827000002","marketId":"1.112883116","name":"Cagnes (FRA) 17th Feb","orderCount":55,"profit":null,"suspensionTime":"2014-02-17T12:03:32.323Z","type":"1600m Claim","winners":"Tarnag","runners":[{"_id":"5302265975cc3ab426000045"}]}
2014-02-17T15:10:17.838Z - crit: <db_results> <update> MID = 1.112883116, totalProfit = 0, winners = Tarnag
2014-02-17T15:10:17.862Z - crit: <reporting> <updateResult> totalProfit = {"totalProfit":0,"marketId":"1.112881803","winners":["Sir Isaac"," Foam Party"," Imperani"]}
2014-02-17T15:10:17.876Z - crit: <reporting> <updateResult> totalProfit = {"totalProfit":0,"marketId":"1.112883116","winners":["Tarnag"]}
