2014-02-08T17:36:06.550Z - crit: <server> System logging to F:\repos\github\bfair\logs\bfair_20140208-1836.log
2014-02-08T17:36:07.048Z - crit: <session> <getSession> New Session Instance, Active App Key = 2ku5TzXl34zUU1Qz
2014-02-08T17:36:07.375Z - crit: <pingresults> <start> Time: 2014-02-08 17:36:07
2014-02-08T17:36:07.434Z - crit: <server> Express app started on port 3000
2014-02-08T17:36:07.742Z - crit: <betfair_auth> <interactiveLogin> sessionKey = HfogHy5m+L75gfPPw4PoVAWOOHiB367Co+zS3gPD/HY=
2014-02-08T17:36:15.548Z - crit: <pingprices> <ping> Minimum interval changed to 30ms
2014-02-08T17:40:05.382Z - crit: <marketfactory> <remove> MID = 1.112768796 (1/0)
2014-02-08T17:40:05.382Z - crit: <marketfactory> <remove> MID = 1.112768795 (1/0)
2014-02-08T17:40:05.383Z - error: <batch> <increaseBatchCt> Exceeding batch limit of 10
2014-02-08T17:40:05.384Z - crit: <pingprices> <ping> Minimum interval changed to 27ms
2014-02-08T17:40:15.378Z - crit: <marketfactory> <remove> MID = 1.112778616 (1/0)
2014-02-08T17:40:15.379Z - crit: <marketfactory> <remove> MID = 1.112768724 (1/0)
2014-02-08T17:40:35.377Z - crit: <marketfactory> <remove> MID = 1.112768796 (1/0)
2014-02-08T17:40:35.377Z - crit: <marketfactory> <remove> MID = 1.112768795 (1/0)
2014-02-08T17:43:33.960Z - crit: <priceobserver> <updateStatus> marketstatuses[mid].status = OPEN, book.status = SUSPENDED
2014-02-08T17:43:33.960Z - crit: <priceobserver> <updateStatus> marketstatuses[mid].status = OPEN, book.status = SUSPENDED
2014-02-08T17:43:33.960Z - crit: <PriceObserver.prototype.synchronize> 2 suspended Markets
2014-02-08T17:43:33.960Z - crit: <apicontroller> <on: marketSuspension> Market Passivation (1.112768765)
2014-02-08T17:43:33.960Z - crit: <apicontroller> <on: marketSuspension> Market Passivation (1.112768766)
2014-02-08T17:43:34.124Z - crit: <reporting> <addMarketToResults> sidMappedPL = {"944084":{"sid":"944084","liabilities":{"backBetLiability":"4.00","layBetLiability":"65.52","totalLiability":"61.52"},"outcomes":{"potWin":"-58.88","potLoss":"34.00"}},"8284039":{"sid":"8284039","liabilities":{"backBetLiability":"28.00","layBetLiability":"88.00","totalLiability":"60.00"},"outcomes":{"potWin":"2044.00","potLoss":"-24.00"}},"8284040":{"sid":"8284040","liabilities":{"backBetLiability":"12.00","layBetLiability":"22.64","totalLiability":"10.64"},"outcomes":{"potWin":"2.04","potLoss":"0.00"}},"8284041":{"sid":"8284041","liabilities":{"backBetLiability":"12.00","layBetLiability":"59.00","totalLiability":"47.00"},"outcomes":{"potWin":"67.00","potLoss":"-6.00"}},"8284042":{"sid":"8284042","liabilities":{"backBetLiability":"10.00","layBetLiability":"94.00","totalLiability":"84.00"},"outcomes":{"potWin":"1876.00","potLoss":"-8.00"}},"8284043":{"sid":"8284043","liabilities":{"backBetLiability":"22.00","layBetLiability":"33.60","totalLiability":"11.60"},"outcomes":{"potWin":"225.40","potLoss":"-18.00"}},"8284045":{"sid":"8284045","liabilities":{"backBetLiability":"28.00","layBetLiability":"332.00","totalLiability":"304.00"},"outcomes":{"potWin":"8900.00","potLoss":"-24.00"}},"8284046":{"sid":"8284046","liabilities":{"backBetLiability":"32.00","layBetLiability":"0.00","totalLiability":"32.00"},"outcomes":{"potWin":"1026.00","potLoss":"-32.00"}},"8284047":{"sid":"8284047","liabilities":{"backBetLiability":"30.00","layBetLiability":"451.00","totalLiability":"421.00"},"outcomes":{"potWin":"1949.00","potLoss":"-16.00"}}}
2014-02-08T17:43:34.175Z - crit: <reporting> <addMarketToResults> Braodcasting result: {"orderct":135,"marketId":"1.112768766","suspensiontime":"2014-02-08T17:43:34.123Z","runners":{"944084":{"outcomes":{"potWin":"-58.88","potLoss":"34.00"},"name":"4. Mythic"},"8284039":{"outcomes":{"potWin":"2044.00","potLoss":"-24.00"},"name":"1. Springtime Anna"},"8284040":{"outcomes":{"potWin":"2.04","potLoss":"0.00"},"name":"2. F Five Movement"},"8284041":{"outcomes":{"potWin":"67.00","potLoss":"-6.00"},"name":"3. La Hija De Olga"},"8284042":{"outcomes":{"potWin":"1876.00","potLoss":"-8.00"},"name":"5. Sweet Kaleah"},"8284043":{"outcomes":{"potWin":"225.40","potLoss":"-18.00"},"name":"6. Nothin But Tough"},"8284045":{"outcomes":{"potWin":"8900.00","potLoss":"-24.00"},"name":"8. Oranges N Violets"},"8284046":{"outcomes":{"potWin":"1026.00","potLoss":"-32.00"},"name":"9. Mauras Purse"},"8284047":{"outcomes":{"potWin":"1949.00","potLoss":"-16.00"},"name":"10. Scarlet Dixie"}}}
