2014-02-08T15:58:21.464Z - crit: <server> System logging to F:\repos\github\bfair\logs\bfair_20140208-1658.log
2014-02-08T15:58:22.381Z - crit: <pingresults> <start> Time: 2014-02-08 15:58:22
2014-02-08T15:58:22.025Z - crit: <session> <getSession> New Session Instance, Active App Key = 2ku5TzXl34zUU1Qz
2014-02-08T15:58:22.442Z - crit: <server> Express app started on port 3000
2014-02-08T15:58:22.780Z - crit: <betfair_auth> <interactiveLogin> sessionKey = 3yvQ7Gh2xca9GGjnuyUCMKCZVTqXV6sMmR7v8+Qmke8=
2014-02-08T15:58:30.548Z - crit: <pingprices> <ping> Minimum interval changed to 30ms
2014-02-08T16:00:53.067Z - crit: <priceobserver> <updateStatus> marketstatuses[mid].status = OPEN, book.status = SUSPENDED
2014-02-08T16:00:53.068Z - crit: <PriceObserver.prototype.synchronize> 1 suspended Markets
2014-02-08T16:00:53.068Z - crit: <apicontroller> <on: marketSuspension> Market Passivation (1.112772201)
2014-02-08T16:00:53.225Z - crit: <reporting> <addMarketToResults> sidMappedPL = {"5758973":{"sid":"5758973","liabilities":{"backBetLiability":"4.00","layBetLiability":"4.70","totalLiability":"0.70"},"outcomes":{"potWin":"16.10","potLoss":"-2.00"}}}
2014-02-08T16:00:53.356Z - crit: <reporting> <addMarketToResults> Braodcasting result: {"orderct":3,"marketId":"1.112772201","suspensiontime":"2014-02-08T16:00:53.224Z","runners":{"5758973":{"outcomes":{"potWin":"16.10","potLoss":"-2.00"},"name":"Amerix"}}}
2014-02-08T16:01:00.424Z - crit: <marketfactory> <remove> MID = 1.112761075 (1/0)
2014-02-08T16:01:10.447Z - crit: <marketfactory> <remove> MID = 1.112768682 (1/0)
2014-02-08T16:01:10.448Z - error: <batch> <increaseBatchCt> Exceeding batch limit of 10
2014-02-08T16:01:10.469Z - crit: <pingprices> <ping> Minimum interval changed to 27ms
2014-02-08T16:01:30.199Z - crit: <marketfactory> <remove> MID = 1.112761075 (1/0)
2014-02-08T16:01:33.776Z - crit: <priceobserver> <updateStatus> marketstatuses[mid].status = OPEN, book.status = SUSPENDED
2014-02-08T16:01:33.776Z - crit: <priceobserver> <updateStatus> marketstatuses[mid].status = OPEN, book.status = SUSPENDED
2014-02-08T16:01:33.776Z - crit: <PriceObserver.prototype.synchronize> 2 suspended Markets
2014-02-08T16:01:33.776Z - crit: <apicontroller> <on: marketSuspension> Market Passivation (1.112761011)
2014-02-08T16:01:33.777Z - crit: <apicontroller> <on: marketSuspension> Market Passivation (1.112761012)
2014-02-08T16:01:33.946Z - crit: <reporting> <addMarketToResults> sidMappedPL = {"2034844":{"sid":"2034844","liabilities":{"backBetLiability":"14.00","layBetLiability":"80.00","totalLiability":"66.00"},"outcomes":{"potWin":"206.00","potLoss":"-10.00"}},"6880222":{"sid":"6880222","liabilities":{"backBetLiability":"6.00","layBetLiability":"77.60","totalLiability":"71.60"},"outcomes":{"potWin":"-28.80","potLoss":"4.00"}},"7240116":{"sid":"7240116","liabilities":{"backBetLiability":"4.00","layBetLiability":"31.60","totalLiability":"27.60"},"outcomes":{"potWin":"-6.40","potLoss":"2.00"}},"7450122":{"sid":"7450122","liabilities":{"backBetLiability":"4.00","layBetLiability":"30.00","totalLiability":"26.00"},"outcomes":{"potWin":"-18.10","potLoss":"6.00"}},"7584195":{"sid":"7584195","liabilities":{"backBetLiability":"18.00","layBetLiability":"0.00","totalLiability":"18.00"},"outcomes":{"potWin":"852.00","potLoss":"-18.00"}},"7612194":{"sid":"7612194","liabilities":{"backBetLiability":"12.00","layBetLiability":"22.00","totalLiability":"10.00"},"outcomes":{"potWin":"146.00","potLoss":"-10.00"}},"7645569":{"sid":"7645569","liabilities":{"backBetLiability":"8.00","layBetLiability":"16.80","totalLiability":"8.80"},"outcomes":{"potWin":"18.80","potLoss":"-4.00"}},"7654924":{"sid":"7654924","liabilities":{"backBetLiability":"8.00","layBetLiability":"22.00","totalLiability":"14.00"},"outcomes":{"potWin":"79.00","potLoss":"-6.00"}},"7892148":{"sid":"7892148","liabilities":{"backBetLiability":"20.00","layBetLiability":"82.00","totalLiability":"62.00"},"outcomes":{"potWin":"466.00","potLoss":"-16.00"}},"8000604":{"sid":"8000604","liabilities":{"backBetLiability":"2.00","layBetLiability":"2086.00","totalLiability":"2084.00"},"outcomes":{"potWin":"-308.00","potLoss":"12.00"}},"8156245":{"sid":"8156245","liabilities":{"backBetLiability":"0.00","layBetLiability":"516.00","totalLiability":"516.00"},"outcomes":{"potWin":"-516.00","potLoss":"4.00"}},"8193661":{"sid":"8193661","liabilities":{"backBetLiability":"0.00","layBetLiability":"2460.00","totalLiability":"2460.00"},"outcomes":{"potWin":"-2460.00","potLoss":"20.00"}},"8226993":{"sid":"8226993","liabilities":{"backBetLiability":"6.00","layBetLiability":"0.00","totalLiability":"6.00"},"outcomes":{"potWin":"564.00","potLoss":"-6.00"}}}
2014-02-08T16:01:33.947Z - crit: <reporting> <addMarketToResults> sidMappedPL = {}
2014-02-08T16:01:34.100Z - crit: <reporting> <addMarketToResults> Braodcasting result: {"orderct":91,"marketId":"1.112761011","suspensiontime":"2014-02-08T16:01:33.946Z","runners":{"2034844":{"outcomes":{"potWin":"206.00","potLoss":"-10.00"},"name":"Mystical Moon"},"6880222":{"outcomes":{"potWin":"-28.80","potLoss":"4.00"},"name":"Sleuth"},"7240116":{"outcomes":{"potWin":"-6.40","potLoss":"2.00"},"name":"Cosmonauta"},"7450122":{"outcomes":{"potWin":"-18.10","potLoss":"6.00"},"name":"Calypso"},"7584195":{"outcomes":{"potWin":"852.00","potLoss":"-18.00"},"name":"Take A Risk"},"7612194":{"outcomes":{"potWin":"146.00","potLoss":"-10.00"},"name":"Downtown Girl"},"7645569":{"outcomes":{"potWin":"18.80","potLoss":"-4.00"},"name":"Alberts Gem"},"7654924":{"outcomes":{"potWin":"79.00","potLoss":"-6.00"},"name":"Caseys Jet"},"7892148":{"outcomes":{"potWin":"466.00","potLoss":"-16.00"},"name":"Victim Of Love"},"8000604":{"outcomes":{"potWin":"-308.00","potLoss":"12.00"},"name":"Legendary Dancer"},"8156245":{"outcomes":{"potWin":"-516.00","potLoss":"4.00"},"name":"Honey Scrub"},"8193661":{"outcomes":{"potWin":"-2460.00","potLoss":"20.00"},"name":"No White Flag"},"8226993":{"outcomes":{"potWin":"564.00","potLoss":"-6.00"},"name":"Double Or Quits"}}}
2014-02-08T16:01:34.101Z - crit: <reporting> <addMarketToResults> Braodcasting result: {"orderct":0,"marketId":"1.112761012","suspensiontime":"2014-02-08T16:01:33.947Z","runners":{}}
2014-02-08T16:01:41.464Z - crit: <reporting> <getResultList> Number of results: 3
2014-02-08T16:01:53.628Z - crit: <reporting> <getResultList> Number of results: 3
2014-02-08T16:02:40.199Z - crit: <marketfactory> <remove> MID = 1.112761074 (1/0)
2014-02-08T16:03:00.280Z - crit: <marketfactory> <remove> MID = 1.112777693 (1/0)
