2014-02-18T13:26:20.940Z - crit: <server> System logging to F:\repos\github\bfair\logs\bfair_20140218-1426.log
2014-02-18T13:26:21.808Z - crit: <pingresults> <start> Time: 2014-02-18 13:26:21
2014-02-18T13:26:21.338Z - crit: <session> <getSession> New Session Instance, Active App Key = 2ku5TzXl34zUU1Qz
2014-02-18T13:26:21.875Z - crit: <server> Express app started on port 3000
2014-02-18T13:26:22.455Z - crit: <betfair_auth> <interactiveLogin> sessionKey = MWFCRytC0wGnHmqBrn9xzZnDCgPYL0xL5vtN+icGCZg=
2014-02-18T13:26:29.992Z - crit: <pingprices> <ping> Minimum interval changed to 30ms
2014-02-18T13:27:04.405Z - crit: <orderobserver> <updateProfitLoss> {"4159983":{"sid":"4159983","liabilities":{"backBetLiability":"4.00","layBetLiability":"0.00","totalLiability":"4.00"},"outcomes":{"potWin":"3.20","potLoss":"-4.00"}},"5721828":{"sid":"5721828","liabilities":{"backBetLiability":"0.00","layBetLiability":"65.60","totalLiability":"65.60"},"outcomes":{"potWin":"-65.60","potLoss":"8.00"}}}
2014-02-18T13:27:37.132Z - crit: <orderobserver> <updateProfitLoss> {}
2014-02-18T13:27:44.489Z - crit: <orderobserver> <updateProfitLoss> {"2521918":{"sid":"2521918","liabilities":{"backBetLiability":"12.00","layBetLiability":"0.00","totalLiability":"12.00"},"outcomes":{"potWin":"1128.00","potLoss":"-12.00"}}}
2014-02-18T13:28:08.459Z - crit: <orderobserver> <updateProfitLoss> {}
2014-02-18T13:28:43.412Z - crit: <priceobserver> <updateStatus> marketstatuses[mid].status = OPEN, book.status = SUSPENDED
2014-02-18T13:28:43.412Z - crit: <PriceObserver.prototype.synchronize> 1 suspended Markets
2014-02-18T13:28:43.412Z - crit: <apicontroller> <on: marketSuspension> Market Passivation (1.112888978)
2014-02-18T13:28:43.558Z - crit: <reporting> <addMarketToResults> orderct = 0
2014-02-18T13:30:55.970Z - crit: <priceobserver> <updateStatus> marketstatuses[mid].status = OPEN, book.status = SUSPENDED
2014-02-18T13:30:55.970Z - crit: <PriceObserver.prototype.synchronize> 1 suspended Markets
2014-02-18T13:30:55.970Z - crit: <apicontroller> <on: marketSuspension> Market Passivation (1.112888970)
2014-02-18T13:30:56.050Z - crit: <priceobserver> <updateStatus> marketstatuses[mid].status = OPEN, book.status = SUSPENDED
2014-02-18T13:30:56.050Z - crit: <PriceObserver.prototype.synchronize> 1 suspended Markets
2014-02-18T13:30:56.050Z - crit: <apicontroller> <on: marketSuspension> Market Passivation (1.112888969)
2014-02-18T13:30:56.153Z - crit: <reporting> <addMarketToResults> orderct = 20
2014-02-18T13:30:56.154Z - crit: <orderobserver> <updateProfitLoss> {"464257":{"sid":"464257","liabilities":{"backBetLiability":"0.00","layBetLiability":"4.30","totalLiability":"4.30"},"outcomes":{"potWin":"-4.30","potLoss":"2.00"}},"4028254":{"sid":"4028254","liabilities":{"backBetLiability":"0.00","layBetLiability":"7.00","totalLiability":"7.00"},"outcomes":{"potWin":"-7.00","potLoss":"2.00"}},"4991350":{"sid":"4991350","liabilities":{"backBetLiability":"2.00","layBetLiability":"0.00","totalLiability":"2.00"},"outcomes":{"potWin":"9.20","potLoss":"-2.00"}},"5152139":{"sid":"5152139","liabilities":{"backBetLiability":"14.00","layBetLiability":"0.00","totalLiability":"14.00"},"outcomes":{"potWin":"218.00","potLoss":"-14.00"}},"5787328":{"sid":"5787328","liabilities":{"backBetLiability":"0.00","layBetLiability":"2.44","totalLiability":"2.44"},"outcomes":{"potWin":"-2.44","potLoss":"2.00"}},"6180529":{"sid":"6180529","liabilities":{"backBetLiability":"8.00","layBetLiability":"0.00","totalLiability":"8.00"},"outcomes":{"potWin":"76.00","potLoss":"-8.00"}},"6283245":{"sid":"6283245","liabilities":{"backBetLiability":"6.00","layBetLiability":"0.00","totalLiability":"6.00"},"outcomes":{"potWin":"9.24","potLoss":"-6.00"}},"6308876":{"sid":"6308876","liabilities":{"backBetLiability":"0.00","layBetLiability":"3.52","totalLiability":"3.52"},"outcomes":{"potWin":"-3.52","potLoss":"2.00"}},"6756962":{"sid":"6756962","liabilities":{"backBetLiability":"2.00","layBetLiability":"0.00","totalLiability":"2.00"},"outcomes":{"potWin":"3.88","potLoss":"-2.00"}}}
2014-02-18T13:30:56.244Z - crit: <reporting> <addMarketToResults> orderct = 0
2014-02-18T13:30:56.273Z - crit: <db_results> <add> MID = 1.112888970
