2014-02-17T15:59:18.977Z - crit: <server> System logging to F:\repos\github\bfair\logs\bfair_20140217-1659.log
2014-02-17T15:59:19.844Z - crit: <pingresults> <start> Time: 2014-02-17 15:59:19
2014-02-17T15:59:19.374Z - crit: <session> <getSession> New Session Instance, Active App Key = 2ku5TzXl34zUU1Qz
2014-02-17T15:59:19.908Z - crit: <server> Express app started on port 3000
2014-02-17T15:59:20.953Z - crit: <betfair_auth> <interactiveLogin> sessionKey = af5w4aVVHPeCMNrlBduuODMXcVv58Qw+cW5Km3JXaEs=
2014-02-17T15:59:27.696Z - crit: <db_results> <getList> List : {"name":"Wolv 17th Feb","type":"To Be Placed","marketId":"1.112881780","suspensionTime":"2014-02-17T15:44:32.405Z","orderCount":17,"winners":"","profit":null,"_id":"53022e60d72b6fc826000002","__v":0,"runners":[{"potWin":1,"potLoss":0,"name":"I Confess","sid":"2411303","_id":"53022e60d72b6fc826000009"},{"potWin":-18.7,"potLoss":8,"name":"Honey Of A Kitten","sid":"4858098","_id":"53022e60d72b6fc826000008"},{"potWin":-3.68,"potLoss":2,"name":"Arabian Heights","sid":"5548020","_id":"53022e60d72b6fc826000007"},{"potWin":-1.78,"potLoss":2,"name":"Attain","sid":"6105844","_id":"53022e60d72b6fc826000006"},{"potWin":27,"potLoss":-2,"name":"Rainford Glory","sid":"6858952","_id":"53022e60d72b6fc826000005"},{"potWin":-4.3,"potLoss":2,"name":"Colour My World","sid":"6919675","_id":"53022e60d72b6fc826000004"},{"potWin":-0.9,"potLoss":2,"name":"Kindlelight Storm","sid":"7534086","_id":"53022e60d72b6fc826000003"}]}
2014-02-17T15:59:28.031Z - crit: <pingprices> <ping> Minimum interval changed to 30ms
2014-02-17T15:59:38.004Z - crit: <db_results> <getList> List : {"name":"Wolv 17th Feb","type":"To Be Placed","marketId":"1.112881780","suspensionTime":"2014-02-17T15:44:32.405Z","orderCount":17,"winners":"","profit":null,"_id":"53022e60d72b6fc826000002","__v":0,"runners":[{"potWin":1,"potLoss":0,"name":"I Confess","sid":"2411303","_id":"53022e60d72b6fc826000009"},{"potWin":-18.7,"potLoss":8,"name":"Honey Of A Kitten","sid":"4858098","_id":"53022e60d72b6fc826000008"},{"potWin":-3.68,"potLoss":2,"name":"Arabian Heights","sid":"5548020","_id":"53022e60d72b6fc826000007"},{"potWin":-1.78,"potLoss":2,"name":"Attain","sid":"6105844","_id":"53022e60d72b6fc826000006"},{"potWin":27,"potLoss":-2,"name":"Rainford Glory","sid":"6858952","_id":"53022e60d72b6fc826000005"},{"potWin":-4.3,"potLoss":2,"name":"Colour My World","sid":"6919675","_id":"53022e60d72b6fc826000004"},{"potWin":-0.9,"potLoss":2,"name":"Kindlelight Storm","sid":"7534086","_id":"53022e60d72b6fc826000003"}]}
2014-02-17T15:59:38.012Z - error: <server> <uncaught exception> {}
2014-02-17T15:59:47.885Z - crit: <db_results> <getList> List : {"name":"Wolv 17th Feb","type":"To Be Placed","marketId":"1.112881780","suspensionTime":"2014-02-17T15:44:32.405Z","orderCount":17,"winners":"","profit":null,"_id":"53022e60d72b6fc826000002","__v":0,"runners":[{"potWin":1,"potLoss":0,"name":"I Confess","sid":"2411303","_id":"53022e60d72b6fc826000009"},{"potWin":-18.7,"potLoss":8,"name":"Honey Of A Kitten","sid":"4858098","_id":"53022e60d72b6fc826000008"},{"potWin":-3.68,"potLoss":2,"name":"Arabian Heights","sid":"5548020","_id":"53022e60d72b6fc826000007"},{"potWin":-1.78,"potLoss":2,"name":"Attain","sid":"6105844","_id":"53022e60d72b6fc826000006"},{"potWin":27,"potLoss":-2,"name":"Rainford Glory","sid":"6858952","_id":"53022e60d72b6fc826000005"},{"potWin":-4.3,"potLoss":2,"name":"Colour My World","sid":"6919675","_id":"53022e60d72b6fc826000004"},{"potWin":-0.9,"potLoss":2,"name":"Kindlelight Storm","sid":"7534086","_id":"53022e60d72b6fc826000003"}]}
2014-02-17T15:59:47.894Z - error: <server> <uncaught exception> {}
2014-02-17T15:59:57.979Z - crit: <db_results> <getList> List : {"name":"Wolv 17th Feb","type":"To Be Placed","marketId":"1.112881780","suspensionTime":"2014-02-17T15:44:32.405Z","orderCount":17,"winners":"","profit":null,"_id":"53022e60d72b6fc826000002","__v":0,"runners":[{"potWin":1,"potLoss":0,"name":"I Confess","sid":"2411303","_id":"53022e60d72b6fc826000009"},{"potWin":-18.7,"potLoss":8,"name":"Honey Of A Kitten","sid":"4858098","_id":"53022e60d72b6fc826000008"},{"potWin":-3.68,"potLoss":2,"name":"Arabian Heights","sid":"5548020","_id":"53022e60d72b6fc826000007"},{"potWin":-1.78,"potLoss":2,"name":"Attain","sid":"6105844","_id":"53022e60d72b6fc826000006"},{"potWin":27,"potLoss":-2,"name":"Rainford Glory","sid":"6858952","_id":"53022e60d72b6fc826000005"},{"potWin":-4.3,"potLoss":2,"name":"Colour My World","sid":"6919675","_id":"53022e60d72b6fc826000004"},{"potWin":-0.9,"potLoss":2,"name":"Kindlelight Storm","sid":"7534086","_id":"53022e60d72b6fc826000003"}]}
2014-02-17T15:59:57.985Z - error: <server> <uncaught exception> {}
2014-02-17T16:00:07.752Z - crit: <db_results> <getList> List : {"name":"Wolv 17th Feb","type":"To Be Placed","marketId":"1.112881780","suspensionTime":"2014-02-17T15:44:32.405Z","orderCount":17,"winners":"","profit":null,"_id":"53022e60d72b6fc826000002","__v":0,"runners":[{"potWin":1,"potLoss":0,"name":"I Confess","sid":"2411303","_id":"53022e60d72b6fc826000009"},{"potWin":-18.7,"potLoss":8,"name":"Honey Of A Kitten","sid":"4858098","_id":"53022e60d72b6fc826000008"},{"potWin":-3.68,"potLoss":2,"name":"Arabian Heights","sid":"5548020","_id":"53022e60d72b6fc826000007"},{"potWin":-1.78,"potLoss":2,"name":"Attain","sid":"6105844","_id":"53022e60d72b6fc826000006"},{"potWin":27,"potLoss":-2,"name":"Rainford Glory","sid":"6858952","_id":"53022e60d72b6fc826000005"},{"potWin":-4.3,"potLoss":2,"name":"Colour My World","sid":"6919675","_id":"53022e60d72b6fc826000004"},{"potWin":-0.9,"potLoss":2,"name":"Kindlelight Storm","sid":"7534086","_id":"53022e60d72b6fc826000003"}]}
2014-02-17T16:00:07.753Z - error: <server> <uncaught exception> {}
2014-02-17T16:00:17.702Z - crit: <db_results> <getList> List : {"name":"Wolv 17th Feb","type":"To Be Placed","marketId":"1.112881780","suspensionTime":"2014-02-17T15:44:32.405Z","orderCount":17,"winners":"","profit":null,"_id":"53022e60d72b6fc826000002","__v":0,"runners":[{"potWin":1,"potLoss":0,"name":"I Confess","sid":"2411303","_id":"53022e60d72b6fc826000009"},{"potWin":-18.7,"potLoss":8,"name":"Honey Of A Kitten","sid":"4858098","_id":"53022e60d72b6fc826000008"},{"potWin":-3.68,"potLoss":2,"name":"Arabian Heights","sid":"5548020","_id":"53022e60d72b6fc826000007"},{"potWin":-1.78,"potLoss":2,"name":"Attain","sid":"6105844","_id":"53022e60d72b6fc826000006"},{"potWin":27,"potLoss":-2,"name":"Rainford Glory","sid":"6858952","_id":"53022e60d72b6fc826000005"},{"potWin":-4.3,"potLoss":2,"name":"Colour My World","sid":"6919675","_id":"53022e60d72b6fc826000004"},{"potWin":-0.9,"potLoss":2,"name":"Kindlelight Storm","sid":"7534086","_id":"53022e60d72b6fc826000003"}]}
2014-02-17T16:00:17.702Z - error: <server> <uncaught exception> {}
2014-02-17T16:00:24.537Z - crit: <priceobserver> <updateStatus> marketstatuses[mid].status = OPEN, book.status = SUSPENDED
2014-02-17T16:00:24.538Z - crit: <PriceObserver.prototype.synchronize> 1 suspended Markets
2014-02-17T16:00:24.538Z - crit: <apicontroller> <on: marketSuspension> Market Passivation (1.112888301)
2014-02-17T16:00:24.708Z - crit: <reporting> <addMarketToResults> orderct = 5
2014-02-17T16:00:24.852Z - crit: <db_results> <add> MID = 1.112888301
2014-02-17T16:00:24.947Z - crit: <priceobserver> <updateStatus> marketstatuses[mid].status = OPEN, book.status = SUSPENDED
2014-02-17T16:00:24.947Z - crit: <priceobserver> <updateStatus> marketstatuses[mid].status = OPEN, book.status = SUSPENDED
2014-02-17T16:00:24.947Z - crit: <priceobserver> <updateStatus> marketstatuses[mid].status = OPEN, book.status = SUSPENDED
2014-02-17T16:00:24.947Z - crit: <PriceObserver.prototype.synchronize> 3 suspended Markets
2014-02-17T16:00:24.947Z - crit: <apicontroller> <on: marketSuspension> Market Passivation (1.112888297)
2014-02-17T16:00:24.948Z - crit: <apicontroller> <on: marketSuspension> Market Passivation (1.112888333)
2014-02-17T16:00:24.948Z - crit: <apicontroller> <on: marketSuspension> Market Passivation (1.112888793)
2014-02-17T16:00:25.100Z - crit: <reporting> <addMarketToResults> orderct = 34
2014-02-17T16:00:25.100Z - crit: <reporting> <addMarketToResults> orderct = 0
2014-02-17T16:00:25.101Z - crit: <reporting> <addMarketToResults> orderct = 7
2014-02-17T16:00:25.144Z - crit: <db_results> <add> MID = 1.112888793
2014-02-17T16:00:25.153Z - crit: <db_results> <add> MID = 1.112888297
2014-02-17T16:00:27.703Z - crit: <db_results> <getList> List : {"name":"Wolv 17th Feb","type":"To Be Placed","marketId":"1.112881780","suspensionTime":"2014-02-17T15:44:32.405Z","orderCount":17,"winners":"","profit":null,"_id":"53022e60d72b6fc826000002","__v":0,"runners":[{"potWin":1,"potLoss":0,"name":"I Confess","sid":"2411303","_id":"53022e60d72b6fc826000009"},{"potWin":-18.7,"potLoss":8,"name":"Honey Of A Kitten","sid":"4858098","_id":"53022e60d72b6fc826000008"},{"potWin":-3.68,"potLoss":2,"name":"Arabian Heights","sid":"5548020","_id":"53022e60d72b6fc826000007"},{"potWin":-1.78,"potLoss":2,"name":"Attain","sid":"6105844","_id":"53022e60d72b6fc826000006"},{"potWin":27,"potLoss":-2,"name":"Rainford Glory","sid":"6858952","_id":"53022e60d72b6fc826000005"},{"potWin":-4.3,"potLoss":2,"name":"Colour My World","sid":"6919675","_id":"53022e60d72b6fc826000004"},{"potWin":-0.9,"potLoss":2,"name":"Kindlelight Storm","sid":"7534086","_id":"53022e60d72b6fc826000003"}]}
2014-02-17T16:00:27.703Z - error: <server> <uncaught exception> {}
2014-02-17T16:00:37.704Z - crit: <db_results> <getList> List : {"name":"Wolv 17th Feb","type":"To Be Placed","marketId":"1.112881780","suspensionTime":"2014-02-17T15:44:32.405Z","orderCount":17,"winners":"","profit":null,"_id":"53022e60d72b6fc826000002","__v":0,"runners":[{"potWin":1,"potLoss":0,"name":"I Confess","sid":"2411303","_id":"53022e60d72b6fc826000009"},{"potWin":-18.7,"potLoss":8,"name":"Honey Of A Kitten","sid":"4858098","_id":"53022e60d72b6fc826000008"},{"potWin":-3.68,"potLoss":2,"name":"Arabian Heights","sid":"5548020","_id":"53022e60d72b6fc826000007"},{"potWin":-1.78,"potLoss":2,"name":"Attain","sid":"6105844","_id":"53022e60d72b6fc826000006"},{"potWin":27,"potLoss":-2,"name":"Rainford Glory","sid":"6858952","_id":"53022e60d72b6fc826000005"},{"potWin":-4.3,"potLoss":2,"name":"Colour My World","sid":"6919675","_id":"53022e60d72b6fc826000004"},{"potWin":-0.9,"potLoss":2,"name":"Kindlelight Storm","sid":"7534086","_id":"53022e60d72b6fc826000003"}]}
2014-02-17T16:00:37.704Z - error: <server> <uncaught exception> {}
2014-02-17T16:00:47.699Z - crit: <db_results> <getList> List : {"name":"Wolv 17th Feb","type":"To Be Placed","marketId":"1.112881780","suspensionTime":"2014-02-17T15:44:32.405Z","orderCount":17,"winners":"","profit":null,"_id":"53022e60d72b6fc826000002","__v":0,"runners":[{"potWin":1,"potLoss":0,"name":"I Confess","sid":"2411303","_id":"53022e60d72b6fc826000009"},{"potWin":-18.7,"potLoss":8,"name":"Honey Of A Kitten","sid":"4858098","_id":"53022e60d72b6fc826000008"},{"potWin":-3.68,"potLoss":2,"name":"Arabian Heights","sid":"5548020","_id":"53022e60d72b6fc826000007"},{"potWin":-1.78,"potLoss":2,"name":"Attain","sid":"6105844","_id":"53022e60d72b6fc826000006"},{"potWin":27,"potLoss":-2,"name":"Rainford Glory","sid":"6858952","_id":"53022e60d72b6fc826000005"},{"potWin":-4.3,"potLoss":2,"name":"Colour My World","sid":"6919675","_id":"53022e60d72b6fc826000004"},{"potWin":-0.9,"potLoss":2,"name":"Kindlelight Storm","sid":"7534086","_id":"53022e60d72b6fc826000003"}]}
2014-02-17T16:00:47.700Z - error: <server> <uncaught exception> {}
2014-02-17T16:00:57.701Z - crit: <db_results> <getList> List : {"name":"Wolv 17th Feb","type":"To Be Placed","marketId":"1.112881780","suspensionTime":"2014-02-17T15:44:32.405Z","orderCount":17,"winners":"","profit":null,"_id":"53022e60d72b6fc826000002","__v":0,"runners":[{"potWin":1,"potLoss":0,"name":"I Confess","sid":"2411303","_id":"53022e60d72b6fc826000009"},{"potWin":-18.7,"potLoss":8,"name":"Honey Of A Kitten","sid":"4858098","_id":"53022e60d72b6fc826000008"},{"potWin":-3.68,"potLoss":2,"name":"Arabian Heights","sid":"5548020","_id":"53022e60d72b6fc826000007"},{"potWin":-1.78,"potLoss":2,"name":"Attain","sid":"6105844","_id":"53022e60d72b6fc826000006"},{"potWin":27,"potLoss":-2,"name":"Rainford Glory","sid":"6858952","_id":"53022e60d72b6fc826000005"},{"potWin":-4.3,"potLoss":2,"name":"Colour My World","sid":"6919675","_id":"53022e60d72b6fc826000004"},{"potWin":-0.9,"potLoss":2,"name":"Kindlelight Storm","sid":"7534086","_id":"53022e60d72b6fc826000003"}]}
2014-02-17T16:00:57.701Z - error: <server> <uncaught exception> {}
