2014-02-17T17:42:52.421Z - crit: <server> System logging to F:\repos\github\bfair\logs\bfair_20140217-1842.log
2014-02-17T17:42:53.388Z - crit: <pingresults> <start> Time: 2014-02-17 17:42:53
2014-02-17T17:42:52.856Z - crit: <session> <getSession> New Session Instance, Active App Key = 2ku5TzXl34zUU1Qz
2014-02-17T17:42:53.459Z - crit: <server> Express app started on port 3000
2014-02-17T17:42:54.173Z - crit: <betfair_auth> <interactiveLogin> sessionKey = xmh2fSRZSmf8Ur2iuyykjQLRrx11EkSqCWu5Cnxize8=
2014-02-17T17:43:01.577Z - crit: <pingprices> <ping> Minimum interval changed to 30ms
2014-02-17T17:45:05.497Z - crit: <priceobserver> <updateStatus> marketstatuses[mid].status = OPEN, book.status = SUSPENDED
2014-02-17T17:45:05.498Z - crit: <priceobserver> <updateStatus> marketstatuses[mid].status = OPEN, book.status = SUSPENDED
2014-02-17T17:45:05.498Z - crit: <PriceObserver.prototype.synchronize> 2 suspended Markets
2014-02-17T17:45:05.498Z - crit: <apicontroller> <on: marketSuspension> Market Passivation (1.112883026)
2014-02-17T17:45:05.499Z - crit: <apicontroller> <on: marketSuspension> Market Passivation (1.112883027)
2014-02-17T17:45:05.652Z - crit: <reporting> <addMarketToResults> orderct = 0
2014-02-17T17:45:05.652Z - crit: <reporting> <addMarketToResults> orderct = 16
2014-02-17T17:45:05.699Z - crit: <db_results> <add> MID = 1.112883027
2014-02-17T17:45:52.064Z - crit: <priceobserver> <updateStatus> marketstatuses[mid].status = OPEN, book.status = SUSPENDED
2014-02-17T17:45:52.064Z - crit: <priceobserver> <updateStatus> marketstatuses[mid].status = OPEN, book.status = SUSPENDED
2014-02-17T17:45:52.064Z - crit: <PriceObserver.prototype.synchronize> 2 suspended Markets
2014-02-17T17:45:52.064Z - crit: <apicontroller> <on: marketSuspension> Market Passivation (1.112888562)
2014-02-17T17:45:52.065Z - crit: <apicontroller> <on: marketSuspension> Market Passivation (1.112888876)
2014-02-17T17:45:52.205Z - crit: <reporting> <addMarketToResults> orderct = 0
2014-02-17T17:45:52.205Z - crit: <reporting> <addMarketToResults> orderct = 0
