2014-02-08T17:47:15.955Z - crit: <server> System logging to F:\repos\github\bfair\logs\bfair_20140208-1847.log
2014-02-08T17:47:16.456Z - crit: <session> <getSession> New Session Instance, Active App Key = 2ku5TzXl34zUU1Qz
2014-02-08T17:47:16.777Z - crit: <pingresults> <start> Time: 2014-02-08 17:47:16
2014-02-08T17:47:16.834Z - crit: <server> Express app started on port 3000
2014-02-08T17:47:17.183Z - crit: <betfair_auth> <interactiveLogin> sessionKey = EsdMMPkcjGG/yMSb+y3Ddk37TxPzrGpixq8vN6rIMn8=
2014-02-08T17:47:24.963Z - crit: <pingprices> <ping> Minimum interval changed to 30ms
2014-02-08T17:48:37.274Z - error: <server> <uncaught exception> {"code":"ECONNRESET"}
2014-02-08T17:49:04.798Z - crit: <marketfactory> <remove> MID = 1.112768765 (1/0)
2014-02-08T17:49:04.798Z - crit: <marketfactory> <remove> MID = 1.112768766 (1/0)
2014-02-08T17:49:04.799Z - error: <batch> <increaseBatchCt> Exceeding batch limit of 10
2014-02-08T17:49:04.822Z - crit: <pingprices> <ping> Minimum interval changed to 27ms
2014-02-08T17:49:14.908Z - crit: <marketfactory> <remove> MID = 1.112768823 (1/0)
2014-02-08T17:49:14.908Z - crit: <marketfactory> <remove> MID = 1.112768723 (1/0)
2014-02-08T17:49:25.342Z - crit: <marketfactory> <remove> MID = 1.112768765 (1/0)
2014-02-08T17:49:54.918Z - crit: <marketfactory> <remove> MID = 1.112768766 (1/0)
2014-02-08T17:50:04.815Z - crit: <marketfactory> <remove> MID = 1.112768723 (1/0)
2014-02-08T17:50:13.319Z - crit: <priceobserver> <updateStatus> marketstatuses[mid].status = OPEN, book.status = SUSPENDED
2014-02-08T17:50:13.319Z - crit: <priceobserver> <updateStatus> marketstatuses[mid].status = OPEN, book.status = SUSPENDED
2014-02-08T17:50:13.319Z - crit: <PriceObserver.prototype.synchronize> 2 suspended Markets
2014-02-08T17:50:13.320Z - crit: <apicontroller> <on: marketSuspension> Market Passivation (1.112746581)
2014-02-08T17:50:13.320Z - crit: <apicontroller> <on: marketSuspension> Market Passivation (1.112746582)
2014-02-08T17:50:13.540Z - crit: <reporting> <addMarketToResults> orderct = 11
2014-02-08T17:50:13.540Z - crit: <reporting> <addMarketToResults> sidMappedPL = {"2537864":{"sid":"2537864","liabilities":{"backBetLiability":"0.00","layBetLiability":"3.60","totalLiability":"3.60"},"outcomes":{"potWin":"-3.60","potLoss":"2.00"}},"3916419":{"sid":"3916419","liabilities":{"backBetLiability":"2.00","layBetLiability":"0.00","totalLiability":"2.00"},"outcomes":{"potWin":"12.00","potLoss":"-2.00"}},"5011754":{"sid":"5011754","liabilities":{"backBetLiability":"14.00","layBetLiability":"0.00","totalLiability":"14.00"},"outcomes":{"potWin":"546.00","potLoss":"-14.00"}},"6395169":{"sid":"6395169","liabilities":{"backBetLiability":"2.00","layBetLiability":"0.00","totalLiability":"2.00"},"outcomes":{"potWin":"29.00","potLoss":"-2.00"}},"6481509":{"sid":"6481509","liabilities":{"backBetLiability":"0.00","layBetLiability":"0.00","totalLiability":"0.00"},"outcomes":{"potWin":"0.00","potLoss":"0.00"}}}
2014-02-08T17:50:13.541Z - crit: <reporting> <addMarketToResults> orderct = 0
2014-02-08T17:50:13.737Z - crit: <reporting> <addMarketToResults> Braodcasting result: {"orderct":11,"marketId":"1.112746581","suspensiontime":"2014-02-08T17:50:13.540Z","runners":{"2537864":{"outcomes":{"potWin":"-3.60","potLoss":"2.00"},"name":"John Potts"},"3916419":{"outcomes":{"potWin":"12.00","potLoss":"-2.00"},"name":"Do More Business"},"5011754":{"outcomes":{"potWin":"546.00","potLoss":"-14.00"},"name":"Stamp Duty"},"6395169":{"outcomes":{"potWin":"29.00","potLoss":"-2.00"},"name":"Mick Dundee"},"6481509":{"outcomes":{"potWin":"0.00","potLoss":"0.00"},"name":"Just A Pound"}}}
2014-02-08T17:50:14.955Z - crit: <marketfactory> <remove> MID = 1.112768766 (1/0)
2014-02-08T17:50:32.939Z - crit: <reporting> <getResultList> Number of results: 1
2014-02-08T17:50:33.337Z - crit: <reporting> <getResultList> Number of results: 1
2014-02-08T17:50:38.479Z - crit: <priceobserver> <updateStatus> marketstatuses[mid].status = OPEN, book.status = SUSPENDED
2014-02-08T17:50:38.479Z - crit: <priceobserver> <updateStatus> marketstatuses[mid].status = OPEN, book.status = SUSPENDED
2014-02-08T17:50:38.479Z - crit: <PriceObserver.prototype.synchronize> 2 suspended Markets
2014-02-08T17:50:38.479Z - crit: <apicontroller> <on: marketSuspension> Market Passivation (1.112778608)
2014-02-08T17:50:38.480Z - crit: <apicontroller> <on: marketSuspension> Market Passivation (1.112779045)
2014-02-08T17:50:38.623Z - crit: <reporting> <addMarketToResults> orderct = 0
2014-02-08T17:50:38.625Z - crit: <reporting> <addMarketToResults> orderct = 98
2014-02-08T17:50:38.625Z - crit: <reporting> <addMarketToResults> sidMappedPL = {"2521889":{"sid":"2521889","liabilities":{"backBetLiability":"20.00","layBetLiability":"0.00","totalLiability":"20.00"},"outcomes":{"potWin":"200.60","potLoss":"-20.00"}},"2521890":{"sid":"2521890","liabilities":{"backBetLiability":"0.00","layBetLiability":"31.00","totalLiability":"31.00"},"outcomes":{"potWin":"-31.00","potLoss":"2.00"}},"2521891":{"sid":"2521891","liabilities":{"backBetLiability":"12.00","layBetLiability":"0.00","totalLiability":"12.00"},"outcomes":{"potWin":"170.00","potLoss":"-12.00"}},"2521899":{"sid":"2521899","liabilities":{"backBetLiability":"12.00","layBetLiability":"0.00","totalLiability":"12.00"},"outcomes":{"potWin":"88.80","potLoss":"-12.00"}},"2521900":{"sid":"2521900","liabilities":{"backBetLiability":"0.00","layBetLiability":"9.20","totalLiability":"9.20"},"outcomes":{"potWin":"-9.20","potLoss":"2.00"}},"2521901":{"sid":"2521901","liabilities":{"backBetLiability":"10.00","layBetLiability":"15.60","totalLiability":"5.60"},"outcomes":{"potWin":"101.40","potLoss":"-8.00"}},"2521904":{"sid":"2521904","liabilities":{"backBetLiability":"12.00","layBetLiability":"0.00","totalLiability":"12.00"},"outcomes":{"potWin":"596.00","potLoss":"-12.00"}},"2521905":{"sid":"2521905","liabilities":{"backBetLiability":"18.00","layBetLiability":"0.00","totalLiability":"18.00"},"outcomes":{"potWin":"654.00","potLoss":"-18.00"}},"2521908":{"sid":"2521908","liabilities":{"backBetLiability":"10.00","layBetLiability":"0.00","totalLiability":"10.00"},"outcomes":{"potWin":"660.00","potLoss":"-10.00"}},"2521911":{"sid":"2521911","liabilities":{"backBetLiability":"14.00","layBetLiability":"0.00","totalLiability":"14.00"},"outcomes":{"potWin":"458.00","potLoss":"-14.00"}},"2521913":{"sid":"2521913","liabilities":{"backBetLiability":"0.00","layBetLiability":"896.00","totalLiability":"896.00"},"outcomes":{"potWin":"-896.00","potLoss":"4.00"}},"2521918":{"sid":"2521918","liabilities":{"backBetLiability":"6.00","layBetLiability":"0.00","totalLiability":"6.00"},"outcomes":{"potWin":"1034.00","potLoss":"-6.00"}},"2522761":{"sid":"2522761","liabilities":{"backBetLiability":"18.00","layBetLiability":"0.00","totalLiability":"18.00"},"outcomes":{"potWin":"414.00","potLoss":"-18.00"}},"2522762":{"sid":"2522762","liabilities":{"backBetLiability":"8.00","layBetLiability":"0.00","totalLiability":"8.00"},"outcomes":{"potWin":"162.00","potLoss":"-8.00"}},"2522763":{"sid":"2522763","liabilities":{"backBetLiability":"22.00","layBetLiability":"0.00","totalLiability":"22.00"},"outcomes":{"potWin":"754.00","potLoss":"-22.00"}},"2522766":{"sid":"2522766","liabilities":{"backBetLiability":"8.00","layBetLiability":"0.00","totalLiability":"8.00"},"outcomes":{"potWin":"102.00","potLoss":"-8.00"}},"2522768":{"sid":"2522768","liabilities":{"backBetLiability":"12.00","layBetLiability":"0.00","totalLiability":"12.00"},"outcomes":{"potWin":"968.00","potLoss":"-12.00"}}}
2014-02-08T17:50:38.677Z - crit: <reporting> <addMarketToResults> Braodcasting result: {"orderct":98,"marketId":"1.112779045","suspensiontime":"2014-02-08T17:50:38.625Z","runners":{"2521889":{"outcomes":{"potWin":"200.60","potLoss":"-20.00"},"name":"1 - 2 / 2 - 1"},"2521890":{"outcomes":{"potWin":"-31.00","potLoss":"2.00"},"name":"1 - 3 / 3 - 1"},"2521891":{"outcomes":{"potWin":"170.00","potLoss":"-12.00"},"name":"2 - 3 / 3 - 2"},"2521899":{"outcomes":{"potWin":"88.80","potLoss":"-12.00"},"name":"1 - 6 / 6 - 1"},"2521900":{"outcomes":{"potWin":"-9.20","potLoss":"2.00"},"name":"2 - 6 / 6 - 2"},"2521901":{"outcomes":{"potWin":"101.40","potLoss":"-8.00"},"name":"3 - 6 / 6 - 3"},"2521904":{"outcomes":{"potWin":"596.00","potLoss":"-12.00"},"name":"1 - 7 / 7 - 1"},"2521905":{"outcomes":{"potWin":"654.00","potLoss":"-18.00"},"name":"2 - 7 / 7 - 2"},"2521908":{"outcomes":{"potWin":"660.00","potLoss":"-10.00"},"name":"3 - 7 / 7 - 3"},"2521911":{"outcomes":{"potWin":"458.00","potLoss":"-14.00"},"name":"6 - 7 / 7 - 6"},"2521913":{"outcomes":{"potWin":"-896.00","potLoss":"4.00"},"name":"1 - 8 / 8 - 1"},"2521918":{"outcomes":{"potWin":"1034.00","potLoss":"-6.00"},"name":"6 - 8 / 8 - 6"},"2522761":{"outcomes":{"potWin":"414.00","potLoss":"-18.00"},"name":"1 - 9 / 9 - 1"},"2522762":{"outcomes":{"potWin":"162.00","potLoss":"-8.00"},"name":"2 - 9 / 9 - 2"},"2522763":{"outcomes":{"potWin":"754.00","potLoss":"-22.00"},"name":"3 - 9 / 9 - 3"},"2522766":{"outcomes":{"potWin":"102.00","potLoss":"-8.00"},"name":"6 - 9 / 9 - 6"},"2522768":{"outcomes":{"potWin":"968.00","potLoss":"-12.00"},"name":"7 - 9 / 9 - 7"}}}
2014-02-08T17:51:43.998Z - crit: <reporting> <getResultList> Number of results: 2
2014-02-08T17:52:29.452Z - crit: <priceobserver> <updateStatus> marketstatuses[mid].status = OPEN, book.status = SUSPENDED
2014-02-08T17:52:29.452Z - crit: <priceobserver> <updateStatus> marketstatuses[mid].status = OPEN, book.status = SUSPENDED
2014-02-08T17:52:29.452Z - crit: <PriceObserver.prototype.synchronize> 2 suspended Markets
2014-02-08T17:52:29.453Z - crit: <apicontroller> <on: marketSuspension> Market Passivation (1.112746579)
2014-02-08T17:52:29.453Z - crit: <apicontroller> <on: marketSuspension> Market Passivation (1.112746580)
2014-02-08T17:52:29.603Z - crit: <reporting> <addMarketToResults> orderct = 9
2014-02-08T17:52:29.603Z - crit: <reporting> <addMarketToResults> sidMappedPL = {"1505347":{"sid":"1505347","liabilities":{"backBetLiability":"12.00","layBetLiability":"0.00","totalLiability":"12.00"},"outcomes":{"potWin":"2428.00","potLoss":"-12.00"}},"6435926":{"sid":"6435926","liabilities":{"backBetLiability":"6.00","layBetLiability":"0.00","totalLiability":"6.00"},"outcomes":{"potWin":"874.00","potLoss":"-6.00"}}}
2014-02-08T17:52:29.604Z - crit: <reporting> <addMarketToResults> orderct = 43
2014-02-08T17:52:29.604Z - crit: <reporting> <addMarketToResults> sidMappedPL = {"1505347":{"sid":"1505347","liabilities":{"backBetLiability":"12.00","layBetLiability":"110.00","totalLiability":"98.00"},"outcomes":{"potWin":"310.00","potLoss":"-6.00"}},"2538111":{"sid":"2538111","liabilities":{"backBetLiability":"6.00","layBetLiability":"11.70","totalLiability":"5.70"},"outcomes":{"potWin":"7.00","potLoss":"-2.00"}},"3092911":{"sid":"3092911","liabilities":{"backBetLiability":"2.00","layBetLiability":"0.20","totalLiability":"1.80"},"outcomes":{"potWin":"4.70","potLoss":"2.00"}},"3195949":{"sid":"3195949","liabilities":{"backBetLiability":"4.00","layBetLiability":"8.52","totalLiability":"4.52"},"outcomes":{"potWin":"-4.04","potLoss":"4.00"}},"5084189":{"sid":"5084189","liabilities":{"backBetLiability":"4.00","layBetLiability":"0.76","totalLiability":"3.24"},"outcomes":{"potWin":"1.04","potLoss":"-2.00"}},"6105844":{"sid":"6105844","liabilities":{"backBetLiability":"4.00","layBetLiability":"1.02","totalLiability":"2.98"},"outcomes":{"potWin":"0.92","potLoss":"-2.00"}},"6435926":{"sid":"6435926","liabilities":{"backBetLiability":"18.00","layBetLiability":"0.00","totalLiability":"18.00"},"outcomes":{"potWin":"31.00","potLoss":"-18.00"}}}
2014-02-08T17:52:29.675Z - crit: <reporting> <addMarketToResults> Braodcasting result: {"orderct":9,"marketId":"1.112746579","suspensiontime":"2014-02-08T17:52:29.603Z","runners":{"1505347":{"outcomes":{"potWin":"2428.00","potLoss":"-12.00"},"name":"Converti"},"6435926":{"outcomes":{"potWin":"874.00","potLoss":"-6.00"},"name":"Una Bella Cosa"}}}
2014-02-08T17:52:29.678Z - crit: <reporting> <addMarketToResults> Braodcasting result: {"orderct":43,"marketId":"1.112746580","suspensiontime":"2014-02-08T17:52:29.604Z","runners":{"1505347":{"outcomes":{"potWin":"310.00","potLoss":"-6.00"},"name":"Converti"},"2538111":{"outcomes":{"potWin":"7.00","potLoss":"-2.00"},"name":"General Tufto"},"3092911":{"outcomes":{"potWin":"4.70","potLoss":"2.00"},"name":"Hail Promenader"},"3195949":{"outcomes":{"potWin":"-4.04","potLoss":"4.00"},"name":"Cyflymder"},"5084189":{"outcomes":{"potWin":"1.04","potLoss":"-2.00"},"name":"Cantor"},"6105844":{"outcomes":{"potWin":"0.92","potLoss":"-2.00"},"name":"Attain"},"6435926":{"outcomes":{"potWin":"31.00","potLoss":"-18.00"},"name":"Una Bella Cosa"}}}
2014-02-08T17:55:29.436Z - crit: <priceobserver> <updateStatus> marketstatuses[mid].status = OPEN, book.status = SUSPENDED
2014-02-08T17:55:29.437Z - crit: <priceobserver> <updateStatus> marketstatuses[mid].status = OPEN, book.status = SUSPENDED
2014-02-08T17:55:29.437Z - crit: <PriceObserver.prototype.synchronize> 2 suspended Markets
2014-02-08T17:55:29.437Z - crit: <apicontroller> <on: marketSuspension> Market Passivation (1.112768673)
2014-02-08T17:55:29.437Z - crit: <apicontroller> <on: marketSuspension> Market Passivation (1.112768674)
2014-02-08T17:55:29.661Z - crit: <reporting> <addMarketToResults> orderct = 0
2014-02-08T17:55:29.662Z - crit: <reporting> <addMarketToResults> orderct = 58
2014-02-08T17:55:29.663Z - crit: <reporting> <addMarketToResults> sidMappedPL = {"5007117":{"sid":"5007117","liabilities":{"backBetLiability":"8.00","layBetLiability":"22.30","totalLiability":"14.30"},"outcomes":{"potWin":"-4.00","potLoss":"2.00"}},"5441990":{"sid":"5441990","liabilities":{"backBetLiability":"24.00","layBetLiability":"37.00","totalLiability":"13.00"},"outcomes":{"potWin":"407.00","potLoss":"-22.00"}},"5529486":{"sid":"5529486","liabilities":{"backBetLiability":"12.00","layBetLiability":"79.00","totalLiability":"67.00"},"outcomes":{"potWin":"-26.00","potLoss":"6.00"}},"5905405":{"sid":"5905405","liabilities":{"backBetLiability":"0.00","layBetLiability":"45.10","totalLiability":"45.10"},"outcomes":{"potWin":"-45.10","potLoss":"18.00"}},"6789982":{"sid":"6789982","liabilities":{"backBetLiability":"2.00","layBetLiability":"40.60","totalLiability":"38.60"},"outcomes":{"potWin":"-28.60","potLoss":"6.00"}}}
2014-02-08T17:55:29.851Z - crit: <reporting> <addMarketToResults> Braodcasting result: {"orderct":58,"marketId":"1.112768674","suspensiontime":"2014-02-08T17:55:29.663Z","runners":{"5007117":{"outcomes":{"potWin":"-4.00","potLoss":"2.00"},"name":"1. Grand Rapport"},"5441990":{"outcomes":{"potWin":"407.00","potLoss":"-22.00"},"name":"3. Indy Tune"},"5529486":{"outcomes":{"potWin":"-26.00","potLoss":"6.00"},"name":"6. I Want You to Know"},"5905405":{"outcomes":{"potWin":"-45.10","potLoss":"18.00"},"name":"7. Tug Of War"},"6789982":{"outcomes":{"potWin":"-28.60","potLoss":"6.00"},"name":"5. Sacred Ground"}}}
2014-02-08T17:56:35.141Z - crit: <marketfactory> <remove> MID = 1.112746579 (1/0)
2014-02-08T17:56:45.169Z - crit: <marketfactory> <remove> MID = 1.112768822 (1/0)
2014-02-08T17:57:15.480Z - crit: <marketfactory> <remove> MID = 1.112779045 (1/0)
2014-02-08T17:57:15.480Z - crit: <marketfactory> <remove> MID = 1.112778608 (1/0)
2014-02-08T17:57:15.480Z - crit: <marketfactory> <remove> MID = 1.112746579 (1/0)
2014-02-08T17:57:25.320Z - crit: <marketfactory> <remove> MID = 1.112746580 (1/0)
2014-02-08T17:57:45.309Z - crit: <marketfactory> <remove> MID = 1.112768981 (1/0)
2014-02-08T17:57:55.178Z - crit: <marketfactory> <remove> MID = 1.112746580 (1/0)
2014-02-08T17:58:04.994Z - crit: <marketfactory> <remove> MID = 1.112768981 (1/0)
2014-02-08T17:58:35.056Z - crit: <marketfactory> <remove> MID = 1.112746580 (1/0)
2014-02-08T18:01:25.404Z - crit: <marketfactory> <remove> MID = 1.112768674 (1/0)
2014-02-08T18:01:25.404Z - crit: <marketfactory> <remove> MID = 1.112768673 (1/0)
2014-02-08T18:01:25.404Z - error: <batch> <increaseBatchCt> Exceeding batch limit of 10
2014-02-08T18:01:25.420Z - crit: <pingprices> <ping> Minimum interval changed to 25ms
2014-02-08T18:01:35.320Z - crit: <marketfactory> <remove> MID = 1.112768980 (1/0)
2014-02-08T18:01:35.320Z - crit: <marketfactory> <remove> MID = 1.112768824 (1/0)
2014-02-08T18:01:45.231Z - crit: <marketfactory> <remove> MID = 1.112768674 (1/0)
2014-02-08T18:01:45.231Z - crit: <marketfactory> <remove> MID = 1.112768673 (1/0)
2014-02-08T18:02:15.341Z - crit: <marketfactory> <remove> MID = 1.112768980 (1/0)
2014-02-08T18:02:15.342Z - crit: <marketfactory> <remove> MID = 1.112768824 (1/0)
2014-02-08T18:02:25.488Z - crit: <marketfactory> <remove> MID = 1.112768673 (1/0)
2014-02-08T18:02:27.209Z - crit: <priceobserver> <updateStatus> marketstatuses[mid].status = OPEN, book.status = SUSPENDED
2014-02-08T18:02:27.209Z - crit: <priceobserver> <updateStatus> marketstatuses[mid].status = OPEN, book.status = SUSPENDED
2014-02-08T18:02:27.209Z - crit: <PriceObserver.prototype.synchronize> 2 suspended Markets
2014-02-08T18:02:27.209Z - crit: <apicontroller> <on: marketSuspension> Market Passivation (1.112768799)
2014-02-08T18:02:27.210Z - crit: <apicontroller> <on: marketSuspension> Market Passivation (1.112768800)
2014-02-08T18:02:27.460Z - crit: <reporting> <addMarketToResults> orderct = 0
2014-02-08T18:02:27.464Z - crit: <reporting> <addMarketToResults> orderct = 101
2014-02-08T18:02:27.464Z - crit: <reporting> <addMarketToResults> sidMappedPL = {"2610641":{"sid":"2610641","liabilities":{"backBetLiability":"14.00","layBetLiability":"54.80","totalLiability":"40.80"},"outcomes":{"potWin":"36.00","potLoss":"-4.00"}},"5442292":{"sid":"5442292","liabilities":{"backBetLiability":"26.00","layBetLiability":"21.00","totalLiability":"5.00"},"outcomes":{"potWin":"75.90","potLoss":"-18.00"}},"6183657":{"sid":"6183657","liabilities":{"backBetLiability":"24.00","layBetLiability":"104.00","totalLiability":"80.00"},"outcomes":{"potWin":"1792.00","potLoss":"-20.00"}},"6439191":{"sid":"6439191","liabilities":{"backBetLiability":"24.00","layBetLiability":"148.20","totalLiability":"124.20"},"outcomes":{"potWin":"271.80","potLoss":"-12.00"}},"6442589":{"sid":"6442589","liabilities":{"backBetLiability":"6.00","layBetLiability":"38.60","totalLiability":"32.60"},"outcomes":{"potWin":"-22.40","potLoss":"10.00"}},"6836214":{"sid":"6836214","liabilities":{"backBetLiability":"10.00","layBetLiability":"48.60","totalLiability":"38.60"},"outcomes":{"potWin":"4.40","potLoss":"2.00"}},"7666001":{"sid":"7666001","liabilities":{"backBetLiability":"28.00","layBetLiability":"120.00","totalLiability":"92.00"},"outcomes":{"potWin":"1230.00","potLoss":"-24.00"}}}
2014-02-08T18:02:27.659Z - crit: <reporting> <addMarketToResults> Braodcasting result: {"orderct":101,"marketId":"1.112768800","suspensiontime":"2014-02-08T18:02:27.464Z","runners":{"2610641":{"outcomes":{"potWin":"36.00","potLoss":"-4.00"},"name":"1. Monstrip"},"5442292":{"outcomes":{"potWin":"75.90","potLoss":"-18.00"},"name":"5. Perfect Berry"},"6183657":{"outcomes":{"potWin":"1792.00","potLoss":"-20.00"},"name":"7. Summer At Susans"},"6439191":{"outcomes":{"potWin":"271.80","potLoss":"-12.00"},"name":"6. Super Craft"},"6442589":{"outcomes":{"potWin":"-22.40","potLoss":"10.00"},"name":"4. Pedroia"},"6836214":{"outcomes":{"potWin":"4.40","potLoss":"2.00"},"name":"2. Annelle"},"7666001":{"outcomes":{"potWin":"1230.00","potLoss":"-24.00"},"name":"3. Consolacion Sur"}}}
2014-02-08T18:02:35.474Z - crit: <marketfactory> <remove> MID = 1.112768674 (1/0)
2014-02-08T18:07:34.818Z - crit: <marketfactory> <remove> MID = 1.112768799 (1/0)
2014-02-08T18:07:44.821Z - crit: <marketfactory> <remove> MID = 1.112768825 (1/0)
2014-02-08T18:08:04.905Z - crit: <marketfactory> <remove> MID = 1.112768800 (1/0)
2014-02-08T18:08:04.905Z - crit: <marketfactory> <remove> MID = 1.112768799 (1/0)
2014-02-08T18:08:04.906Z - error: <batch> <increaseBatchCt> Exceeding batch limit of 10
2014-02-08T18:08:04.926Z - crit: <pingprices> <ping> Minimum interval changed to 23ms
2014-02-08T18:08:14.800Z - crit: <marketfactory> <remove> MID = 1.112768687 (1/0)
2014-02-08T18:08:24.801Z - crit: <marketfactory> <remove> MID = 1.112768800 (1/0)
2014-02-08T18:11:01.005Z - crit: <priceobserver> <updateStatus> marketstatuses[mid].status = OPEN, book.status = SUSPENDED
2014-02-08T18:11:01.005Z - crit: <priceobserver> <updateStatus> marketstatuses[mid].status = OPEN, book.status = SUSPENDED
2014-02-08T18:11:01.006Z - crit: <PriceObserver.prototype.synchronize> 2 suspended Markets
2014-02-08T18:11:01.006Z - crit: <apicontroller> <on: marketSuspension> Market Passivation (1.112768767)
2014-02-08T18:11:01.006Z - crit: <apicontroller> <on: marketSuspension> Market Passivation (1.112768768)
2014-02-08T18:11:01.148Z - crit: <reporting> <addMarketToResults> orderct = 0
2014-02-08T18:11:01.151Z - crit: <reporting> <addMarketToResults> orderct = 119
2014-02-08T18:11:01.152Z - crit: <reporting> <addMarketToResults> sidMappedPL = {"7817920":{"sid":"7817920","liabilities":{"backBetLiability":"16.00","layBetLiability":"35.60","totalLiability":"19.60"},"outcomes":{"potWin":"181.40","potLoss":"-12.00"}},"8284048":{"sid":"8284048","liabilities":{"backBetLiability":"6.00","layBetLiability":"53.20","totalLiability":"47.20"},"outcomes":{"potWin":"-16.00","potLoss":"4.00"}},"8284049":{"sid":"8284049","liabilities":{"backBetLiability":"18.00","layBetLiability":"98.00","totalLiability":"80.00"},"outcomes":{"potWin":"3284.00","potLoss":"-16.00"}},"8284050":{"sid":"8284050","liabilities":{"backBetLiability":"58.00","layBetLiability":"154.00","totalLiability":"96.00"},"outcomes":{"potWin":"1984.00","potLoss":"-50.00"}},"8284051":{"sid":"8284051","liabilities":{"backBetLiability":"14.00","layBetLiability":"0.00","totalLiability":"14.00"},"outcomes":{"potWin":"4266.00","potLoss":"-14.00"}},"8284052":{"sid":"8284052","liabilities":{"backBetLiability":"2.00","layBetLiability":"30.80","totalLiability":"28.80"},"outcomes":{"potWin":"-24.00","potLoss":"8.00"}},"8284053":{"sid":"8284053","liabilities":{"backBetLiability":"24.00","layBetLiability":"0.00","totalLiability":"24.00"},"outcomes":{"potWin":"6456.00","potLoss":"-24.00"}},"8284055":{"sid":"8284055","liabilities":{"backBetLiability":"6.00","layBetLiability":"72.80","totalLiability":"66.80"},"outcomes":{"potWin":"-49.20","potLoss":"14.00"}},"8284056":{"sid":"8284056","liabilities":{"backBetLiability":"4.00","layBetLiability":"16.20","totalLiability":"12.20"},"outcomes":{"potWin":"-5.00","potLoss":"2.00"}},"8284057":{"sid":"8284057","liabilities":{"backBetLiability":"16.00","layBetLiability":"48.00","totalLiability":"32.00"},"outcomes":{"potWin":"1416.00","potLoss":"-14.00"}}}
2014-02-08T18:11:01.374Z - crit: <reporting> <addMarketToResults> Braodcasting result: {"orderct":119,"marketId":"1.112768768","suspensiontime":"2014-02-08T18:11:01.151Z","runners":{"7817920":{"outcomes":{"potWin":"181.40","potLoss":"-12.00"},"name":"9. Go To Work"},"8284048":{"outcomes":{"potWin":"-16.00","potLoss":"4.00"},"name":"1. Bright Promise"},"8284049":{"outcomes":{"potWin":"3284.00","potLoss":"-16.00"},"name":"2. Loris Comprise"},"8284050":{"outcomes":{"potWin":"1984.00","potLoss":"-50.00"},"name":"3. Chuckle Of The Day"},"8284051":{"outcomes":{"potWin":"4266.00","potLoss":"-14.00"},"name":"4. Rachels Ticket"},"8284052":{"outcomes":{"potWin":"-24.00","potLoss":"8.00"},"name":"5. Mimi Track"},"8284053":{"outcomes":{"potWin":"6456.00","potLoss":"-24.00"},"name":"6. Double Interest"},"8284055":{"outcomes":{"potWin":"-49.20","potLoss":"14.00"},"name":"8. Claque"},"8284056":{"outcomes":{"potWin":"-5.00","potLoss":"2.00"},"name":"10. Hot Cotton"},"8284057":{"outcomes":{"potWin":"1416.00","potLoss":"-14.00"},"name":"11. Dun Won"}}}
2014-02-08T18:12:13.045Z - crit: <priceobserver> <updateStatus> marketstatuses[mid].status = OPEN, book.status = SUSPENDED
2014-02-08T18:12:13.045Z - crit: <priceobserver> <updateStatus> marketstatuses[mid].status = OPEN, book.status = SUSPENDED
2014-02-08T18:12:13.045Z - crit: <PriceObserver.prototype.synchronize> 2 suspended Markets
2014-02-08T18:12:13.045Z - crit: <apicontroller> <on: marketSuspension> Market Passivation (1.112768880)
2014-02-08T18:12:13.046Z - crit: <apicontroller> <on: marketSuspension> Market Passivation (1.112768881)
2014-02-08T18:12:13.216Z - crit: <reporting> <addMarketToResults> orderct = 0
2014-02-08T18:12:13.219Z - crit: <reporting> <addMarketToResults> orderct = 113
2014-02-08T18:12:13.219Z - crit: <reporting> <addMarketToResults> sidMappedPL = {"7139066":{"sid":"7139066","liabilities":{"backBetLiability":"24.00","layBetLiability":"25.00","totalLiability":"1.00"},"outcomes":{"potWin":"524.00","potLoss":"-22.00"}},"7986377":{"sid":"7986377","liabilities":{"backBetLiability":"10.00","layBetLiability":"148.00","totalLiability":"138.00"},"outcomes":{"potWin":"932.00","potLoss":"-8.00"}},"8180342":{"sid":"8180342","liabilities":{"backBetLiability":"8.00","layBetLiability":"62.88","totalLiability":"54.88"},"outcomes":{"potWin":"-50.60","potLoss":"32.00"}},"8184996":{"sid":"8184996","liabilities":{"backBetLiability":"6.00","layBetLiability":"121.20","totalLiability":"115.20"},"outcomes":{"potWin":"-56.20","potLoss":"20.00"}},"8284179":{"sid":"8284179","liabilities":{"backBetLiability":"20.00","layBetLiability":"64.60","totalLiability":"44.60"},"outcomes":{"potWin":"426.40","potLoss":"-14.00"}},"8284180":{"sid":"8284180","liabilities":{"backBetLiability":"8.00","layBetLiability":"60.40","totalLiability":"52.40"},"outcomes":{"potWin":"-37.10","potLoss":"14.00"}},"8284181":{"sid":"8284181","liabilities":{"backBetLiability":"20.00","layBetLiability":"58.00","totalLiability":"38.00"},"outcomes":{"potWin":"382.00","potLoss":"-16.00"}},"8284182":{"sid":"8284182","liabilities":{"backBetLiability":"18.00","layBetLiability":"65.00","totalLiability":"47.00"},"outcomes":{"potWin":"539.00","potLoss":"-14.00"}}}
2014-02-08T18:12:13.457Z - crit: <reporting> <addMarketToResults> Braodcasting result: {"orderct":113,"marketId":"1.112768881","suspensiontime":"2014-02-08T18:12:13.219Z","runners":{"7139066":{"outcomes":{"potWin":"524.00","potLoss":"-22.00"},"name":"3. Memos Lolita"},"7986377":{"outcomes":{"potWin":"932.00","potLoss":"-8.00"},"name":"2. Cove Island Light"},"8180342":{"outcomes":{"potWin":"-50.60","potLoss":"32.00"},"name":"6. Creation"},"8184996":{"outcomes":{"potWin":"-56.20","potLoss":"20.00"},"name":"5. Afacetofteton"},"8284179":{"outcomes":{"potWin":"426.40","potLoss":"-14.00"},"name":"1. Tynah Tyme"},"8284180":{"outcomes":{"potWin":"-37.10","potLoss":"14.00"},"name":"4. Treca (Chi)"},"8284181":{"outcomes":{"potWin":"382.00","potLoss":"-16.00"},"name":"7. Finish Your Drink"},"8284182":{"outcomes":{"potWin":"539.00","potLoss":"-14.00"},"name":"8. Sophie Got Even"}}}
2014-02-08T18:15:22.542Z - crit: <reporting> <getResultList> Number of results: 8
2014-02-08T18:16:34.845Z - crit: <marketfactory> <remove> MID = 1.112768767 (1/0)
2014-02-08T18:16:55.124Z - crit: <marketfactory> <remove> MID = 1.112768768 (1/0)
2014-02-08T18:17:05.020Z - crit: <marketfactory> <remove> MID = 1.112746594 (1/0)
2014-02-08T18:17:24.825Z - crit: <marketfactory> <remove> MID = 1.112768768 (1/0)
2014-02-08T18:20:14.857Z - crit: <marketfactory> <remove> MID = 1.112768880 (1/0)
2014-02-08T18:20:24.820Z - crit: <marketfactory> <remove> MID = 1.112746593 (1/0)
2014-02-08T18:20:34.795Z - crit: <marketfactory> <remove> MID = 1.112768880 (1/0)
2014-02-08T18:20:39.178Z - crit: <priceobserver> <updateStatus> marketstatuses[mid].status = OPEN, book.status = SUSPENDED
2014-02-08T18:20:39.178Z - crit: <priceobserver> <updateStatus> marketstatuses[mid].status = OPEN, book.status = SUSPENDED
2014-02-08T18:20:39.179Z - crit: <PriceObserver.prototype.synchronize> 2 suspended Markets
2014-02-08T18:20:39.179Z - crit: <apicontroller> <on: marketSuspension> Market Passivation (1.112778609)
2014-02-08T18:20:39.179Z - crit: <apicontroller> <on: marketSuspension> Market Passivation (1.112779052)
2014-02-08T18:20:39.388Z - crit: <reporting> <addMarketToResults> orderct = 1
2014-02-08T18:20:39.389Z - crit: <reporting> <addMarketToResults> sidMappedPL = {"3916419":{"sid":"3916419","liabilities":{"backBetLiability":"2.00","layBetLiability":"0.00","totalLiability":"2.00"},"outcomes":{"potWin":"2.96","potLoss":"-2.00"}}}
2014-02-08T18:20:39.393Z - crit: <reporting> <addMarketToResults> orderct = 260
2014-02-08T18:20:39.395Z - crit: <reporting> <addMarketToResults> sidMappedPL = {"2521889":{"sid":"2521889","liabilities":{"backBetLiability":"34.00","layBetLiability":"0.00","totalLiability":"34.00"},"outcomes":{"potWin":"2166.00","potLoss":"-34.00"}},"2521890":{"sid":"2521890","liabilities":{"backBetLiability":"22.00","layBetLiability":"0.00","totalLiability":"22.00"},"outcomes":{"potWin":"1408.00","potLoss":"-22.00"}},"2521891":{"sid":"2521891","liabilities":{"backBetLiability":"24.00","layBetLiability":"33.00","totalLiability":"9.00"},"outcomes":{"potWin":"618.00","potLoss":"-22.00"}},"2521892":{"sid":"2521892","liabilities":{"backBetLiability":"28.00","layBetLiability":"0.00","totalLiability":"28.00"},"outcomes":{"potWin":"1848.00","potLoss":"-28.00"}},"2521893":{"sid":"2521893","liabilities":{"backBetLiability":"14.00","layBetLiability":"25.00","totalLiability":"11.00"},"outcomes":{"potWin":"206.00","potLoss":"-12.00"}},"2521894":{"sid":"2521894","liabilities":{"backBetLiability":"22.00","layBetLiability":"48.00","totalLiability":"26.00"},"outcomes":{"potWin":"856.00","potLoss":"-20.00"}},"2521895":{"sid":"2521895","liabilities":{"backBetLiability":"32.00","layBetLiability":"0.00","totalLiability":"32.00"},"outcomes":{"potWin":"3508.00","potLoss":"-32.00"}},"2521896":{"sid":"2521896","liabilities":{"backBetLiability":"10.00","layBetLiability":"0.00","totalLiability":"10.00"},"outcomes":{"potWin":"384.00","potLoss":"-10.00"}},"2521897":{"sid":"2521897","liabilities":{"backBetLiability":"28.00","layBetLiability":"0.00","totalLiability":"28.00"},"outcomes":{"potWin":"1452.00","potLoss":"-28.00"}},"2521898":{"sid":"2521898","liabilities":{"backBetLiability":"22.00","layBetLiability":"70.00","totalLiability":"48.00"},"outcomes":{"potWin":"920.00","potLoss":"-20.00"}},"2521899":{"sid":"2521899","liabilities":{"backBetLiability":"32.00","layBetLiability":"0.00","totalLiability":"32.00"},"outcomes":{"potWin":"597.00","potLoss":"-32.00"}},"2521900":{"sid":"2521900","liabilities":{"backBetLiability":"12.00","layBetLiability":"9.00","totalLiability":"3.00"},"outcomes":{"potWin":"72.60","potLoss":"-10.00"}},"2521901":{"sid":"2521901","liabilities":{"backBetLiability":"26.00","layBetLiability":"18.00","totalLiability":"8.00"},"outcomes":{"potWin":"372.00","potLoss":"-24.00"}},"2521902":{"sid":"2521902","liabilities":{"backBetLiability":"36.00","layBetLiability":"11.20","totalLiability":"24.80"},"outcomes":{"potWin":"270.00","potLoss":"-34.00"}},"2521903":{"sid":"2521903","liabilities":{"backBetLiability":"16.00","layBetLiability":"0.00","totalLiability":"16.00"},"outcomes":{"potWin":"270.00","potLoss":"-16.00"}},"2521914":{"sid":"2521914","liabilities":{"backBetLiability":"24.00","layBetLiability":"0.00","totalLiability":"24.00"},"outcomes":{"potWin":"1986.00","potLoss":"-24.00"}},"2521915":{"sid":"2521915","liabilities":{"backBetLiability":"8.00","layBetLiability":"188.00","totalLiability":"180.00"},"outcomes":{"potWin":"1004.00","potLoss":"-6.00"}},"2521916":{"sid":"2521916","liabilities":{"backBetLiability":"36.00","layBetLiability":"0.00","totalLiability":"36.00"},"outcomes":{"potWin":"5084.00","potLoss":"-36.00"}},"2521918":{"sid":"2521918","liabilities":{"backBetLiability":"14.00","layBetLiability":"0.00","totalLiability":"14.00"},"outcomes":{"potWin":"602.00","potLoss":"-14.00"}},"2522762":{"sid":"2522762","liabilities":{"backBetLiability":"16.00","layBetLiability":"158.00","totalLiability":"142.00"},"outcomes":{"potWin":"1306.00","potLoss":"-14.00"}},"2522763":{"sid":"2522763","liabilities":{"backBetLiability":"6.00","layBetLiability":"0.00","totalLiability":"6.00"},"outcomes":{"potWin":"1194.00","potLoss":"-6.00"}},"2522764":{"sid":"2522764","liabilities":{"backBetLiability":"18.00","layBetLiability":"0.00","totalLiability":"18.00"},"outcomes":{"potWin":"2642.00","potLoss":"-18.00"}},"2522766":{"sid":"2522766","liabilities":{"backBetLiability":"22.00","layBetLiability":"0.00","totalLiability":"22.00"},"outcomes":{"potWin":"1116.00","potLoss":"-22.00"}}}
2014-02-08T18:20:39.598Z - crit: <reporting> <addMarketToResults> Braodcasting result: {"orderct":1,"marketId":"1.112778609","suspensiontime":"2014-02-08T18:20:39.388Z","runners":{"3916419":{"outcomes":{"potWin":"2.96","potLoss":"-2.00"},"name":"Do More Business"}}}
2014-02-08T18:20:39.600Z - crit: <reporting> <addMarketToResults> Braodcasting result: {"orderct":260,"marketId":"1.112779052","suspensiontime":"2014-02-08T18:20:39.393Z","runners":{"2521889":{"outcomes":{"potWin":"2166.00","potLoss":"-34.00"},"name":"1 - 2 / 2 - 1"},"2521890":{"outcomes":{"potWin":"1408.00","potLoss":"-22.00"},"name":"1 - 3 / 3 - 1"},"2521891":{"outcomes":{"potWin":"618.00","potLoss":"-22.00"},"name":"2 - 3 / 3 - 2"},"2521892":{"outcomes":{"potWin":"1848.00","potLoss":"-28.00"},"name":"1 - 4 / 4 - 1"},"2521893":{"outcomes":{"potWin":"206.00","potLoss":"-12.00"},"name":"2 - 4 / 4 - 2"},"2521894":{"outcomes":{"potWin":"856.00","potLoss":"-20.00"},"name":"3 - 4 / 4 - 3"},"2521895":{"outcomes":{"potWin":"3508.00","potLoss":"-32.00"},"name":"1 - 5 / 5 - 1"},"2521896":{"outcomes":{"potWin":"384.00","potLoss":"-10.00"},"name":"2 - 5 / 5 - 2"},"2521897":{"outcomes":{"potWin":"1452.00","potLoss":"-28.00"},"name":"3 - 5 / 5 - 3"},"2521898":{"outcomes":{"potWin":"920.00","potLoss":"-20.00"},"name":"4 - 5 / 5 - 4"},"2521899":{"outcomes":{"potWin":"597.00","potLoss":"-32.00"},"name":"1 - 6 / 6 - 1"},"2521900":{"outcomes":{"potWin":"72.60","potLoss":"-10.00"},"name":"2 - 6 / 6 - 2"},"2521901":{"outcomes":{"potWin":"372.00","potLoss":"-24.00"},"name":"3 - 6 / 6 - 3"},"2521902":{"outcomes":{"potWin":"270.00","potLoss":"-34.00"},"name":"4 - 6 / 6 - 4"},"2521903":{"outcomes":{"potWin":"270.00","potLoss":"-16.00"},"name":"5 - 6 / 6 - 5"},"2521914":{"outcomes":{"potWin":"1986.00","potLoss":"-24.00"},"name":"2 - 8 / 8 - 2"},"2521915":{"outcomes":{"potWin":"1004.00","potLoss":"-6.00"},"name":"3 - 8 / 8 - 3"},"2521916":{"outcomes":{"potWin":"5084.00","potLoss":"-36.00"},"name":"4 - 8 / 8 - 4"},"2521918":{"outcomes":{"potWin":"602.00","potLoss":"-14.00"},"name":"6 - 8 / 8 - 6"},"2522762":{"outcomes":{"potWin":"1306.00","potLoss":"-14.00"},"name":"2 - 9 / 9 - 2"},"2522763":{"outcomes":{"potWin":"1194.00","potLoss":"-6.00"},"name":"3 - 9 / 9 - 3"},"2522764":{"outcomes":{"potWin":"2642.00","potLoss":"-18.00"},"name":"4 - 9 / 9 - 4"},"2522766":{"outcomes":{"potWin":"1116.00","potLoss":"-22.00"},"name":"6 - 9 / 9 - 6"}}}
2014-02-08T18:21:34.862Z - crit: <marketfactory> <remove> MID = 1.112768881 (1/0)
